
INFO 	2016-04-06 12:01:53 	[trim_reads_trimmomatic] 	paths to read1 saved to metadata database
INFO 	2016-04-06 12:01:53 	[trim_reads_trimmomatic] 	sequencing type = SE
INFO 	2016-04-06 12:01:53 	[trim_reads_trimmomatic] 	trimming adapter sequences for HiSeq, NextSeq or HiSeq
INFO 	2016-04-06 12:01:53 	[trim_reads_trimmomatic] 	trimming low-quality reads ends using trimmomatic's recommended practices
INFO 	2016-04-06 12:05:47 	[trim_reads_trimmomatic] 	parse step log to extract generated metadata
INFO 	2016-04-06 12:05:47 	[trim_reads_trimmomatic] 	reads after trimming = 14767183
INFO 	2016-04-06 12:06:04 	[trim_reads_trimmomatic] 	trimmomatic parameters and numbe of trimmed reads added to metadata
INFO 	2016-04-06 12:06:04 	[trim_reads_trimmomatic] 	trimmed reads are in /users/GR/mb/jquilez/data/chipseq/samples/gv_026_01_01_chipseq/fastqs_processed/trimmomatic/single_end
TIME 	2016-04-06 12:06:04 	[trim_reads_trimmomatic] 	step time for completion (seconds) = 256

INFO 	2016-04-06 12:06:05 	[align_bwa] 	align single-end reads with BWA
INFO 	2016-04-06 12:06:05 	[align_bwa] 	alignments are converted to BAM, sorted by genomic coordinates and multi-mappings filtered out
[main] Version: 0.7.12-r1039
[main] CMD: /software/mb/el6.3/bwa/bwa-0.7.12/bwa mem -t 8 -M -R @RG\tID:'gv_026_01_01_chipseq'\tLB:'gv_026_01_01_chipseq'\tPL:illumina\tPU:'gv_026_01_01_chipseq'\tSM:'gv_026_01_01_chipseq' -v 0 /users/GR/mb/jquilez/assemblies/homo_sapiens/hg38_mmtv/ucsc/hg38_mmtv.fa /users/GR/mb/jquilez/data/chipseq/samples/gv_026_01_01_chipseq/fastqs_processed/trimmomatic/single_end/gv_026_01_01_chipseq_read1.fastq.gz
[main] Real time: 232.332 sec; CPU: 1616.264 sec
[bam_sort_core] merging from 7 files...
INFO 	2016-04-06 12:13:12 	[align_bwa] 	reads aligned = 14767183
INFO 	2016-04-06 12:13:12 	[align_bwa] 	reads unique = 14199254
INFO 	2016-04-06 12:13:16 	[align_bwa] 	path to genome sequence FASTA and number of (uniquely) aligned reads added to metadata
TIME 	2016-04-06 12:13:19 	[align_bwa] 	step time for completion (seconds) = 434

INFO 	2016-04-06 12:13:20 	[make_tag_directory] 	converting BAM to BED --required for making tag directory
INFO 	2016-04-06 12:13:57 	[make_tag_directory] 	make tag directory with HOMER
INFO 	2016-04-06 12:16:57 	[make_tag_directory] 	parse step log to extract generated metadata
INFO 	2016-04-06 12:16:57 	[make_tag_directory] 	estimated genome size = 3029596004
INFO 	2016-04-06 12:16:57 	[make_tag_directory] 	estimated average read density per bp = 0.004687
INFO 	2016-04-06 12:16:57 	[make_tag_directory] 	total tags = 14199254.0
INFO 	2016-04-06 12:16:57 	[make_tag_directory] 	total_positions = 6521349
INFO 	2016-04-06 12:16:57 	[make_tag_directory] 	avg. tag length = 36.0
INFO 	2016-04-06 12:16:57 	[make_tag_directory] 	median tags per position = 2
INFO 	2016-04-06 12:16:57 	[make_tag_directory] 	avg. tags per position = 2.177
INFO 	2016-04-06 12:16:57 	[make_tag_directory] 	fragment length estimate = 251
INFO 	2016-04-06 12:16:57 	[make_tag_directory] 	peak width estimate = 125
INFO 	2016-04-06 12:16:57 	[make_tag_directory] 	autocorrelation: same strand fold enrichment = 1.1
INFO 	2016-04-06 12:16:57 	[make_tag_directory] 	autocorrelation: diff strand fold enrichment = 1.3
INFO 	2016-04-06 12:16:57 	[make_tag_directory] 	autocorrelation: same-to-diff strand fold enrichment = 0.9
INFO 	2016-04-06 12:16:57 	[make_tag_directory] 	avg. fragment GC% = 42.23
INFO 	2016-04-06 12:16:57 	[make_tag_directory] 	avg. expected GC% = 40.64
INFO 	2016-04-06 12:17:15 	[make_tag_directory] 	ChIP-seq metrics calculated with Homer added to metadata
TIME 	2016-04-06 12:17:15 	[make_tag_directory] 	step time for completion (seconds) = 235

INFO 	2016-04-06 12:17:16 	[make_bigbed] 	make BigBed file
TIME 	2016-04-06 12:17:40 	[make_bigbed] 	step time for completion (seconds) = 24

INFO 	2016-04-06 12:17:41 	[calculate_rpms] 	generate reads pe million profile (RPM) fragment profile
INFO 	2016-04-06 12:17:41 	[calculate_rpms] 	get fragment length estimate (l) as calculated in the 'make_tag_directory' step
INFO 	2016-04-06 12:17:41 	[calculate_rpms] 	fragment length estimate = 251
INFO 	2016-04-06 12:17:41 	[calculate_rpms] 	fragment length correction = 251
INFO 	2016-04-06 12:17:41 	[calculate_rpms] 	the correction will be used if the estimate is not reliable
TIME 	2016-04-06 12:37:54 	[calculate_rpms] 	step time for completion (seconds) = 1213

INFO 	2016-04-06 12:37:55 	[call_peaks] 	Get fragment length estimate (l) as calculated in the 'make_tag_directory' step
INFO 	2016-04-06 12:37:55 	[call_peaks] 	Fragment length (l) is 251 bp (note this is not used if peak caller is zerone)
INFO 	2016-04-06 12:37:55 	[call_peaks] 	Peak calling with MACS2
INFO 	2016-04-06 12:37:55 	[call_peaks] 	genome size for homo_sapiens will be used
INFO 	2016-04-06 12:37:55 	[call_peaks] 	q-value cutoff = 0.05 (default is 0.01)
INFO 	2016-04-06 12:37:55 	[call_peaks] 	--nomodel (MACS2 will not try to model peak length but use l = 251 instead
INFO 	2016-04-06 12:37:55 	[call_peaks] 	--call-summits = MACS reanalyzes the shape of signal profile to deconvolve subpeaks within each peak called
INFO 	2016-04-06 12:37:55 	[call_peaks] 	peak calling with the sample alone (i.e. no input)
INFO 	2016-04-06 12:39:20 	[call_peaks] 	peaks = 221
INFO 	2016-04-06 12:39:29 	[call_peaks] 	peak calling without input DNA as control added to metadata

