
INFO 	2016-03-04 10:30:18 	[trim_reads_trimmomatic] 	paths to read1 saved to metadata database
INFO 	2016-03-04 10:30:18 	[trim_reads_trimmomatic] 	sequencing type = SE
INFO 	2016-03-04 10:30:18 	[trim_reads_trimmomatic] 	trimming adapter sequences for HiSeq, NextSeq or HiSeq
INFO 	2016-03-04 10:30:18 	[trim_reads_trimmomatic] 	trimming low-quality reads ends using trimmomatic's recommended practices
INFO 	2016-03-04 10:52:04 	[trim_reads_trimmomatic] 	parse step log to extract generated metadata
INFO 	2016-03-04 10:52:04 	[trim_reads_trimmomatic] 	reads after trimming = 58940262
INFO 	2016-03-04 10:52:23 	[trim_reads_trimmomatic] 	trimmomatic parameters and numbe of trimmed reads added to metadata
INFO 	2016-03-04 10:52:23 	[trim_reads_trimmomatic] 	trimmed reads are in /users/GR/mb/jquilez/data/chipseq/samples/gv_014_01_01_chipseq/fastqs_processed/trimmomatic/single_end
TIME 	2016-03-04 10:52:23 	[trim_reads_trimmomatic] 	step time for completion (seconds) = 1347

INFO 	2016-03-04 10:52:24 	[align_bwa] 	align single-end reads with BWA
INFO 	2016-03-04 10:52:24 	[align_bwa] 	alignments are converted to BAM, sorted by genomic coordinates and multi-mappings filtered out
[main] Version: 0.7.12-r1039
[main] CMD: /software/mb/el6.3/bwa/bwa-0.7.12/bwa mem -t 8 -M -R @RG\tID:'gv_014_01_01_chipseq'\tLB:'gv_014_01_01_chipseq'\tPL:illumina\tPU:'gv_014_01_01_chipseq'\tSM:'gv_014_01_01_chipseq' -v 0 /users/GR/mb/jquilez/assemblies/homo_sapiens/hg38_mmtv/ucsc/hg38_mmtv.fa /users/GR/mb/jquilez/data/chipseq/samples/gv_014_01_01_chipseq/fastqs_processed/trimmomatic/single_end/gv_014_01_01_chipseq_read1.fastq.gz
[main] Real time: 2388.081 sec; CPU: 18239.094 sec
[bam_sort_core] merging from 27 files...
INFO 	2016-03-04 11:50:27 	[align_bwa] 	reads aligned = 58940431
INFO 	2016-03-04 11:50:27 	[align_bwa] 	reads unique = 46745568
INFO 	2016-03-04 11:50:30 	[align_bwa] 	path to genome sequence FASTA and number of (uniquely) aligned reads added to metadata
TIME 	2016-03-04 11:50:40 	[align_bwa] 	step time for completion (seconds) = 3496

INFO 	2016-03-04 11:50:41 	[make_tag_directory] 	converting BAM to BED --required for making tag directory
INFO 	2016-03-04 11:52:42 	[make_tag_directory] 	make tag directory with HOMER
INFO 	2016-03-04 12:01:43 	[make_tag_directory] 	parse step log to extract generated metadata
INFO 	2016-03-04 12:01:43 	[make_tag_directory] 	estimated genome size = 3030102727
INFO 	2016-03-04 12:01:43 	[make_tag_directory] 	estimated average read density per bp = 0.015427
INFO 	2016-03-04 12:01:43 	[make_tag_directory] 	total tags = 46745568.0
INFO 	2016-03-04 12:01:43 	[make_tag_directory] 	total_positions = 45654209
INFO 	2016-03-04 12:01:43 	[make_tag_directory] 	avg. tag length = 49.2
INFO 	2016-03-04 12:01:43 	[make_tag_directory] 	median tags per position = 1
INFO 	2016-03-04 12:01:43 	[make_tag_directory] 	avg. tags per position = 1.024
INFO 	2016-03-04 12:01:43 	[make_tag_directory] 	fragment length estimate = 104
INFO 	2016-03-04 12:01:43 	[make_tag_directory] 	peak width estimate = 22
INFO 	2016-03-04 12:01:43 	[make_tag_directory] 	autocorrelation: same strand fold enrichment = 1.1
INFO 	2016-03-04 12:01:43 	[make_tag_directory] 	autocorrelation: diff strand fold enrichment = 1.1
INFO 	2016-03-04 12:01:43 	[make_tag_directory] 	autocorrelation: same-to-diff strand fold enrichment = 1.0
INFO 	2016-03-04 12:01:43 	[make_tag_directory] 	avg. fragment GC% = 39.33
INFO 	2016-03-04 12:01:43 	[make_tag_directory] 	avg. expected GC% = 40.31
INFO 	2016-03-04 12:01:54 	[make_tag_directory] 	ChIP-seq metrics calculated with Homer added to metadata
TIME 	2016-03-04 12:01:54 	[make_tag_directory] 	step time for completion (seconds) = 673

INFO 	2016-03-04 12:01:55 	[make_bigbed] 	make BigBed file
TIME 	2016-03-04 12:03:48 	[make_bigbed] 	step time for completion (seconds) = 113

INFO 	2016-03-04 12:03:49 	[calculate_rpms] 	generate reads pe million profile (RPM) fragment profile
INFO 	2016-03-04 12:03:49 	[calculate_rpms] 	get fragment length estimate (l) as calculated in the 'make_tag_directory' step
INFO 	2016-03-04 12:03:49 	[calculate_rpms] 	fragment length estimate = 104
INFO 	2016-03-04 12:03:49 	[calculate_rpms] 	fragment length correction = 104
INFO 	2016-03-04 12:03:49 	[calculate_rpms] 	the correction will be used if the estimate is not reliable
TIME 	2016-03-04 12:47:33 	[calculate_rpms] 	step time for completion (seconds) = 2624

INFO 	2016-03-04 12:47:35 	[call_peaks] 	Get fragment length estimate (l) as calculated in the 'make_tag_directory' step
INFO 	2016-03-04 12:47:35 	[call_peaks] 	Fragment length (l) is 104 bp (note this is not used if peak caller is zerone)
INFO 	2016-03-04 12:47:35 	[call_peaks] 	Peak calling with MACS2
INFO 	2016-03-04 12:47:35 	[call_peaks] 	genome size for homo_sapiens will be used
INFO 	2016-03-04 12:47:35 	[call_peaks] 	q-value cutoff =  (default is 0.01)
INFO 	2016-03-04 12:47:35 	[call_peaks] 	--nomodel (MACS2 will not try to model peak length but use l = 104 instead
INFO 	2016-03-04 12:47:35 	[call_peaks] 	--call-summits = MACS reanalyzes the shape of signal profile to deconvolve subpeaks within each peak called
INFO 	2016-03-04 12:47:35 	[call_peaks] 	peak calling with the sample alone (i.e. no input)
INFO 	2016-03-04 12:53:55 	[call_peaks] 	peaks = 819
INFO 	2016-03-04 12:54:04 	[call_peaks] 	peak calling without input DNA as control added to metadata

