Traceback (most recent call last):
  File "/usr/lib64/python2.6/logging/handlers.py", line 77, in emit
    self.doRollover()
  File "/usr/lib64/python2.6/logging/handlers.py", line 133, in doRollover
    os.remove(dfn)
OSError: [Errno 2] No such file or directory: '/software/mb/el6.3/python/envs/.virtualenvs/hook.log.1'
Error in atexit._run_exitfuncs:
Traceback (most recent call last):
  File "/usr/lib64/python2.6/atexit.py", line 24, in _run_exitfuncs
    func(*targs, **kargs)
  File "/usr/lib64/python2.6/logging/__init__.py", line 1524, in shutdown
    h.flush()
  File "/usr/lib64/python2.6/logging/__init__.py", line 770, in flush
    self.stream.flush()
ValueError: I/O operation on closed file
Error in sys.exitfunc:
Traceback (most recent call last):
  File "/usr/lib64/python2.6/atexit.py", line 24, in _run_exitfuncs
    func(*targs, **kargs)
  File "/usr/lib64/python2.6/logging/__init__.py", line 1524, in shutdown
    h.flush()
  File "/usr/lib64/python2.6/logging/__init__.py", line 770, in flush
    self.stream.flush()
ValueError: I/O operation on closed file

INFO 	2016-03-14 14:22:07 	[add_to_metadata] 	-t <table>, -s <sample_id>, -u <time_stamp> -a <attribute> and or -v <value> are not provided; exiting...
INFO 	2016-03-14 14:22:07 	[add_to_metadata] 	t=chipseq s=gv_003_01_01_chipseq u=2016-03-14-14-21 a=PATH_JOB_FILE v=
INFO 	2016-03-14 14:22:07 	[call_peaks] 	Get fragment length estimate (l) as calculated in the 'make_tag_directory' step
INFO 	2016-03-14 14:22:07 	[call_peaks] 	Fragment length (l) is 204 bp (note this is not used if peak caller is zerone)
INFO 	2016-03-14 14:22:07 	[call_peaks] 	peak calling with zerone
INFO 	2016-03-14 14:22:07 	[call_peaks] 	peak calling with input DNA (/users/GR/mb/jquilez/data/chipseq/samples/gv_007_01_01_chipseq/alignments/bwa/hg38_mmtv/single_end/gv_007_01_01_chipseq_sorted_unique.bam) as control
INFO 	2016-03-14 14:22:07 	[call_peaks] 	making discretization
INFO 	2016-03-14 14:26:35 	[call_peaks] 	making discretization only printing enriched regions
INFO 	2016-03-14 14:30:41 	[call_peaks] 	peaks = 85381
INFO 	2016-03-14 14:30:46 	[call_peaks] 	peak calling with input DNA as control added to metadata
/usr/share/univage/soldierantcluster/spool/node-hp0213/job_scripts/2053041: line 716: /users/GR/mb/jquilez/data/chipseq/samples/gv_003_01_01_chipseq/checksums/hg38_mmtv/2016-03-14-14-21/files_checksums.sha: No such file or directory
/usr/share/univage/soldierantcluster/spool/node-hp0213/job_scripts/2053041: line 717: /users/GR/mb/jquilez/data/chipseq/samples/gv_003_01_01_chipseq/checksums/hg38_mmtv/2016-03-14-14-21/files_checksums.sha: No such file or directory

