
INFO 	2016-03-03 14:39:29 	[trim_reads_trimmomatic] 	sequencing type = PE
INFO 	2016-03-03 14:39:29 	[trim_reads_trimmomatic] 	trimming adapter sequences for HiSeq, NextSeq or HiSeq
INFO 	2016-03-03 14:39:29 	[trim_reads_trimmomatic] 	trimming low-quality reads ends using trimmomatic's recommended practices
INFO 	2016-03-03 14:39:32 	[trim_reads_trimmomatic] 	parse step log to extract generated metadata
INFO 	2016-03-03 14:39:32 	[trim_reads_trimmomatic] 	reads after trimming = 71560
INFO 	2016-03-03 14:39:32 	[trim_reads_trimmomatic] 	trimmed reads are in /users/GR/mb/jquilez/data/atacseq/samples/SRR1779776/fastqs_processed/trimmomatic/paired_end
INFO 	2016-03-03 14:39:32 	[trim_reads_trimmomatic] 	unpaired reads are deleted
TIME 	2016-03-03 14:39:32 	[trim_reads_trimmomatic] 	step time for completion (seconds) = 3

INFO 	2016-03-03 14:39:32 	[align_bwa] 	align single-end reads with BWA
INFO 	2016-03-03 14:39:32 	[align_bwa] 	alignments are converted to BAM, sorted by genomic coordinates and multi-mappings filtered out
[M::mem_pestat] analyzing insert size distribution for orientation FF...
[M::mem_pestat] (25, 50, 75) percentile: (69, 124, 188)
[M::mem_pestat] low and high boundaries for computing mean and std.dev: (1, 426)
[M::mem_pestat] mean and std.dev: (121.83, 73.99)
[M::mem_pestat] low and high boundaries for proper pairs: (1, 545)
[M::mem_pestat] analyzing insert size distribution for orientation FR...
[M::mem_pestat] (25, 50, 75) percentile: (67, 119, 228)
[M::mem_pestat] low and high boundaries for computing mean and std.dev: (1, 550)
[M::mem_pestat] mean and std.dev: (155.50, 115.32)
[M::mem_pestat] low and high boundaries for proper pairs: (1, 711)
[M::mem_pestat] skip orientation RF as there are not enough pairs
[M::mem_pestat] analyzing insert size distribution for orientation RR...
[M::mem_pestat] (25, 50, 75) percentile: (131, 173, 185)
[M::mem_pestat] low and high boundaries for computing mean and std.dev: (23, 293)
[M::mem_pestat] mean and std.dev: (144.44, 61.67)
[M::mem_pestat] low and high boundaries for proper pairs: (1, 347)
[M::mem_pestat] skip orientation FF
[M::mem_pestat] skip orientation RR
[main] Version: 0.7.12-r1039
[main] CMD: /software/mb/el6.3/bwa/bwa-0.7.12/bwa mem -t 8 -M -R @RG\tID:'SRR1779776'\tLB:'SRR1779776'\tPL:illumina\tPU:'SRR1779776'\tSM:'SRR1779776' -v 0 /users/GR/mb/jquilez/assemblies/homo_sapiens/hg19/ucsc/hg19.fa /users/GR/mb/jquilez/data/atacseq/samples/SRR1779776/fastqs_processed/trimmomatic/paired_end/SRR1779776_read1.fastq.gz /users/GR/mb/jquilez/data/atacseq/samples/SRR1779776/fastqs_processed/trimmomatic/paired_end/SRR1779776_read2.fastq.gz
[main] Real time: 62.354 sec; CPU: 20.793 sec
INFO 	2016-03-03 14:40:36 	[align_bwa] 	reads aligned = 143120
INFO 	2016-03-03 14:40:36 	[align_bwa] 	reads unique = 31146
TIME 	2016-03-03 14:40:36 	[align_bwa] 	step time for completion (seconds) = 64

INFO 	2016-03-03 14:40:36 	[make_tag_directory] 	converting BAM to BED --required for making tag directory
INFO 	2016-03-03 14:40:36 	[make_tag_directory] 	make tag directory with HOMER
INFO 	2016-03-03 14:42:09 	[make_tag_directory] 	parse step log to extract generated metadata
INFO 	2016-03-03 14:42:09 	[make_tag_directory] 	estimated genome size = 3024154995
INFO 	2016-03-03 14:42:09 	[make_tag_directory] 	estimated average read density per bp = 0.000010
INFO 	2016-03-03 14:42:09 	[make_tag_directory] 	total tags = 31146.0
INFO 	2016-03-03 14:42:09 	[make_tag_directory] 	total_positions = 21546
INFO 	2016-03-03 14:42:09 	[make_tag_directory] 	avg. tag length = 46.0
INFO 	2016-03-03 14:42:09 	[make_tag_directory] 	median tags per position = 1
INFO 	2016-03-03 14:42:09 	[make_tag_directory] 	avg. tags per position = 1.446
INFO 	2016-03-03 14:42:09 	[make_tag_directory] 	fragment length estimate = 51
INFO 	2016-03-03 14:42:09 	[make_tag_directory] 	peak width estimate = 133
INFO 	2016-03-03 14:42:09 	[make_tag_directory] 	autocorrelation: same strand fold enrichment = 1.5
INFO 	2016-03-03 14:42:09 	[make_tag_directory] 	autocorrelation: diff strand fold enrichment = 1.5
INFO 	2016-03-03 14:42:09 	[make_tag_directory] 	autocorrelation: same-to-diff strand fold enrichment = 1.0
INFO 	2016-03-03 14:42:09 	[make_tag_directory] 	avg. fragment GC% = 45.38
INFO 	2016-03-03 14:42:09 	[make_tag_directory] 	avg. expected GC% = 39.75
TIME 	2016-03-03 14:42:09 	[make_tag_directory] 	step time for completion (seconds) = 93

INFO 	2016-03-03 14:42:09 	[make_bigbed] 	make BigBed file
TIME 	2016-03-03 14:42:09 	[make_bigbed] 	step time for completion (seconds) = 0

INFO 	2016-03-03 14:42:09 	[calculate_rpms] 	generate reads pe million profile (RPM) fragment profile
INFO 	2016-03-03 14:42:09 	[calculate_rpms] 	get fragment length estimate (l) as calculated in the 'make_tag_directory' step
INFO 	2016-03-03 14:42:09 	[calculate_rpms] 	fragment length estimate = 51
INFO 	2016-03-03 14:42:09 	[calculate_rpms] 	fragment length correction = 51
INFO 	2016-03-03 14:42:09 	[calculate_rpms] 	the correction will be used if the estimate is not reliable
TIME 	2016-03-03 14:52:31 	[calculate_rpms] 	step time for completion (seconds) = 622

INFO 	2016-03-03 14:52:31 	[call_peaks] 	Get fragment length estimate (l) as calculated in the 'make_tag_directory' step
INFO 	2016-03-03 14:52:31 	[call_peaks] 	Fragment length (l) is 51 bp (note this is not used if peak caller is zerone)
INFO 	2016-03-03 14:52:31 	[call_peaks] 	Peak calling with MACS2
INFO 	2016-03-03 14:52:31 	[call_peaks] 	genome size for homo_sapiens will be used
INFO 	2016-03-03 14:52:31 	[call_peaks] 	q-value cutoff =  (default is 0.01)
INFO 	2016-03-03 14:52:31 	[call_peaks] 	--nomodel (MACS2 will not try to model peak length but use l = 51 instead
INFO 	2016-03-03 14:52:31 	[call_peaks] 	--call-summits = MACS reanalyzes the shape of signal profile to deconvolve subpeaks within each peak called
INFO 	2016-03-03 14:52:31 	[call_peaks] 	peak calling with the sample alone (i.e. no input)
INFO 	2016-03-03 14:52:32 	[call_peaks] 	peaks = 5

