Traceback (most recent call last):
  File "/usr/lib64/python2.6/logging/handlers.py", line 77, in emit
    self.doRollover()
  File "/usr/lib64/python2.6/logging/handlers.py", line 133, in doRollover
    os.remove(dfn)
OSError: [Errno 2] No such file or directory: '/software/mb/el6.3/python/envs/.virtualenvs/hook.log.1'
Error in atexit._run_exitfuncs:
Traceback (most recent call last):
  File "/usr/lib64/python2.6/atexit.py", line 24, in _run_exitfuncs
    func(*targs, **kargs)
  File "/usr/lib64/python2.6/logging/__init__.py", line 1524, in shutdown
    h.flush()
  File "/usr/lib64/python2.6/logging/__init__.py", line 770, in flush
    self.stream.flush()
ValueError: I/O operation on closed file
Error in sys.exitfunc:
Traceback (most recent call last):
  File "/usr/lib64/python2.6/atexit.py", line 24, in _run_exitfuncs
    func(*targs, **kargs)
  File "/usr/lib64/python2.6/logging/__init__.py", line 1524, in shutdown
    h.flush()
  File "/usr/lib64/python2.6/logging/__init__.py", line 770, in flush
    self.stream.flush()
ValueError: I/O operation on closed file
Traceback (most recent call last):
  File "/usr/lib64/python2.6/logging/__init__.py", line 808, in emit
    self.flush()
  File "/usr/lib64/python2.6/logging/__init__.py", line 770, in flush
    self.stream.flush()
IOError: [Errno 116] Stale file handle

INFO 	2016-03-03 14:39:21 	[trim_reads_trimmomatic] 	sequencing type = PE
INFO 	2016-03-03 14:39:21 	[trim_reads_trimmomatic] 	trimming adapter sequences for HiSeq, NextSeq or HiSeq
INFO 	2016-03-03 14:39:21 	[trim_reads_trimmomatic] 	trimming low-quality reads ends using trimmomatic's recommended practices
INFO 	2016-03-03 14:39:26 	[trim_reads_trimmomatic] 	parse step log to extract generated metadata
INFO 	2016-03-03 14:39:26 	[trim_reads_trimmomatic] 	reads after trimming = 150575
INFO 	2016-03-03 14:39:26 	[trim_reads_trimmomatic] 	trimmed reads are in /users/GR/mb/jquilez/data/atacseq/samples/SRR1779717/fastqs_processed/trimmomatic/paired_end
INFO 	2016-03-03 14:39:26 	[trim_reads_trimmomatic] 	unpaired reads are deleted
TIME 	2016-03-03 14:39:26 	[trim_reads_trimmomatic] 	step time for completion (seconds) = 5

INFO 	2016-03-03 14:39:26 	[align_bwa] 	align single-end reads with BWA
INFO 	2016-03-03 14:39:26 	[align_bwa] 	alignments are converted to BAM, sorted by genomic coordinates and multi-mappings filtered out
[M::mem_pestat] analyzing insert size distribution for orientation FF...
[M::mem_pestat] (25, 50, 75) percentile: (133, 135, 222)
[M::mem_pestat] low and high boundaries for computing mean and std.dev: (1, 400)
[M::mem_pestat] mean and std.dev: (151.53, 58.66)
[M::mem_pestat] low and high boundaries for proper pairs: (1, 489)
[M::mem_pestat] analyzing insert size distribution for orientation FR...
[M::mem_pestat] (25, 50, 75) percentile: (60, 104, 214)
[M::mem_pestat] low and high boundaries for computing mean and std.dev: (1, 522)
[M::mem_pestat] mean and std.dev: (142.65, 108.56)
[M::mem_pestat] low and high boundaries for proper pairs: (1, 676)
[M::mem_pestat] skip orientation RF as there are not enough pairs
[M::mem_pestat] analyzing insert size distribution for orientation RR...
[M::mem_pestat] (25, 50, 75) percentile: (64, 121, 224)
[M::mem_pestat] low and high boundaries for computing mean and std.dev: (1, 544)
[M::mem_pestat] mean and std.dev: (131.64, 82.76)
[M::mem_pestat] low and high boundaries for proper pairs: (1, 704)
[M::mem_pestat] skip orientation FF
[M::mem_pestat] skip orientation RR
[main] Version: 0.7.12-r1039
[main] CMD: /software/mb/el6.3/bwa/bwa-0.7.12/bwa mem -t 8 -M -R @RG\tID:'SRR1779717'\tLB:'SRR1779717'\tPL:illumina\tPU:'SRR1779717'\tSM:'SRR1779717' -v 0 /users/GR/mb/jquilez/assemblies/homo_sapiens/hg19/ucsc/hg19.fa /users/GR/mb/jquilez/data/atacseq/samples/SRR1779717/fastqs_processed/trimmomatic/paired_end/SRR1779717_read1.fastq.gz /users/GR/mb/jquilez/data/atacseq/samples/SRR1779717/fastqs_processed/trimmomatic/paired_end/SRR1779717_read2.fastq.gz
[main] Real time: 107.896 sec; CPU: 49.710 sec
INFO 	2016-03-03 14:41:18 	[align_bwa] 	reads aligned = 301150
INFO 	2016-03-03 14:41:18 	[align_bwa] 	reads unique = 169620
TIME 	2016-03-03 14:41:18 	[align_bwa] 	step time for completion (seconds) = 112

INFO 	2016-03-03 14:41:18 	[make_tag_directory] 	converting BAM to BED --required for making tag directory
INFO 	2016-03-03 14:41:19 	[make_tag_directory] 	make tag directory with HOMER
INFO 	2016-03-03 14:42:55 	[make_tag_directory] 	parse step log to extract generated metadata
INFO 	2016-03-03 14:42:55 	[make_tag_directory] 	estimated genome size = 3031598542
INFO 	2016-03-03 14:42:55 	[make_tag_directory] 	estimated average read density per bp = 0.000056
INFO 	2016-03-03 14:42:55 	[make_tag_directory] 	total tags = 169620.0
INFO 	2016-03-03 14:42:55 	[make_tag_directory] 	total_positions = 89544
INFO 	2016-03-03 14:42:55 	[make_tag_directory] 	avg. tag length = 45.8
INFO 	2016-03-03 14:42:55 	[make_tag_directory] 	median tags per position = 1
INFO 	2016-03-03 14:42:55 	[make_tag_directory] 	avg. tags per position = 1.894
INFO 	2016-03-03 14:42:55 	[make_tag_directory] 	fragment length estimate = 92
INFO 	2016-03-03 14:42:55 	[make_tag_directory] 	peak width estimate = 95
INFO 	2016-03-03 14:42:55 	[make_tag_directory] 	autocorrelation: same strand fold enrichment = 1.3
INFO 	2016-03-03 14:42:55 	[make_tag_directory] 	autocorrelation: diff strand fold enrichment = 1.4
INFO 	2016-03-03 14:42:55 	[make_tag_directory] 	autocorrelation: same-to-diff strand fold enrichment = 1.0
INFO 	2016-03-03 14:42:55 	[make_tag_directory] 	avg. fragment GC% = 45.16
INFO 	2016-03-03 14:42:55 	[make_tag_directory] 	avg. expected GC% = 40.27
TIME 	2016-03-03 14:42:55 	[make_tag_directory] 	step time for completion (seconds) = 97

INFO 	2016-03-03 14:42:55 	[make_bigbed] 	make BigBed file
TIME 	2016-03-03 14:42:56 	[make_bigbed] 	step time for completion (seconds) = 1

INFO 	2016-03-03 14:42:56 	[calculate_rpms] 	generate reads pe million profile (RPM) fragment profile
INFO 	2016-03-03 14:42:56 	[calculate_rpms] 	get fragment length estimate (l) as calculated in the 'make_tag_directory' step
INFO 	2016-03-03 14:42:56 	[calculate_rpms] 	fragment length estimate = 92
INFO 	2016-03-03 14:42:56 	[calculate_rpms] 	fragment length correction = 92
INFO 	2016-03-03 14:42:56 	[calculate_rpms] 	the correction will be used if the estimate is not reliable
TIME 	2016-03-03 14:53:35 	[calculate_rpms] 	step time for completion (seconds) = 639

INFO 	2016-03-03 14:53:35 	[call_peaks] 	Get fragment length estimate (l) as calculated in the 'make_tag_directory' step
INFO 	2016-03-03 14:53:35 	[call_peaks] 	Fragment length (l) is 92 bp (note this is not used if peak caller is zerone)
INFO 	2016-03-03 14:53:35 	[call_peaks] 	Peak calling with MACS2
INFO 	2016-03-03 14:53:35 	[call_peaks] 	genome size for homo_sapiens will be used
INFO 	2016-03-03 14:53:35 	[call_peaks] 	q-value cutoff =  (default is 0.01)
INFO 	2016-03-03 14:53:35 	[call_peaks] 	--nomodel (MACS2 will not try to model peak length but use l = 92 instead
INFO 	2016-03-03 14:53:35 	[call_peaks] 	--call-summits = MACS reanalyzes the shape of signal profile to deconvolve subpeaks within each peak called
INFO 	2016-03-03 14:53:35 	[call_peaks] 	peak calling with the sample alone (i.e. no input)
INFO 	2016-03-03 14:53:37 	[call_peaks] 	peaks = 99

