Traceback (most recent call last):
  File "/usr/lib64/python2.6/logging/handlers.py", line 77, in emit
    self.doRollover()
  File "/usr/lib64/python2.6/logging/handlers.py", line 121, in doRollover
    self.stream.close()
IOError: [Errno 116] Stale file handle
Error in atexit._run_exitfuncs:
Traceback (most recent call last):
  File "/usr/lib64/python2.6/atexit.py", line 24, in _run_exitfuncs
    func(*targs, **kargs)
  File "/usr/lib64/python2.6/logging/__init__.py", line 1524, in shutdown
    h.flush()
  File "/usr/lib64/python2.6/logging/__init__.py", line 770, in flush
    self.stream.flush()
ValueError: I/O operation on closed file
Error in sys.exitfunc:
Traceback (most recent call last):
  File "/usr/lib64/python2.6/atexit.py", line 24, in _run_exitfuncs
    func(*targs, **kargs)
  File "/usr/lib64/python2.6/logging/__init__.py", line 1524, in shutdown
    h.flush()
  File "/usr/lib64/python2.6/logging/__init__.py", line 770, in flush
    self.stream.flush()
ValueError: I/O operation on closed file

INFO 	2016-03-03 14:39:21 	[trim_reads_trimmomatic] 	sequencing type = PE
INFO 	2016-03-03 14:39:21 	[trim_reads_trimmomatic] 	trimming adapter sequences for HiSeq, NextSeq or HiSeq
INFO 	2016-03-03 14:39:21 	[trim_reads_trimmomatic] 	trimming low-quality reads ends using trimmomatic's recommended practices
INFO 	2016-03-03 14:39:23 	[trim_reads_trimmomatic] 	parse step log to extract generated metadata
INFO 	2016-03-03 14:39:23 	[trim_reads_trimmomatic] 	reads after trimming = 5910
INFO 	2016-03-03 14:39:23 	[trim_reads_trimmomatic] 	trimmed reads are in /users/GR/mb/jquilez/data/atacseq/samples/SRR1779706/fastqs_processed/trimmomatic/paired_end
INFO 	2016-03-03 14:39:23 	[trim_reads_trimmomatic] 	unpaired reads are deleted
TIME 	2016-03-03 14:39:23 	[trim_reads_trimmomatic] 	step time for completion (seconds) = 2

INFO 	2016-03-03 14:39:23 	[align_bwa] 	align single-end reads with BWA
INFO 	2016-03-03 14:39:23 	[align_bwa] 	alignments are converted to BAM, sorted by genomic coordinates and multi-mappings filtered out
[M::mem_pestat] skip orientation FF as there are not enough pairs
[M::mem_pestat] analyzing insert size distribution for orientation FR...
[M::mem_pestat] (25, 50, 75) percentile: (160, 235, 354)
[M::mem_pestat] low and high boundaries for computing mean and std.dev: (1, 742)
[M::mem_pestat] mean and std.dev: (262.08, 143.36)
[M::mem_pestat] low and high boundaries for proper pairs: (1, 936)
[M::mem_pestat] skip orientation RF as there are not enough pairs
[M::mem_pestat] skip orientation RR as there are not enough pairs
[main] Version: 0.7.12-r1039
[main] CMD: /software/mb/el6.3/bwa/bwa-0.7.12/bwa mem -t 8 -M -R @RG\tID:'SRR1779706'\tLB:'SRR1779706'\tPL:illumina\tPU:'SRR1779706'\tSM:'SRR1779706' -v 0 /users/GR/mb/jquilez/assemblies/homo_sapiens/hg19/ucsc/hg19.fa /users/GR/mb/jquilez/data/atacseq/samples/SRR1779706/fastqs_processed/trimmomatic/paired_end/SRR1779706_read1.fastq.gz /users/GR/mb/jquilez/data/atacseq/samples/SRR1779706/fastqs_processed/trimmomatic/paired_end/SRR1779706_read2.fastq.gz
[main] Real time: 80.411 sec; CPU: 19.901 sec
INFO 	2016-03-03 14:40:44 	[align_bwa] 	reads aligned = 11820
INFO 	2016-03-03 14:40:44 	[align_bwa] 	reads unique = 7257
TIME 	2016-03-03 14:40:44 	[align_bwa] 	step time for completion (seconds) = 81

INFO 	2016-03-03 14:40:44 	[make_tag_directory] 	converting BAM to BED --required for making tag directory
INFO 	2016-03-03 14:40:44 	[make_tag_directory] 	make tag directory with HOMER
INFO 	2016-03-03 14:42:23 	[make_tag_directory] 	parse step log to extract generated metadata
INFO 	2016-03-03 14:42:23 	[make_tag_directory] 	estimated genome size = 2987373618
INFO 	2016-03-03 14:42:23 	[make_tag_directory] 	estimated average read density per bp = 0.000002
INFO 	2016-03-03 14:42:23 	[make_tag_directory] 	total tags = 7257.0
INFO 	2016-03-03 14:42:23 	[make_tag_directory] 	total_positions = 6191
INFO 	2016-03-03 14:42:23 	[make_tag_directory] 	avg. tag length = 46.7
INFO 	2016-03-03 14:42:23 	[make_tag_directory] 	median tags per position = 1
INFO 	2016-03-03 14:42:23 	[make_tag_directory] 	avg. tags per position = 1.172
INFO 	2016-03-03 14:42:23 	[make_tag_directory] 	fragment length estimate = 200
INFO 	2016-03-03 14:42:23 	[make_tag_directory] 	peak width estimate = 129
INFO 	2016-03-03 14:42:23 	[make_tag_directory] 	autocorrelation: same strand fold enrichment = 1.3
INFO 	2016-03-03 14:42:23 	[make_tag_directory] 	autocorrelation: diff strand fold enrichment = 1.4
INFO 	2016-03-03 14:42:23 	[make_tag_directory] 	autocorrelation: same-to-diff strand fold enrichment = 1.0
INFO 	2016-03-03 14:42:23 	[make_tag_directory] 	avg. fragment GC% = 43.40
INFO 	2016-03-03 14:42:23 	[make_tag_directory] 	avg. expected GC% = 40.62
TIME 	2016-03-03 14:42:23 	[make_tag_directory] 	step time for completion (seconds) = 99

INFO 	2016-03-03 14:42:23 	[make_bigbed] 	make BigBed file
TIME 	2016-03-03 14:42:24 	[make_bigbed] 	step time for completion (seconds) = 1

INFO 	2016-03-03 14:42:24 	[calculate_rpms] 	generate reads pe million profile (RPM) fragment profile
INFO 	2016-03-03 14:42:24 	[calculate_rpms] 	get fragment length estimate (l) as calculated in the 'make_tag_directory' step
INFO 	2016-03-03 14:42:24 	[calculate_rpms] 	fragment length estimate = 200
INFO 	2016-03-03 14:42:24 	[calculate_rpms] 	fragment length correction = 200
INFO 	2016-03-03 14:42:24 	[calculate_rpms] 	the correction will be used if the estimate is not reliable
TIME 	2016-03-03 14:52:51 	[calculate_rpms] 	step time for completion (seconds) = 627

INFO 	2016-03-03 14:52:51 	[call_peaks] 	Get fragment length estimate (l) as calculated in the 'make_tag_directory' step
INFO 	2016-03-03 14:52:51 	[call_peaks] 	Fragment length (l) is 200 bp (note this is not used if peak caller is zerone)
INFO 	2016-03-03 14:52:51 	[call_peaks] 	Peak calling with MACS2
INFO 	2016-03-03 14:52:51 	[call_peaks] 	genome size for homo_sapiens will be used
INFO 	2016-03-03 14:52:51 	[call_peaks] 	q-value cutoff =  (default is 0.01)
INFO 	2016-03-03 14:52:51 	[call_peaks] 	--nomodel (MACS2 will not try to model peak length but use l = 200 instead
INFO 	2016-03-03 14:52:51 	[call_peaks] 	--call-summits = MACS reanalyzes the shape of signal profile to deconvolve subpeaks within each peak called
INFO 	2016-03-03 14:52:51 	[call_peaks] 	peak calling with the sample alone (i.e. no input)
INFO 	2016-03-03 14:52:53 	[call_peaks] 	peaks = 1

