Traceback (most recent call last):
  File "/usr/lib64/python2.6/logging/handlers.py", line 77, in emit
    self.doRollover()
  File "/usr/lib64/python2.6/logging/handlers.py", line 134, in doRollover
    os.rename(self.baseFilename, dfn)
OSError: [Errno 2] No such file or directory
Traceback (most recent call last):
  File "/usr/lib64/python2.6/logging/handlers.py", line 76, in emit
    if self.shouldRollover(record):
  File "/usr/lib64/python2.6/logging/handlers.py", line 150, in shouldRollover
    self.stream.seek(0, 2)  #due to non-posix-compliant Windows feature
ValueError: I/O operation on closed file
Traceback (most recent call last):
  File "/usr/lib64/python2.6/logging/handlers.py", line 76, in emit
    if self.shouldRollover(record):
  File "/usr/lib64/python2.6/logging/handlers.py", line 150, in shouldRollover
    self.stream.seek(0, 2)  #due to non-posix-compliant Windows feature
ValueError: I/O operation on closed file
Traceback (most recent call last):
  File "/usr/lib64/python2.6/logging/handlers.py", line 76, in emit
    if self.shouldRollover(record):
  File "/usr/lib64/python2.6/logging/handlers.py", line 150, in shouldRollover
    self.stream.seek(0, 2)  #due to non-posix-compliant Windows feature
ValueError: I/O operation on closed file
Traceback (most recent call last):
  File "/usr/lib64/python2.6/logging/handlers.py", line 76, in emit
    if self.shouldRollover(record):
  File "/usr/lib64/python2.6/logging/handlers.py", line 150, in shouldRollover
    self.stream.seek(0, 2)  #due to non-posix-compliant Windows feature
ValueError: I/O operation on closed file
Error in atexit._run_exitfuncs:
Traceback (most recent call last):
  File "/usr/lib64/python2.6/atexit.py", line 24, in _run_exitfuncs
    func(*targs, **kargs)
  File "/usr/lib64/python2.6/logging/__init__.py", line 1524, in shutdown
    h.flush()
  File "/usr/lib64/python2.6/logging/__init__.py", line 770, in flush
    self.stream.flush()
ValueError: I/O operation on closed file
Error in sys.exitfunc:
Traceback (most recent call last):
  File "/usr/lib64/python2.6/atexit.py", line 24, in _run_exitfuncs
    func(*targs, **kargs)
  File "/usr/lib64/python2.6/logging/__init__.py", line 1524, in shutdown
    h.flush()
  File "/usr/lib64/python2.6/logging/__init__.py", line 770, in flush
    self.stream.flush()
ValueError: I/O operation on closed file
Traceback (most recent call last):
  File "/usr/lib64/python2.6/logging/__init__.py", line 808, in emit
    self.flush()
  File "/usr/lib64/python2.6/logging/__init__.py", line 770, in flush
    self.stream.flush()
IOError: [Errno 116] Stale file handle
Error in atexit._run_exitfuncs:
Traceback (most recent call last):
  File "/usr/lib64/python2.6/atexit.py", line 24, in _run_exitfuncs
    func(*targs, **kargs)
  File "/usr/lib64/python2.6/logging/__init__.py", line 1525, in shutdown
    h.close()
  File "/usr/lib64/python2.6/logging/__init__.py", line 844, in close
    self.stream.close()
IOError: [Errno 116] Stale file handle
Error in sys.exitfunc:
Traceback (most recent call last):
  File "/usr/lib64/python2.6/atexit.py", line 24, in _run_exitfuncs
    func(*targs, **kargs)
  File "/usr/lib64/python2.6/logging/__init__.py", line 1525, in shutdown
    h.close()
  File "/usr/lib64/python2.6/logging/__init__.py", line 844, in close
    self.stream.close()
IOError: [Errno 116] Stale file handle

INFO 	2016-03-03 14:39:22 	[trim_reads_trimmomatic] 	sequencing type = PE
INFO 	2016-03-03 14:39:22 	[trim_reads_trimmomatic] 	trimming adapter sequences for HiSeq, NextSeq or HiSeq
INFO 	2016-03-03 14:39:22 	[trim_reads_trimmomatic] 	trimming low-quality reads ends using trimmomatic's recommended practices
INFO 	2016-03-03 14:39:31 	[trim_reads_trimmomatic] 	parse step log to extract generated metadata
INFO 	2016-03-03 14:39:31 	[trim_reads_trimmomatic] 	reads after trimming = 348764
INFO 	2016-03-03 14:39:31 	[trim_reads_trimmomatic] 	trimmed reads are in /users/GR/mb/jquilez/data/atacseq/samples/SRR1779689/fastqs_processed/trimmomatic/paired_end
INFO 	2016-03-03 14:39:31 	[trim_reads_trimmomatic] 	unpaired reads are deleted
TIME 	2016-03-03 14:39:31 	[trim_reads_trimmomatic] 	step time for completion (seconds) = 11

INFO 	2016-03-03 14:39:31 	[align_bwa] 	align single-end reads with BWA
INFO 	2016-03-03 14:39:31 	[align_bwa] 	alignments are converted to BAM, sorted by genomic coordinates and multi-mappings filtered out
[M::mem_pestat] analyzing insert size distribution for orientation FF...
[M::mem_pestat] (25, 50, 75) percentile: (72, 133, 225)
[M::mem_pestat] low and high boundaries for computing mean and std.dev: (1, 531)
[M::mem_pestat] mean and std.dev: (159.72, 113.16)
[M::mem_pestat] low and high boundaries for proper pairs: (1, 684)
[M::mem_pestat] analyzing insert size distribution for orientation FR...
[M::mem_pestat] (25, 50, 75) percentile: (95, 171, 287)
[M::mem_pestat] low and high boundaries for computing mean and std.dev: (1, 671)
[M::mem_pestat] mean and std.dev: (204.04, 138.35)
[M::mem_pestat] low and high boundaries for proper pairs: (1, 863)
[M::mem_pestat] analyzing insert size distribution for orientation RF...
[M::mem_pestat] (25, 50, 75) percentile: (69, 213, 735)
[M::mem_pestat] low and high boundaries for computing mean and std.dev: (1, 2067)
[M::mem_pestat] mean and std.dev: (394.44, 467.47)
[M::mem_pestat] low and high boundaries for proper pairs: (1, 2733)
[M::mem_pestat] analyzing insert size distribution for orientation RR...
[M::mem_pestat] (25, 50, 75) percentile: (72, 147, 251)
[M::mem_pestat] low and high boundaries for computing mean and std.dev: (1, 609)
[M::mem_pestat] mean and std.dev: (172.95, 121.66)
[M::mem_pestat] low and high boundaries for proper pairs: (1, 788)
[M::mem_pestat] skip orientation FF
[M::mem_pestat] skip orientation RF
[M::mem_pestat] skip orientation RR
[main] Version: 0.7.12-r1039
[main] CMD: /software/mb/el6.3/bwa/bwa-0.7.12/bwa mem -t 8 -M -R @RG\tID:'SRR1779689'\tLB:'SRR1779689'\tPL:illumina\tPU:'SRR1779689'\tSM:'SRR1779689' -v 0 /users/GR/mb/jquilez/assemblies/homo_sapiens/hg19/ucsc/hg19.fa /users/GR/mb/jquilez/data/atacseq/samples/SRR1779689/fastqs_processed/trimmomatic/paired_end/SRR1779689_read1.fastq.gz /users/GR/mb/jquilez/data/atacseq/samples/SRR1779689/fastqs_processed/trimmomatic/paired_end/SRR1779689_read2.fastq.gz
[main] Real time: 99.909 sec; CPU: 273.613 sec
INFO 	2016-03-03 14:41:24 	[align_bwa] 	reads aligned = 697534
INFO 	2016-03-03 14:41:24 	[align_bwa] 	reads unique = 605939
TIME 	2016-03-03 14:41:25 	[align_bwa] 	step time for completion (seconds) = 114

INFO 	2016-03-03 14:41:25 	[make_tag_directory] 	converting BAM to BED --required for making tag directory
INFO 	2016-03-03 14:41:27 	[make_tag_directory] 	make tag directory with HOMER
INFO 	2016-03-03 14:43:04 	[make_tag_directory] 	parse step log to extract generated metadata
INFO 	2016-03-03 14:43:05 	[make_tag_directory] 	estimated genome size = 3034644520
INFO 	2016-03-03 14:43:05 	[make_tag_directory] 	estimated average read density per bp = 0.000200
INFO 	2016-03-03 14:43:05 	[make_tag_directory] 	total tags = 605939.0
INFO 	2016-03-03 14:43:05 	[make_tag_directory] 	total_positions = 494610
INFO 	2016-03-03 14:43:05 	[make_tag_directory] 	avg. tag length = 47.3
INFO 	2016-03-03 14:43:05 	[make_tag_directory] 	median tags per position = 1
INFO 	2016-03-03 14:43:05 	[make_tag_directory] 	avg. tags per position = 1.225
INFO 	2016-03-03 14:43:05 	[make_tag_directory] 	fragment length estimate = 57
INFO 	2016-03-03 14:43:05 	[make_tag_directory] 	peak width estimate = 330
INFO 	2016-03-03 14:43:05 	[make_tag_directory] 	autocorrelation: same strand fold enrichment = 1.6
INFO 	2016-03-03 14:43:05 	[make_tag_directory] 	autocorrelation: diff strand fold enrichment = 1.6
INFO 	2016-03-03 14:43:05 	[make_tag_directory] 	autocorrelation: same-to-diff strand fold enrichment = 1.0
INFO 	2016-03-03 14:43:05 	[make_tag_directory] 	avg. fragment GC% = 42.15
INFO 	2016-03-03 14:43:05 	[make_tag_directory] 	avg. expected GC% = 39.88
TIME 	2016-03-03 14:43:05 	[make_tag_directory] 	step time for completion (seconds) = 100

INFO 	2016-03-03 14:43:05 	[make_bigbed] 	make BigBed file
TIME 	2016-03-03 14:43:06 	[make_bigbed] 	step time for completion (seconds) = 1

INFO 	2016-03-03 14:43:06 	[calculate_rpms] 	generate reads pe million profile (RPM) fragment profile
INFO 	2016-03-03 14:43:06 	[calculate_rpms] 	get fragment length estimate (l) as calculated in the 'make_tag_directory' step
INFO 	2016-03-03 14:43:06 	[calculate_rpms] 	fragment length estimate = 57
INFO 	2016-03-03 14:43:06 	[calculate_rpms] 	fragment length correction = 57
INFO 	2016-03-03 14:43:06 	[calculate_rpms] 	the correction will be used if the estimate is not reliable
TIME 	2016-03-03 14:53:53 	[calculate_rpms] 	step time for completion (seconds) = 647

INFO 	2016-03-03 14:53:53 	[call_peaks] 	Get fragment length estimate (l) as calculated in the 'make_tag_directory' step
INFO 	2016-03-03 14:53:53 	[call_peaks] 	Fragment length (l) is 57 bp (note this is not used if peak caller is zerone)
INFO 	2016-03-03 14:53:53 	[call_peaks] 	Peak calling with MACS2
INFO 	2016-03-03 14:53:53 	[call_peaks] 	genome size for homo_sapiens will be used
INFO 	2016-03-03 14:53:53 	[call_peaks] 	q-value cutoff =  (default is 0.01)
INFO 	2016-03-03 14:53:53 	[call_peaks] 	--nomodel (MACS2 will not try to model peak length but use l = 57 instead
INFO 	2016-03-03 14:53:53 	[call_peaks] 	--call-summits = MACS reanalyzes the shape of signal profile to deconvolve subpeaks within each peak called
INFO 	2016-03-03 14:53:53 	[call_peaks] 	peak calling with the sample alone (i.e. no input)
INFO 	2016-03-03 14:53:57 	[call_peaks] 	peaks = 66

