Traceback (most recent call last):
  File "/usr/lib64/python2.6/logging/handlers.py", line 77, in emit
    self.doRollover()
  File "/usr/lib64/python2.6/logging/handlers.py", line 133, in doRollover
    os.remove(dfn)
OSError: [Errno 2] No such file or directory: '/software/mb/el6.3/python/envs/.virtualenvs/hook.log.1'
Error in atexit._run_exitfuncs:
Traceback (most recent call last):
  File "/usr/lib64/python2.6/atexit.py", line 24, in _run_exitfuncs
    func(*targs, **kargs)
  File "/usr/lib64/python2.6/logging/__init__.py", line 1524, in shutdown
    h.flush()
  File "/usr/lib64/python2.6/logging/__init__.py", line 770, in flush
    self.stream.flush()
ValueError: I/O operation on closed file
Error in sys.exitfunc:
Traceback (most recent call last):
  File "/usr/lib64/python2.6/atexit.py", line 24, in _run_exitfuncs
    func(*targs, **kargs)
  File "/usr/lib64/python2.6/logging/__init__.py", line 1524, in shutdown
    h.flush()
  File "/usr/lib64/python2.6/logging/__init__.py", line 770, in flush
    self.stream.flush()
ValueError: I/O operation on closed file
Traceback (most recent call last):
  File "/usr/lib64/python2.6/logging/__init__.py", line 808, in emit
    self.flush()
  File "/usr/lib64/python2.6/logging/__init__.py", line 770, in flush
    self.stream.flush()
IOError: [Errno 116] Stale file handle
Traceback (most recent call last):
  File "/usr/lib64/python2.6/logging/handlers.py", line 76, in emit
    if self.shouldRollover(record):
  File "/usr/lib64/python2.6/logging/handlers.py", line 150, in shouldRollover
    self.stream.seek(0, 2)  #due to non-posix-compliant Windows feature
IOError: [Errno 116] Stale file handle
Traceback (most recent call last):
  File "/usr/lib64/python2.6/logging/handlers.py", line 76, in emit
    if self.shouldRollover(record):
  File "/usr/lib64/python2.6/logging/handlers.py", line 150, in shouldRollover
    self.stream.seek(0, 2)  #due to non-posix-compliant Windows feature
IOError: [Errno 116] Stale file handle
Traceback (most recent call last):
  File "/usr/lib64/python2.6/logging/handlers.py", line 76, in emit
    if self.shouldRollover(record):
  File "/usr/lib64/python2.6/logging/handlers.py", line 150, in shouldRollover
    self.stream.seek(0, 2)  #due to non-posix-compliant Windows feature
IOError: [Errno 116] Stale file handle

INFO 	2016-03-03 14:39:22 	[trim_reads_trimmomatic] 	sequencing type = PE
INFO 	2016-03-03 14:39:22 	[trim_reads_trimmomatic] 	trimming adapter sequences for HiSeq, NextSeq or HiSeq
INFO 	2016-03-03 14:39:22 	[trim_reads_trimmomatic] 	trimming low-quality reads ends using trimmomatic's recommended practices
INFO 	2016-03-03 14:39:28 	[trim_reads_trimmomatic] 	parse step log to extract generated metadata
INFO 	2016-03-03 14:39:28 	[trim_reads_trimmomatic] 	reads after trimming = 194455
INFO 	2016-03-03 14:39:28 	[trim_reads_trimmomatic] 	trimmed reads are in /users/GR/mb/jquilez/data/atacseq/samples/SRR1779714/fastqs_processed/trimmomatic/paired_end
INFO 	2016-03-03 14:39:28 	[trim_reads_trimmomatic] 	unpaired reads are deleted
TIME 	2016-03-03 14:39:28 	[trim_reads_trimmomatic] 	step time for completion (seconds) = 6

INFO 	2016-03-03 14:39:28 	[align_bwa] 	align single-end reads with BWA
INFO 	2016-03-03 14:39:28 	[align_bwa] 	alignments are converted to BAM, sorted by genomic coordinates and multi-mappings filtered out
[M::mem_pestat] analyzing insert size distribution for orientation FF...
[M::mem_pestat] (25, 50, 75) percentile: (64, 165, 221)
[M::mem_pestat] low and high boundaries for computing mean and std.dev: (1, 535)
[M::mem_pestat] mean and std.dev: (162.77, 107.96)
[M::mem_pestat] low and high boundaries for proper pairs: (1, 692)
[M::mem_pestat] analyzing insert size distribution for orientation FR...
[M::mem_pestat] (25, 50, 75) percentile: (71, 182, 245)
[M::mem_pestat] low and high boundaries for computing mean and std.dev: (1, 593)
[M::mem_pestat] mean and std.dev: (184.59, 127.97)
[M::mem_pestat] low and high boundaries for proper pairs: (1, 767)
[M::mem_pestat] analyzing insert size distribution for orientation RF...
[M::mem_pestat] (25, 50, 75) percentile: (61, 103, 129)
[M::mem_pestat] low and high boundaries for computing mean and std.dev: (1, 265)
[M::mem_pestat] mean and std.dev: (89.39, 38.46)
[M::mem_pestat] low and high boundaries for proper pairs: (1, 333)
[M::mem_pestat] analyzing insert size distribution for orientation RR...
[M::mem_pestat] (25, 50, 75) percentile: (71, 174, 279)
[M::mem_pestat] low and high boundaries for computing mean and std.dev: (1, 695)
[M::mem_pestat] mean and std.dev: (187.51, 146.67)
[M::mem_pestat] low and high boundaries for proper pairs: (1, 903)
[M::mem_pestat] skip orientation FF
[M::mem_pestat] skip orientation RF
[M::mem_pestat] skip orientation RR
[main] Version: 0.7.12-r1039
[main] CMD: /software/mb/el6.3/bwa/bwa-0.7.12/bwa mem -t 8 -M -R @RG\tID:'SRR1779714'\tLB:'SRR1779714'\tPL:illumina\tPU:'SRR1779714'\tSM:'SRR1779714' -v 0 /users/GR/mb/jquilez/assemblies/homo_sapiens/hg19/ucsc/hg19.fa /users/GR/mb/jquilez/data/atacseq/samples/SRR1779714/fastqs_processed/trimmomatic/paired_end/SRR1779714_read1.fastq.gz /users/GR/mb/jquilez/data/atacseq/samples/SRR1779714/fastqs_processed/trimmomatic/paired_end/SRR1779714_read2.fastq.gz
[main] Real time: 76.542 sec; CPU: 74.731 sec
INFO 	2016-03-03 14:40:51 	[align_bwa] 	reads aligned = 388916
INFO 	2016-03-03 14:40:51 	[align_bwa] 	reads unique = 210514
TIME 	2016-03-03 14:40:51 	[align_bwa] 	step time for completion (seconds) = 83

INFO 	2016-03-03 14:40:51 	[make_tag_directory] 	converting BAM to BED --required for making tag directory
INFO 	2016-03-03 14:40:52 	[make_tag_directory] 	make tag directory with HOMER
INFO 	2016-03-03 14:42:10 	[make_tag_directory] 	parse step log to extract generated metadata
INFO 	2016-03-03 14:42:10 	[make_tag_directory] 	estimated genome size = 3033684896
INFO 	2016-03-03 14:42:10 	[make_tag_directory] 	estimated average read density per bp = 0.000069
INFO 	2016-03-03 14:42:10 	[make_tag_directory] 	total tags = 210514.0
INFO 	2016-03-03 14:42:10 	[make_tag_directory] 	total_positions = 140678
INFO 	2016-03-03 14:42:10 	[make_tag_directory] 	avg. tag length = 46.0
INFO 	2016-03-03 14:42:10 	[make_tag_directory] 	median tags per position = 1
INFO 	2016-03-03 14:42:10 	[make_tag_directory] 	avg. tags per position = 1.496
INFO 	2016-03-03 14:42:10 	[make_tag_directory] 	fragment length estimate = 87
INFO 	2016-03-03 14:42:10 	[make_tag_directory] 	peak width estimate = 78
INFO 	2016-03-03 14:42:10 	[make_tag_directory] 	autocorrelation: same strand fold enrichment = 2.8
INFO 	2016-03-03 14:42:10 	[make_tag_directory] 	autocorrelation: diff strand fold enrichment = 2.8
INFO 	2016-03-03 14:42:10 	[make_tag_directory] 	autocorrelation: same-to-diff strand fold enrichment = 1.0
INFO 	2016-03-03 14:42:10 	[make_tag_directory] 	avg. fragment GC% = 52.85
INFO 	2016-03-03 14:42:10 	[make_tag_directory] 	avg. expected GC% = 40.23
TIME 	2016-03-03 14:42:11 	[make_tag_directory] 	step time for completion (seconds) = 79

INFO 	2016-03-03 14:42:11 	[make_bigbed] 	make BigBed file
TIME 	2016-03-03 14:42:11 	[make_bigbed] 	step time for completion (seconds) = 0

INFO 	2016-03-03 14:42:11 	[calculate_rpms] 	generate reads pe million profile (RPM) fragment profile
INFO 	2016-03-03 14:42:11 	[calculate_rpms] 	get fragment length estimate (l) as calculated in the 'make_tag_directory' step
INFO 	2016-03-03 14:42:11 	[calculate_rpms] 	fragment length estimate = 87
INFO 	2016-03-03 14:42:11 	[calculate_rpms] 	fragment length correction = 87
INFO 	2016-03-03 14:42:11 	[calculate_rpms] 	the correction will be used if the estimate is not reliable
TIME 	2016-03-03 14:52:43 	[calculate_rpms] 	step time for completion (seconds) = 632

INFO 	2016-03-03 14:52:43 	[call_peaks] 	Get fragment length estimate (l) as calculated in the 'make_tag_directory' step
INFO 	2016-03-03 14:52:43 	[call_peaks] 	Fragment length (l) is 87 bp (note this is not used if peak caller is zerone)
INFO 	2016-03-03 14:52:43 	[call_peaks] 	Peak calling with MACS2
INFO 	2016-03-03 14:52:43 	[call_peaks] 	genome size for homo_sapiens will be used
INFO 	2016-03-03 14:52:43 	[call_peaks] 	q-value cutoff =  (default is 0.01)
INFO 	2016-03-03 14:52:43 	[call_peaks] 	--nomodel (MACS2 will not try to model peak length but use l = 87 instead
INFO 	2016-03-03 14:52:43 	[call_peaks] 	--call-summits = MACS reanalyzes the shape of signal profile to deconvolve subpeaks within each peak called
INFO 	2016-03-03 14:52:43 	[call_peaks] 	peak calling with the sample alone (i.e. no input)
INFO 	2016-03-03 14:52:45 	[call_peaks] 	peaks = 121

