Traceback (most recent call last):
  File "/usr/lib64/python2.6/logging/__init__.py", line 808, in emit
    self.flush()
  File "/usr/lib64/python2.6/logging/__init__.py", line 770, in flush
    self.stream.flush()
IOError: [Errno 116] Stale file handle
Traceback (most recent call last):
  File "/usr/lib64/python2.6/logging/handlers.py", line 76, in emit
    if self.shouldRollover(record):
  File "/usr/lib64/python2.6/logging/handlers.py", line 150, in shouldRollover
    self.stream.seek(0, 2)  #due to non-posix-compliant Windows feature
IOError: [Errno 116] Stale file handle
Traceback (most recent call last):
  File "/usr/lib64/python2.6/logging/handlers.py", line 76, in emit
    if self.shouldRollover(record):
  File "/usr/lib64/python2.6/logging/handlers.py", line 150, in shouldRollover
    self.stream.seek(0, 2)  #due to non-posix-compliant Windows feature
IOError: [Errno 116] Stale file handle
Traceback (most recent call last):
  File "/usr/lib64/python2.6/logging/handlers.py", line 76, in emit
    if self.shouldRollover(record):
  File "/usr/lib64/python2.6/logging/handlers.py", line 150, in shouldRollover
    self.stream.seek(0, 2)  #due to non-posix-compliant Windows feature
IOError: [Errno 116] Stale file handle
Traceback (most recent call last):
  File "/usr/lib64/python2.6/logging/handlers.py", line 76, in emit
    if self.shouldRollover(record):
  File "/usr/lib64/python2.6/logging/handlers.py", line 150, in shouldRollover
    self.stream.seek(0, 2)  #due to non-posix-compliant Windows feature
IOError: [Errno 116] Stale file handle

INFO 	2016-03-03 14:39:21 	[trim_reads_trimmomatic] 	sequencing type = PE
INFO 	2016-03-03 14:39:21 	[trim_reads_trimmomatic] 	trimming adapter sequences for HiSeq, NextSeq or HiSeq
INFO 	2016-03-03 14:39:21 	[trim_reads_trimmomatic] 	trimming low-quality reads ends using trimmomatic's recommended practices
INFO 	2016-03-03 14:39:26 	[trim_reads_trimmomatic] 	parse step log to extract generated metadata
INFO 	2016-03-03 14:39:26 	[trim_reads_trimmomatic] 	reads after trimming = 116221
INFO 	2016-03-03 14:39:26 	[trim_reads_trimmomatic] 	trimmed reads are in /users/GR/mb/jquilez/data/atacseq/samples/SRR1779768/fastqs_processed/trimmomatic/paired_end
INFO 	2016-03-03 14:39:26 	[trim_reads_trimmomatic] 	unpaired reads are deleted
TIME 	2016-03-03 14:39:26 	[trim_reads_trimmomatic] 	step time for completion (seconds) = 5

INFO 	2016-03-03 14:39:26 	[align_bwa] 	align single-end reads with BWA
INFO 	2016-03-03 14:39:26 	[align_bwa] 	alignments are converted to BAM, sorted by genomic coordinates and multi-mappings filtered out
[M::mem_pestat] analyzing insert size distribution for orientation FF...
[M::mem_pestat] (25, 50, 75) percentile: (61, 82, 90)
[M::mem_pestat] low and high boundaries for computing mean and std.dev: (3, 148)
[M::mem_pestat] mean and std.dev: (74.50, 30.30)
[M::mem_pestat] low and high boundaries for proper pairs: (1, 177)
[M::mem_pestat] analyzing insert size distribution for orientation FR...
[M::mem_pestat] (25, 50, 75) percentile: (62, 111, 212)
[M::mem_pestat] low and high boundaries for computing mean and std.dev: (1, 512)
[M::mem_pestat] mean and std.dev: (143.92, 107.16)
[M::mem_pestat] low and high boundaries for proper pairs: (1, 662)
[M::mem_pestat] skip orientation RF as there are not enough pairs
[M::mem_pestat] analyzing insert size distribution for orientation RR...
[M::mem_pestat] (25, 50, 75) percentile: (40, 111, 157)
[M::mem_pestat] low and high boundaries for computing mean and std.dev: (1, 391)
[M::mem_pestat] mean and std.dev: (124.57, 81.08)
[M::mem_pestat] low and high boundaries for proper pairs: (1, 508)
[M::mem_pestat] skip orientation FF
[M::mem_pestat] skip orientation RR
[main] Version: 0.7.12-r1039
[main] CMD: /software/mb/el6.3/bwa/bwa-0.7.12/bwa mem -t 8 -M -R @RG\tID:'SRR1779768'\tLB:'SRR1779768'\tPL:illumina\tPU:'SRR1779768'\tSM:'SRR1779768' -v 0 /users/GR/mb/jquilez/assemblies/homo_sapiens/hg19/ucsc/hg19.fa /users/GR/mb/jquilez/data/atacseq/samples/SRR1779768/fastqs_processed/trimmomatic/paired_end/SRR1779768_read1.fastq.gz /users/GR/mb/jquilez/data/atacseq/samples/SRR1779768/fastqs_processed/trimmomatic/paired_end/SRR1779768_read2.fastq.gz
[main] Real time: 75.890 sec; CPU: 30.094 sec
INFO 	2016-03-03 14:40:45 	[align_bwa] 	reads aligned = 232442
INFO 	2016-03-03 14:40:45 	[align_bwa] 	reads unique = 73776
TIME 	2016-03-03 14:40:45 	[align_bwa] 	step time for completion (seconds) = 79

INFO 	2016-03-03 14:40:45 	[make_tag_directory] 	converting BAM to BED --required for making tag directory
INFO 	2016-03-03 14:40:45 	[make_tag_directory] 	make tag directory with HOMER
INFO 	2016-03-03 14:42:15 	[make_tag_directory] 	parse step log to extract generated metadata
INFO 	2016-03-03 14:42:15 	[make_tag_directory] 	estimated genome size = 3025790379
INFO 	2016-03-03 14:42:15 	[make_tag_directory] 	estimated average read density per bp = 0.000024
INFO 	2016-03-03 14:42:15 	[make_tag_directory] 	total tags = 73776.0
INFO 	2016-03-03 14:42:15 	[make_tag_directory] 	total_positions = 37381
INFO 	2016-03-03 14:42:15 	[make_tag_directory] 	avg. tag length = 45.4
INFO 	2016-03-03 14:42:15 	[make_tag_directory] 	median tags per position = 1
INFO 	2016-03-03 14:42:15 	[make_tag_directory] 	avg. tags per position = 1.974
INFO 	2016-03-03 14:42:15 	[make_tag_directory] 	fragment length estimate = 72
INFO 	2016-03-03 14:42:15 	[make_tag_directory] 	peak width estimate = 137
INFO 	2016-03-03 14:42:15 	[make_tag_directory] 	autocorrelation: same strand fold enrichment = 1.4
INFO 	2016-03-03 14:42:15 	[make_tag_directory] 	autocorrelation: diff strand fold enrichment = 1.4
INFO 	2016-03-03 14:42:15 	[make_tag_directory] 	autocorrelation: same-to-diff strand fold enrichment = 1.0
INFO 	2016-03-03 14:42:15 	[make_tag_directory] 	avg. fragment GC% = 44.21
INFO 	2016-03-03 14:42:15 	[make_tag_directory] 	avg. expected GC% = 40.09
TIME 	2016-03-03 14:42:15 	[make_tag_directory] 	step time for completion (seconds) = 90

INFO 	2016-03-03 14:42:15 	[make_bigbed] 	make BigBed file
TIME 	2016-03-03 14:42:15 	[make_bigbed] 	step time for completion (seconds) = 0

INFO 	2016-03-03 14:42:15 	[calculate_rpms] 	generate reads pe million profile (RPM) fragment profile
INFO 	2016-03-03 14:42:15 	[calculate_rpms] 	get fragment length estimate (l) as calculated in the 'make_tag_directory' step
INFO 	2016-03-03 14:42:15 	[calculate_rpms] 	fragment length estimate = 72
INFO 	2016-03-03 14:42:15 	[calculate_rpms] 	fragment length correction = 72
INFO 	2016-03-03 14:42:15 	[calculate_rpms] 	the correction will be used if the estimate is not reliable
TIME 	2016-03-03 14:53:44 	[calculate_rpms] 	step time for completion (seconds) = 689

INFO 	2016-03-03 14:53:44 	[call_peaks] 	Get fragment length estimate (l) as calculated in the 'make_tag_directory' step
INFO 	2016-03-03 14:53:44 	[call_peaks] 	Fragment length (l) is 72 bp (note this is not used if peak caller is zerone)
INFO 	2016-03-03 14:53:44 	[call_peaks] 	Peak calling with MACS2
INFO 	2016-03-03 14:53:44 	[call_peaks] 	genome size for homo_sapiens will be used
INFO 	2016-03-03 14:53:44 	[call_peaks] 	q-value cutoff =  (default is 0.01)
INFO 	2016-03-03 14:53:44 	[call_peaks] 	--nomodel (MACS2 will not try to model peak length but use l = 72 instead
INFO 	2016-03-03 14:53:44 	[call_peaks] 	--call-summits = MACS reanalyzes the shape of signal profile to deconvolve subpeaks within each peak called
INFO 	2016-03-03 14:53:44 	[call_peaks] 	peak calling with the sample alone (i.e. no input)
INFO 	2016-03-03 14:53:45 	[call_peaks] 	peaks = 64

