Error in atexit._run_exitfuncs:
Traceback (most recent call last):
  File "/usr/lib64/python2.6/atexit.py", line 24, in _run_exitfuncs
    func(*targs, **kargs)
  File "/usr/lib64/python2.6/logging/__init__.py", line 1525, in shutdown
    h.close()
  File "/usr/lib64/python2.6/logging/__init__.py", line 844, in close
    self.stream.close()
IOError: [Errno 116] Stale file handle
Error in sys.exitfunc:
Traceback (most recent call last):
  File "/usr/lib64/python2.6/atexit.py", line 24, in _run_exitfuncs
    func(*targs, **kargs)
  File "/usr/lib64/python2.6/logging/__init__.py", line 1525, in shutdown
    h.close()
  File "/usr/lib64/python2.6/logging/__init__.py", line 844, in close
    self.stream.close()
IOError: [Errno 116] Stale file handle

INFO 	2016-03-03 14:39:21 	[trim_reads_trimmomatic] 	sequencing type = PE
INFO 	2016-03-03 14:39:21 	[trim_reads_trimmomatic] 	trimming adapter sequences for HiSeq, NextSeq or HiSeq
INFO 	2016-03-03 14:39:21 	[trim_reads_trimmomatic] 	trimming low-quality reads ends using trimmomatic's recommended practices
INFO 	2016-03-03 14:39:24 	[trim_reads_trimmomatic] 	parse step log to extract generated metadata
INFO 	2016-03-03 14:39:24 	[trim_reads_trimmomatic] 	reads after trimming = 56028
INFO 	2016-03-03 14:39:24 	[trim_reads_trimmomatic] 	trimmed reads are in /users/GR/mb/jquilez/data/atacseq/samples/SRR1779740/fastqs_processed/trimmomatic/paired_end
INFO 	2016-03-03 14:39:24 	[trim_reads_trimmomatic] 	unpaired reads are deleted
TIME 	2016-03-03 14:39:24 	[trim_reads_trimmomatic] 	step time for completion (seconds) = 4

INFO 	2016-03-03 14:39:24 	[align_bwa] 	align single-end reads with BWA
INFO 	2016-03-03 14:39:24 	[align_bwa] 	alignments are converted to BAM, sorted by genomic coordinates and multi-mappings filtered out
[M::mem_pestat] analyzing insert size distribution for orientation FF...
[M::mem_pestat] (25, 50, 75) percentile: (113, 165, 214)
[M::mem_pestat] low and high boundaries for computing mean and std.dev: (1, 416)
[M::mem_pestat] mean and std.dev: (154.72, 74.90)
[M::mem_pestat] low and high boundaries for proper pairs: (1, 517)
[M::mem_pestat] analyzing insert size distribution for orientation FR...
[M::mem_pestat] (25, 50, 75) percentile: (107, 189, 311)
[M::mem_pestat] low and high boundaries for computing mean and std.dev: (1, 719)
[M::mem_pestat] mean and std.dev: (222.04, 146.83)
[M::mem_pestat] low and high boundaries for proper pairs: (1, 923)
[M::mem_pestat] skip orientation RF as there are not enough pairs
[M::mem_pestat] analyzing insert size distribution for orientation RR...
[M::mem_pestat] (25, 50, 75) percentile: (91, 141, 222)
[M::mem_pestat] low and high boundaries for computing mean and std.dev: (1, 484)
[M::mem_pestat] mean and std.dev: (165.16, 102.49)
[M::mem_pestat] low and high boundaries for proper pairs: (1, 615)
[M::mem_pestat] skip orientation FF
[M::mem_pestat] skip orientation RR
[main] Version: 0.7.12-r1039
[main] CMD: /software/mb/el6.3/bwa/bwa-0.7.12/bwa mem -t 8 -M -R @RG\tID:'SRR1779740'\tLB:'SRR1779740'\tPL:illumina\tPU:'SRR1779740'\tSM:'SRR1779740' -v 0 /users/GR/mb/jquilez/assemblies/homo_sapiens/hg19/ucsc/hg19.fa /users/GR/mb/jquilez/data/atacseq/samples/SRR1779740/fastqs_processed/trimmomatic/paired_end/SRR1779740_read1.fastq.gz /users/GR/mb/jquilez/data/atacseq/samples/SRR1779740/fastqs_processed/trimmomatic/paired_end/SRR1779740_read2.fastq.gz
[main] Real time: 109.388 sec; CPU: 39.078 sec
INFO 	2016-03-03 14:41:16 	[align_bwa] 	reads aligned = 112056
INFO 	2016-03-03 14:41:16 	[align_bwa] 	reads unique = 75476
TIME 	2016-03-03 14:41:16 	[align_bwa] 	step time for completion (seconds) = 112

INFO 	2016-03-03 14:41:16 	[make_tag_directory] 	converting BAM to BED --required for making tag directory
INFO 	2016-03-03 14:41:16 	[make_tag_directory] 	make tag directory with HOMER
INFO 	2016-03-03 14:42:46 	[make_tag_directory] 	parse step log to extract generated metadata
INFO 	2016-03-03 14:42:46 	[make_tag_directory] 	estimated genome size = 3027977999
INFO 	2016-03-03 14:42:46 	[make_tag_directory] 	estimated average read density per bp = 0.000025
INFO 	2016-03-03 14:42:46 	[make_tag_directory] 	total tags = 75476.0
INFO 	2016-03-03 14:42:46 	[make_tag_directory] 	total_positions = 59992
INFO 	2016-03-03 14:42:46 	[make_tag_directory] 	avg. tag length = 46.9
INFO 	2016-03-03 14:42:46 	[make_tag_directory] 	median tags per position = 1
INFO 	2016-03-03 14:42:46 	[make_tag_directory] 	avg. tags per position = 1.258
INFO 	2016-03-03 14:42:46 	[make_tag_directory] 	fragment length estimate = 65
INFO 	2016-03-03 14:42:46 	[make_tag_directory] 	peak width estimate = 214
INFO 	2016-03-03 14:42:46 	[make_tag_directory] 	autocorrelation: same strand fold enrichment = 1.5
INFO 	2016-03-03 14:42:46 	[make_tag_directory] 	autocorrelation: diff strand fold enrichment = 1.5
INFO 	2016-03-03 14:42:46 	[make_tag_directory] 	autocorrelation: same-to-diff strand fold enrichment = 1.0
INFO 	2016-03-03 14:42:46 	[make_tag_directory] 	avg. fragment GC% = 42.01
INFO 	2016-03-03 14:42:46 	[make_tag_directory] 	avg. expected GC% = 40.00
TIME 	2016-03-03 14:42:46 	[make_tag_directory] 	step time for completion (seconds) = 90

INFO 	2016-03-03 14:42:46 	[make_bigbed] 	make BigBed file
TIME 	2016-03-03 14:42:47 	[make_bigbed] 	step time for completion (seconds) = 1

INFO 	2016-03-03 14:42:47 	[calculate_rpms] 	generate reads pe million profile (RPM) fragment profile
INFO 	2016-03-03 14:42:47 	[calculate_rpms] 	get fragment length estimate (l) as calculated in the 'make_tag_directory' step
INFO 	2016-03-03 14:42:47 	[calculate_rpms] 	fragment length estimate = 65
INFO 	2016-03-03 14:42:47 	[calculate_rpms] 	fragment length correction = 65
INFO 	2016-03-03 14:42:47 	[calculate_rpms] 	the correction will be used if the estimate is not reliable
TIME 	2016-03-03 14:52:43 	[calculate_rpms] 	step time for completion (seconds) = 596

INFO 	2016-03-03 14:52:43 	[call_peaks] 	Get fragment length estimate (l) as calculated in the 'make_tag_directory' step
INFO 	2016-03-03 14:52:43 	[call_peaks] 	Fragment length (l) is 65 bp (note this is not used if peak caller is zerone)
INFO 	2016-03-03 14:52:43 	[call_peaks] 	Peak calling with MACS2
INFO 	2016-03-03 14:52:43 	[call_peaks] 	genome size for homo_sapiens will be used
INFO 	2016-03-03 14:52:43 	[call_peaks] 	q-value cutoff =  (default is 0.01)
INFO 	2016-03-03 14:52:43 	[call_peaks] 	--nomodel (MACS2 will not try to model peak length but use l = 65 instead
INFO 	2016-03-03 14:52:43 	[call_peaks] 	--call-summits = MACS reanalyzes the shape of signal profile to deconvolve subpeaks within each peak called
INFO 	2016-03-03 14:52:43 	[call_peaks] 	peak calling with the sample alone (i.e. no input)
INFO 	2016-03-03 14:52:45 	[call_peaks] 	peaks = 10

