Traceback (most recent call last):
  File "/usr/lib64/python2.6/logging/handlers.py", line 77, in emit
    self.doRollover()
  File "/usr/lib64/python2.6/logging/handlers.py", line 134, in doRollover
    os.rename(self.baseFilename, dfn)
OSError: [Errno 2] No such file or directory
Traceback (most recent call last):
  File "/usr/lib64/python2.6/logging/handlers.py", line 76, in emit
    if self.shouldRollover(record):
  File "/usr/lib64/python2.6/logging/handlers.py", line 150, in shouldRollover
    self.stream.seek(0, 2)  #due to non-posix-compliant Windows feature
ValueError: I/O operation on closed file
Traceback (most recent call last):
  File "/usr/lib64/python2.6/logging/handlers.py", line 76, in emit
    if self.shouldRollover(record):
  File "/usr/lib64/python2.6/logging/handlers.py", line 150, in shouldRollover
    self.stream.seek(0, 2)  #due to non-posix-compliant Windows feature
ValueError: I/O operation on closed file
Error in atexit._run_exitfuncs:
Traceback (most recent call last):
  File "/usr/lib64/python2.6/atexit.py", line 24, in _run_exitfuncs
    func(*targs, **kargs)
  File "/usr/lib64/python2.6/logging/__init__.py", line 1516, in shutdown
    h.flush()
  File "/usr/lib64/python2.6/logging/__init__.py", line 762, in flush
    self.stream.flush()
ValueError: I/O operation on closed file
Error in sys.exitfunc:
Traceback (most recent call last):
  File "/usr/lib64/python2.6/atexit.py", line 24, in _run_exitfuncs
    func(*targs, **kargs)
  File "/usr/lib64/python2.6/logging/__init__.py", line 1516, in shutdown
    h.flush()
  File "/usr/lib64/python2.6/logging/__init__.py", line 762, in flush
    self.stream.flush()
ValueError: I/O operation on closed file

INFO 	2015-11-30 16:07:43 	[call_peaks] 	Get fragment length estimate (l) as calculated in the 'make_tag_directory' step
INFO 	2015-11-30 16:07:44 	[call_peaks] 	Fragment length (l) is 210 bp (note this is not used if peak caller is zerone)
INFO 	2015-11-30 16:07:44 	[call_peaks] 	Peak calling with zerone
INFO 	2015-11-30 16:07:44 	[call_peaks] 	Peak calling with input DNA (/users/GR/mb/jquilez/projects/er_pr/data/alignments/input_mcf7_merged_sorted_dups_removed.bam) as control
TIME 	2015-11-30 16:13:02 	[call_peaks] 	step time for completion (seconds) = 319


