Traceback (most recent call last):
  File "/usr/lib64/python2.6/logging/handlers.py", line 77, in emit
    self.doRollover()
  File "/usr/lib64/python2.6/logging/handlers.py", line 133, in doRollover
    os.remove(dfn)
OSError: [Errno 2] No such file or directory: '/software/mb/el6.3/python/envs/.virtualenvs/hook.log.1'
Traceback (most recent call last):
  File "/usr/lib64/python2.6/logging/handlers.py", line 76, in emit
    if self.shouldRollover(record):
  File "/usr/lib64/python2.6/logging/handlers.py", line 150, in shouldRollover
    self.stream.seek(0, 2)  #due to non-posix-compliant Windows feature
ValueError: I/O operation on closed file
Error in atexit._run_exitfuncs:
Traceback (most recent call last):
  File "/usr/lib64/python2.6/atexit.py", line 24, in _run_exitfuncs
    func(*targs, **kargs)
  File "/usr/lib64/python2.6/logging/__init__.py", line 1524, in shutdown
    h.flush()
  File "/usr/lib64/python2.6/logging/__init__.py", line 770, in flush
    self.stream.flush()
ValueError: I/O operation on closed file
Error in sys.exitfunc:
Traceback (most recent call last):
  File "/usr/lib64/python2.6/atexit.py", line 24, in _run_exitfuncs
    func(*targs, **kargs)
  File "/usr/lib64/python2.6/logging/__init__.py", line 1524, in shutdown
    h.flush()
  File "/usr/lib64/python2.6/logging/__init__.py", line 770, in flush
    self.stream.flush()
ValueError: I/O operation on closed file

INFO 	2016-06-03 17:40:45 	[quantification_featurecounts] 	quantifying read counts per gene using featureCounts
INFO 	2016-06-03 17:40:45 	[quantification_featurecounts] 	using gene models from /users/GR/mb/jquilez/assemblies/homo_sapiens/hg38/gencode/gencode.v24.annotation.gtf
INFO 	2016-06-03 17:40:45 	[quantification_featurecounts] 	kallisto (transcripts) and featurecounts (genes) quantifications are not directly comparable
INFO 	2016-06-03 17:40:45 	[quantification_featurecounts] 	even if the *_mmtv version of the assembly is used, gene/transcript models are the same as for *
INFO 	2016-06-03 17:40:45 	[quantification_featurecounts] 	sequencing type is PE so fragments are counted
INFO 	2016-06-03 17:56:02 	[quantification_featurecounts] 	quantifications are in /users/GR/mb/jquilez/data/rnaseq/samples/rf_025_01_01_rnaseq/quantifications/featurecounts/hg38_mmtv/paired_end
INFO 	2016-06-03 17:56:02 	[quantification_featurecounts] 	parse step log to extract generated metadata
INFO 	2016-06-03 17:56:03 	[quantification_featurecounts] 	total fragments = 39677867
INFO 	2016-06-03 17:56:03 	[quantification_featurecounts] 	percentage fragments assigned = 74.17955204094010396274
INFO 	2016-06-03 17:56:03 	[quantification_featurecounts] 	percentage fragments ambiguous = 1.78190022160213400584
INFO 	2016-06-03 17:56:03 	[quantification_featurecounts] 	percentage fragments multi-mapping = 12.15656325477375081679
INFO 	2016-06-03 17:56:03 	[quantification_featurecounts] 	percentage fragments no features = 11.88198448268401121461
TIME 	2016-06-03 17:56:08 	[quantification_featurecounts] 	step time for completion (seconds) = 923


INFO 	2016-06-03 17:56:09 	[pipeline] 	completed successfully
TIME 	2016-06-03 17:56:09 	[pipeline] 	total time for completion (seconds) = 951

