INFO  @ Wed, 11 Nov 2015 10:48:26: 
# Command line: callpeak -t /users/GR/mb/jquilez/data/chipseq/samples/T_0_ER_MCF_7_11730_CGATGT/alignments/bowtie/T_0_ER_MCF_7_11730_CGATGT_sorted.bam -n T_0_ER_MCF_7_11730_CGATGT --outdir /users/GR/mb/jquilez/data/chipseq/samples/T_0_ER_MCF_7_11730_CGATGT/peaks/macs2 -g hs -B --call-summits --verbose 3
# ARGUMENTS LIST:
# name = T_0_ER_MCF_7_11730_CGATGT
# format = AUTO
# ChIP-seq file = ['/users/GR/mb/jquilez/data/chipseq/samples/T_0_ER_MCF_7_11730_CGATGT/alignments/bowtie/T_0_ER_MCF_7_11730_CGATGT_sorted.bam']
# control file = None
# effective genome size = 2.70e+09
# band width = 300
# model fold = [5, 50]
# qvalue cutoff = 5.00e-02
# Larger dataset will be scaled towards smaller dataset.
# Range for calculating regional lambda is: 10000 bps
# Broad region calling is off
# Searching for subpeak summits is on
 
INFO  @ Wed, 11 Nov 2015 10:48:26: #1 read tag files... 
INFO  @ Wed, 11 Nov 2015 10:48:26: #1 read treatment tags... 
DEBUG @ Wed, 11 Nov 2015 10:48:27: Testing format BAM 
INFO  @ Wed, 11 Nov 2015 10:48:27: Detected format is: BAM 
INFO  @ Wed, 11 Nov 2015 10:48:27: * Input file is gzipped. 
INFO  @ Wed, 11 Nov 2015 10:48:35:  1000000 
INFO  @ Wed, 11 Nov 2015 10:48:40:  2000000 
INFO  @ Wed, 11 Nov 2015 10:48:46:  3000000 
INFO  @ Wed, 11 Nov 2015 10:48:50:  4000000 
INFO  @ Wed, 11 Nov 2015 10:48:55:  5000000 
INFO  @ Wed, 11 Nov 2015 10:49:00:  6000000 
INFO  @ Wed, 11 Nov 2015 10:49:05:  7000000 
INFO  @ Wed, 11 Nov 2015 10:49:10:  8000000 
INFO  @ Wed, 11 Nov 2015 10:49:15:  9000000 
INFO  @ Wed, 11 Nov 2015 10:49:20:  10000000 
INFO  @ Wed, 11 Nov 2015 10:49:24:  11000000 
INFO  @ Wed, 11 Nov 2015 10:49:32:  12000000 
INFO  @ Wed, 11 Nov 2015 10:49:40:  13000000 
INFO  @ Wed, 11 Nov 2015 10:49:45:  14000000 
INFO  @ Wed, 11 Nov 2015 10:49:50:  15000000 
INFO  @ Wed, 11 Nov 2015 10:49:55:  16000000 
INFO  @ Wed, 11 Nov 2015 10:50:00:  17000000 
INFO  @ Wed, 11 Nov 2015 10:50:04:  18000000 
INFO  @ Wed, 11 Nov 2015 10:50:09:  19000000 
INFO  @ Wed, 11 Nov 2015 10:50:15:  20000000 
INFO  @ Wed, 11 Nov 2015 10:50:20:  21000000 
INFO  @ Wed, 11 Nov 2015 10:50:25:  22000000 
INFO  @ Wed, 11 Nov 2015 10:50:30:  23000000 
INFO  @ Wed, 11 Nov 2015 10:50:35:  24000000 
INFO  @ Wed, 11 Nov 2015 10:50:40:  25000000 
INFO  @ Wed, 11 Nov 2015 10:50:45:  26000000 
INFO  @ Wed, 11 Nov 2015 10:50:50:  27000000 
INFO  @ Wed, 11 Nov 2015 10:50:56:  28000000 
INFO  @ Wed, 11 Nov 2015 10:51:00:  29000000 
INFO  @ Wed, 11 Nov 2015 10:51:05:  30000000 
INFO  @ Wed, 11 Nov 2015 10:51:10:  31000000 
INFO  @ Wed, 11 Nov 2015 10:51:14:  32000000 
INFO  @ Wed, 11 Nov 2015 10:51:19:  33000000 
INFO  @ Wed, 11 Nov 2015 10:51:24:  34000000 
INFO  @ Wed, 11 Nov 2015 10:51:29:  35000000 
INFO  @ Wed, 11 Nov 2015 10:51:33:  36000000 
INFO  @ Wed, 11 Nov 2015 10:51:38:  37000000 
INFO  @ Wed, 11 Nov 2015 10:51:43:  38000000 
INFO  @ Wed, 11 Nov 2015 10:51:48:  39000000 
INFO  @ Wed, 11 Nov 2015 10:51:54:  40000000 
INFO  @ Wed, 11 Nov 2015 10:51:59:  41000000 
INFO  @ Wed, 11 Nov 2015 10:52:03:  42000000 
INFO  @ Wed, 11 Nov 2015 10:52:08:  43000000 
INFO  @ Wed, 11 Nov 2015 10:52:12:  44000000 
INFO  @ Wed, 11 Nov 2015 10:52:17:  45000000 
INFO  @ Wed, 11 Nov 2015 10:52:23:  46000000 
INFO  @ Wed, 11 Nov 2015 10:52:29:  47000000 
INFO  @ Wed, 11 Nov 2015 10:52:35:  48000000 
INFO  @ Wed, 11 Nov 2015 10:52:40:  49000000 
INFO  @ Wed, 11 Nov 2015 10:52:44:  50000000 
INFO  @ Wed, 11 Nov 2015 10:52:49:  51000000 
INFO  @ Wed, 11 Nov 2015 10:52:55:  52000000 
INFO  @ Wed, 11 Nov 2015 10:53:02:  53000000 
INFO  @ Wed, 11 Nov 2015 10:53:08:  54000000 
INFO  @ Wed, 11 Nov 2015 10:53:13:  55000000 
INFO  @ Wed, 11 Nov 2015 10:53:17:  56000000 
INFO  @ Wed, 11 Nov 2015 10:53:22:  57000000 
INFO  @ Wed, 11 Nov 2015 10:53:28:  58000000 
INFO  @ Wed, 11 Nov 2015 10:53:33:  59000000 
INFO  @ Wed, 11 Nov 2015 10:53:38:  60000000 
INFO  @ Wed, 11 Nov 2015 10:53:42:  61000000 
INFO  @ Wed, 11 Nov 2015 10:53:45:  62000000 
INFO  @ Wed, 11 Nov 2015 10:53:48:  63000000 
INFO  @ Wed, 11 Nov 2015 10:53:51:  64000000 
INFO  @ Wed, 11 Nov 2015 10:53:54:  65000000 
INFO  @ Wed, 11 Nov 2015 10:53:57:  66000000 
INFO  @ Wed, 11 Nov 2015 10:54:01:  67000000 
INFO  @ Wed, 11 Nov 2015 10:54:04:  68000000 
INFO  @ Wed, 11 Nov 2015 10:54:07:  69000000 
INFO  @ Wed, 11 Nov 2015 10:54:10:  70000000 
INFO  @ Wed, 11 Nov 2015 10:54:13:  71000000 
INFO  @ Wed, 11 Nov 2015 10:54:17:  72000000 
INFO  @ Wed, 11 Nov 2015 10:54:20:  73000000 
INFO  @ Wed, 11 Nov 2015 10:54:23:  74000000 
INFO  @ Wed, 11 Nov 2015 10:54:26:  75000000 
INFO  @ Wed, 11 Nov 2015 10:54:30:  76000000 
INFO  @ Wed, 11 Nov 2015 10:54:34:  77000000 
INFO  @ Wed, 11 Nov 2015 10:54:38:  78000000 
INFO  @ Wed, 11 Nov 2015 10:54:41:  79000000 
INFO  @ Wed, 11 Nov 2015 10:54:44:  80000000 
INFO  @ Wed, 11 Nov 2015 10:54:47:  81000000 
INFO  @ Wed, 11 Nov 2015 10:54:50:  82000000 
INFO  @ Wed, 11 Nov 2015 10:54:53:  83000000 
INFO  @ Wed, 11 Nov 2015 10:54:56:  84000000 
INFO  @ Wed, 11 Nov 2015 10:55:03:  85000000 
INFO  @ Wed, 11 Nov 2015 10:55:11:  86000000 
INFO  @ Wed, 11 Nov 2015 10:55:17:  87000000 
INFO  @ Wed, 11 Nov 2015 10:55:20:  88000000 
INFO  @ Wed, 11 Nov 2015 10:55:22:  89000000 
INFO  @ Wed, 11 Nov 2015 10:55:25:  90000000 
INFO  @ Wed, 11 Nov 2015 10:55:29:  91000000 
INFO  @ Wed, 11 Nov 2015 10:55:31:  92000000 
INFO  @ Wed, 11 Nov 2015 10:55:35:  93000000 
INFO  @ Wed, 11 Nov 2015 10:55:38:  94000000 
INFO  @ Wed, 11 Nov 2015 10:55:42:  95000000 
INFO  @ Wed, 11 Nov 2015 10:55:45:  96000000 
INFO  @ Wed, 11 Nov 2015 10:55:48:  97000000 
INFO  @ Wed, 11 Nov 2015 10:55:51:  98000000 
INFO  @ Wed, 11 Nov 2015 10:55:54:  99000000 
INFO  @ Wed, 11 Nov 2015 10:55:57:  100000000 
INFO  @ Wed, 11 Nov 2015 10:56:00:  101000000 
INFO  @ Wed, 11 Nov 2015 10:56:03:  102000000 
INFO  @ Wed, 11 Nov 2015 10:56:08: #1 tag size is determined as 50 bps 
INFO  @ Wed, 11 Nov 2015 10:56:08: #1 tag size = 50 
INFO  @ Wed, 11 Nov 2015 10:56:08: #1  total tags in treatment: 60215741 
INFO  @ Wed, 11 Nov 2015 10:56:08: #1 user defined the maximum tags... 
INFO  @ Wed, 11 Nov 2015 10:56:08: #1 filter out redundant tags at the same location and the same strand by allowing at most 1 tag(s) 
INFO  @ Wed, 11 Nov 2015 10:56:09: #1  tags after filtering in treatment: 19281334 
INFO  @ Wed, 11 Nov 2015 10:56:09: #1  Redundant rate of treatment: 0.68 
INFO  @ Wed, 11 Nov 2015 10:56:09: #1 finished! 
INFO  @ Wed, 11 Nov 2015 10:56:09: #2 Build Peak Model... 
INFO  @ Wed, 11 Nov 2015 10:56:09: #2 looking for paired plus/minus strand peaks... 
DEBUG @ Wed, 11 Nov 2015 10:56:09: Chromosome: chr1 
DEBUG @ Wed, 11 Nov 2015 10:56:10: Number of unique tags on + strand: 753577 
DEBUG @ Wed, 11 Nov 2015 10:56:10: Number of peaks in + strand: 4679 
DEBUG @ Wed, 11 Nov 2015 10:56:10: Number of unique tags on - strand: 754302 
DEBUG @ Wed, 11 Nov 2015 10:56:10: Number of peaks in - strand: 4738 
DEBUG @ Wed, 11 Nov 2015 10:56:10: Number of paired peaks: 1960 
DEBUG @ Wed, 11 Nov 2015 10:56:10: Chromosome: chr10 
DEBUG @ Wed, 11 Nov 2015 10:56:10: Number of unique tags on + strand: 405043 
DEBUG @ Wed, 11 Nov 2015 10:56:10: Number of peaks in + strand: 389 
DEBUG @ Wed, 11 Nov 2015 10:56:10: Number of unique tags on - strand: 404919 
DEBUG @ Wed, 11 Nov 2015 10:56:10: Number of peaks in - strand: 451 
DEBUG @ Wed, 11 Nov 2015 10:56:10: Number of paired peaks: 156 
DEBUG @ Wed, 11 Nov 2015 10:56:10: Chromosome: chr11 
DEBUG @ Wed, 11 Nov 2015 10:56:10: Number of unique tags on + strand: 352179 
DEBUG @ Wed, 11 Nov 2015 10:56:10: Number of peaks in + strand: 454 
DEBUG @ Wed, 11 Nov 2015 10:56:10: Number of unique tags on - strand: 352930 
DEBUG @ Wed, 11 Nov 2015 10:56:10: Number of peaks in - strand: 506 
DEBUG @ Wed, 11 Nov 2015 10:56:10: Number of paired peaks: 87 
DEBUG @ Wed, 11 Nov 2015 10:56:10: Chromosome: chr12 
DEBUG @ Wed, 11 Nov 2015 10:56:10: Number of unique tags on + strand: 532136 
DEBUG @ Wed, 11 Nov 2015 10:56:10: Number of peaks in + strand: 1323 
DEBUG @ Wed, 11 Nov 2015 10:56:10: Number of unique tags on - strand: 532613 
DEBUG @ Wed, 11 Nov 2015 10:56:10: Number of peaks in - strand: 1445 
DEBUG @ Wed, 11 Nov 2015 10:56:10: Number of paired peaks: 191 
DEBUG @ Wed, 11 Nov 2015 10:56:10: Chromosome: chr13 
DEBUG @ Wed, 11 Nov 2015 10:56:10: Number of unique tags on + strand: 262662 
DEBUG @ Wed, 11 Nov 2015 10:56:10: Number of peaks in + strand: 234 
DEBUG @ Wed, 11 Nov 2015 10:56:10: Number of unique tags on - strand: 262717 
DEBUG @ Wed, 11 Nov 2015 10:56:10: Number of peaks in - strand: 238 
DEBUG @ Wed, 11 Nov 2015 10:56:10: Number of paired peaks: 19 
DEBUG @ Wed, 11 Nov 2015 10:56:10: Chromosome: chr14 
DEBUG @ Wed, 11 Nov 2015 10:56:10: Number of unique tags on + strand: 371000 
DEBUG @ Wed, 11 Nov 2015 10:56:10: Number of peaks in + strand: 888 
DEBUG @ Wed, 11 Nov 2015 10:56:10: Number of unique tags on - strand: 370257 
DEBUG @ Wed, 11 Nov 2015 10:56:10: Number of peaks in - strand: 936 
DEBUG @ Wed, 11 Nov 2015 10:56:10: Number of paired peaks: 70 
DEBUG @ Wed, 11 Nov 2015 10:56:10: Chromosome: chr15 
DEBUG @ Wed, 11 Nov 2015 10:56:10: Number of unique tags on + strand: 271291 
DEBUG @ Wed, 11 Nov 2015 10:56:10: Number of peaks in + strand: 1166 
DEBUG @ Wed, 11 Nov 2015 10:56:10: Number of unique tags on - strand: 271240 
DEBUG @ Wed, 11 Nov 2015 10:56:10: Number of peaks in - strand: 1130 
DEBUG @ Wed, 11 Nov 2015 10:56:10: Number of paired peaks: 326 
DEBUG @ Wed, 11 Nov 2015 10:56:10: Chromosome: chr16 
DEBUG @ Wed, 11 Nov 2015 10:56:10: Number of unique tags on + strand: 293187 
DEBUG @ Wed, 11 Nov 2015 10:56:10: Number of peaks in + strand: 1114 
DEBUG @ Wed, 11 Nov 2015 10:56:10: Number of unique tags on - strand: 294583 
DEBUG @ Wed, 11 Nov 2015 10:56:10: Number of peaks in - strand: 1260 
DEBUG @ Wed, 11 Nov 2015 10:56:10: Number of paired peaks: 241 
DEBUG @ Wed, 11 Nov 2015 10:56:10: Chromosome: chr17 
DEBUG @ Wed, 11 Nov 2015 10:56:10: Number of unique tags on + strand: 398600 
DEBUG @ Wed, 11 Nov 2015 10:56:10: Number of peaks in + strand: 5553 
DEBUG @ Wed, 11 Nov 2015 10:56:11: Number of unique tags on - strand: 399256 
DEBUG @ Wed, 11 Nov 2015 10:56:11: Number of peaks in - strand: 5571 
DEBUG @ Wed, 11 Nov 2015 10:56:11: Number of paired peaks: 3824 
DEBUG @ Wed, 11 Nov 2015 10:56:11: Chromosome: chr18 
DEBUG @ Wed, 11 Nov 2015 10:56:11: Number of unique tags on + strand: 172156 
DEBUG @ Wed, 11 Nov 2015 10:56:11: Number of peaks in + strand: 56 
DEBUG @ Wed, 11 Nov 2015 10:56:11: Number of unique tags on - strand: 172380 
DEBUG @ Wed, 11 Nov 2015 10:56:11: Number of peaks in - strand: 49 
DEBUG @ Wed, 11 Nov 2015 10:56:11: Number of paired peaks: 21 
DEBUG @ Wed, 11 Nov 2015 10:56:11: Chromosome: chr19 
DEBUG @ Wed, 11 Nov 2015 10:56:11: Number of unique tags on + strand: 186496 
DEBUG @ Wed, 11 Nov 2015 10:56:11: Number of peaks in + strand: 179 
DEBUG @ Wed, 11 Nov 2015 10:56:11: Number of unique tags on - strand: 186606 
DEBUG @ Wed, 11 Nov 2015 10:56:11: Number of peaks in - strand: 179 
DEBUG @ Wed, 11 Nov 2015 10:56:11: Number of paired peaks: 16 
DEBUG @ Wed, 11 Nov 2015 10:56:11: Chromosome: chr2 
DEBUG @ Wed, 11 Nov 2015 10:56:11: Number of unique tags on + strand: 729284 
DEBUG @ Wed, 11 Nov 2015 10:56:11: Number of peaks in + strand: 540 
DEBUG @ Wed, 11 Nov 2015 10:56:11: Number of unique tags on - strand: 729855 
DEBUG @ Wed, 11 Nov 2015 10:56:11: Number of peaks in - strand: 556 
DEBUG @ Wed, 11 Nov 2015 10:56:11: Number of paired peaks: 146 
DEBUG @ Wed, 11 Nov 2015 10:56:11: Chromosome: chr20 
DEBUG @ Wed, 11 Nov 2015 10:56:11: Number of unique tags on + strand: 388957 
DEBUG @ Wed, 11 Nov 2015 10:56:11: Number of peaks in + strand: 5960 
DEBUG @ Wed, 11 Nov 2015 10:56:11: Number of unique tags on - strand: 388925 
DEBUG @ Wed, 11 Nov 2015 10:56:11: Number of peaks in - strand: 5895 
DEBUG @ Wed, 11 Nov 2015 10:56:11: Number of paired peaks: 4289 
DEBUG @ Wed, 11 Nov 2015 10:56:11: Chromosome: chr21 
DEBUG @ Wed, 11 Nov 2015 10:56:11: Number of unique tags on + strand: 109154 
DEBUG @ Wed, 11 Nov 2015 10:56:11: Number of peaks in + strand: 369 
DEBUG @ Wed, 11 Nov 2015 10:56:11: Number of unique tags on - strand: 109269 
DEBUG @ Wed, 11 Nov 2015 10:56:11: Number of peaks in - strand: 398 
DEBUG @ Wed, 11 Nov 2015 10:56:11: Number of paired peaks: 156 
DEBUG @ Wed, 11 Nov 2015 10:56:11: Chromosome: chr22 
DEBUG @ Wed, 11 Nov 2015 10:56:11: Number of unique tags on + strand: 75208 
DEBUG @ Wed, 11 Nov 2015 10:56:11: Number of peaks in + strand: 25 
DEBUG @ Wed, 11 Nov 2015 10:56:11: Number of unique tags on - strand: 75236 
DEBUG @ Wed, 11 Nov 2015 10:56:11: Number of peaks in - strand: 21 
DEBUG @ Wed, 11 Nov 2015 10:56:11: Number of paired peaks: 5 
DEBUG @ Wed, 11 Nov 2015 10:56:11: Chromosome: chr3 
DEBUG @ Wed, 11 Nov 2015 10:56:11: Number of unique tags on + strand: 762191 
DEBUG @ Wed, 11 Nov 2015 10:56:11: Number of peaks in + strand: 3806 
DEBUG @ Wed, 11 Nov 2015 10:56:11: Number of unique tags on - strand: 761229 
DEBUG @ Wed, 11 Nov 2015 10:56:11: Number of peaks in - strand: 3890 
DEBUG @ Wed, 11 Nov 2015 10:56:11: Number of paired peaks: 2366 
DEBUG @ Wed, 11 Nov 2015 10:56:11: Chromosome: chr4 
DEBUG @ Wed, 11 Nov 2015 10:56:11: Number of unique tags on + strand: 544077 
DEBUG @ Wed, 11 Nov 2015 10:56:11: Number of peaks in + strand: 299 
DEBUG @ Wed, 11 Nov 2015 10:56:11: Number of unique tags on - strand: 543479 
DEBUG @ Wed, 11 Nov 2015 10:56:11: Number of peaks in - strand: 279 
DEBUG @ Wed, 11 Nov 2015 10:56:11: Number of paired peaks: 99 
DEBUG @ Wed, 11 Nov 2015 10:56:11: Chromosome: chr5 
DEBUG @ Wed, 11 Nov 2015 10:56:11: Number of unique tags on + strand: 592146 
DEBUG @ Wed, 11 Nov 2015 10:56:11: Number of peaks in + strand: 648 
DEBUG @ Wed, 11 Nov 2015 10:56:11: Number of unique tags on - strand: 590448 
DEBUG @ Wed, 11 Nov 2015 10:56:11: Number of peaks in - strand: 718 
DEBUG @ Wed, 11 Nov 2015 10:56:11: Number of paired peaks: 104 
DEBUG @ Wed, 11 Nov 2015 10:56:11: Chromosome: chr6 
DEBUG @ Wed, 11 Nov 2015 10:56:12: Number of unique tags on + strand: 593500 
DEBUG @ Wed, 11 Nov 2015 10:56:12: Number of peaks in + strand: 708 
DEBUG @ Wed, 11 Nov 2015 10:56:12: Number of unique tags on - strand: 595309 
DEBUG @ Wed, 11 Nov 2015 10:56:12: Number of peaks in - strand: 725 
DEBUG @ Wed, 11 Nov 2015 10:56:12: Number of paired peaks: 77 
DEBUG @ Wed, 11 Nov 2015 10:56:12: Chromosome: chr7 
DEBUG @ Wed, 11 Nov 2015 10:56:12: Number of unique tags on + strand: 570064 
DEBUG @ Wed, 11 Nov 2015 10:56:12: Number of peaks in + strand: 1459 
DEBUG @ Wed, 11 Nov 2015 10:56:12: Number of unique tags on - strand: 572768 
DEBUG @ Wed, 11 Nov 2015 10:56:12: Number of peaks in - strand: 1580 
DEBUG @ Wed, 11 Nov 2015 10:56:12: Number of paired peaks: 221 
DEBUG @ Wed, 11 Nov 2015 10:56:12: Chromosome: chr8 
DEBUG @ Wed, 11 Nov 2015 10:56:12: Number of unique tags on + strand: 548987 
DEBUG @ Wed, 11 Nov 2015 10:56:12: Number of peaks in + strand: 2975 
DEBUG @ Wed, 11 Nov 2015 10:56:12: Number of unique tags on - strand: 549339 
DEBUG @ Wed, 11 Nov 2015 10:56:12: Number of peaks in - strand: 3140 
DEBUG @ Wed, 11 Nov 2015 10:56:12: Number of paired peaks: 805 
DEBUG @ Wed, 11 Nov 2015 10:56:12: Chromosome: chr9 
DEBUG @ Wed, 11 Nov 2015 10:56:12: Number of unique tags on + strand: 413174 
DEBUG @ Wed, 11 Nov 2015 10:56:12: Number of peaks in + strand: 1015 
DEBUG @ Wed, 11 Nov 2015 10:56:12: Number of unique tags on - strand: 413647 
DEBUG @ Wed, 11 Nov 2015 10:56:12: Number of peaks in - strand: 1134 
DEBUG @ Wed, 11 Nov 2015 10:56:12: Number of paired peaks: 129 
DEBUG @ Wed, 11 Nov 2015 10:56:12: Chromosome: chrX 
DEBUG @ Wed, 11 Nov 2015 10:56:12: Number of unique tags on + strand: 312450 
DEBUG @ Wed, 11 Nov 2015 10:56:12: Number of peaks in + strand: 49 
DEBUG @ Wed, 11 Nov 2015 10:56:12: Number of unique tags on - strand: 312508 
DEBUG @ Wed, 11 Nov 2015 10:56:12: Number of peaks in - strand: 53 
DEBUG @ Wed, 11 Nov 2015 10:56:12: Number of paired peaks: 20 
INFO  @ Wed, 11 Nov 2015 10:56:12: #2 number of paired peaks: 15328 
DEBUG @ Wed, 11 Nov 2015 10:56:12: Use 15328 pairs to build the model. 
INFO  @ Wed, 11 Nov 2015 10:56:12: start model_add_line... 
INFO  @ Wed, 11 Nov 2015 10:56:12: start X-correlation... 
INFO  @ Wed, 11 Nov 2015 10:56:12: end of X-cor 
INFO  @ Wed, 11 Nov 2015 10:56:12: #2 finished! 
DEBUG @ Wed, 11 Nov 2015 10:56:12: #2  Summary Model: 
DEBUG @ Wed, 11 Nov 2015 10:56:12: #2   min_tags: 11 
DEBUG @ Wed, 11 Nov 2015 10:56:12: #2   d: 424 
DEBUG @ Wed, 11 Nov 2015 10:56:12: #2   scan_window: 848 
INFO  @ Wed, 11 Nov 2015 10:56:12: #2 predicted fragment length is 424 bps 
INFO  @ Wed, 11 Nov 2015 10:56:12: #2 alternative fragment length(s) may be 44,424 bps 
INFO  @ Wed, 11 Nov 2015 10:56:12: #2.2 Generate R script for model : /users/GR/mb/jquilez/data/chipseq/samples/T_0_ER_MCF_7_11730_CGATGT/peaks/macs2/T_0_ER_MCF_7_11730_CGATGT_model.r 
INFO  @ Wed, 11 Nov 2015 10:56:13: #3 Call peaks... 
INFO  @ Wed, 11 Nov 2015 10:56:13: #3 Going to call summits inside each peak ... 
INFO  @ Wed, 11 Nov 2015 10:56:13: #3 Pre-compute pvalue-qvalue table... 
DEBUG @ Wed, 11 Nov 2015 10:56:13: Start to calculate pvalue stat... 
DEBUG @ Wed, 11 Nov 2015 10:56:56: access pq hash for 75342631 times 
INFO  @ Wed, 11 Nov 2015 10:56:56: #3 In the peak calling step, the following will be performed simultaneously: 
INFO  @ Wed, 11 Nov 2015 10:56:56: #3   Write bedGraph files for treatment pileup (after scaling if necessary)... T_0_ER_MCF_7_11730_CGATGT_treat_pileup.bdg 
INFO  @ Wed, 11 Nov 2015 10:56:56: #3   Write bedGraph files for control lambda (after scaling if necessary)... T_0_ER_MCF_7_11730_CGATGT_control_lambda.bdg 
INFO  @ Wed, 11 Nov 2015 10:56:56: #3   Pileup will be based on sequencing depth in treatment. 
INFO  @ Wed, 11 Nov 2015 10:56:56: #3 Call peaks for each chromosome... 
INFO  @ Wed, 11 Nov 2015 10:59:37: #4 Write output xls file... /users/GR/mb/jquilez/data/chipseq/samples/T_0_ER_MCF_7_11730_CGATGT/peaks/macs2/T_0_ER_MCF_7_11730_CGATGT_peaks.xls 
INFO  @ Wed, 11 Nov 2015 10:59:37: #4 Write peak in narrowPeak format file... /users/GR/mb/jquilez/data/chipseq/samples/T_0_ER_MCF_7_11730_CGATGT/peaks/macs2/T_0_ER_MCF_7_11730_CGATGT_peaks.narrowPeak 
INFO  @ Wed, 11 Nov 2015 10:59:37: #4 Write summits bed file... /users/GR/mb/jquilez/data/chipseq/samples/T_0_ER_MCF_7_11730_CGATGT/peaks/macs2/T_0_ER_MCF_7_11730_CGATGT_summits.bed 
INFO  @ Wed, 11 Nov 2015 10:59:37: Done! 
