Traceback (most recent call last):
  File "/usr/lib64/python2.6/logging/handlers.py", line 77, in emit
    self.doRollover()
  File "/usr/lib64/python2.6/logging/handlers.py", line 134, in doRollover
    os.rename(self.baseFilename, dfn)
OSError: [Errno 2] No such file or directory
Traceback (most recent call last):
  File "/usr/lib64/python2.6/logging/handlers.py", line 76, in emit
    if self.shouldRollover(record):
  File "/usr/lib64/python2.6/logging/handlers.py", line 150, in shouldRollover
    self.stream.seek(0, 2)  #due to non-posix-compliant Windows feature
ValueError: I/O operation on closed file
Traceback (most recent call last):
  File "/usr/lib64/python2.6/logging/handlers.py", line 76, in emit
    if self.shouldRollover(record):
  File "/usr/lib64/python2.6/logging/handlers.py", line 150, in shouldRollover
    self.stream.seek(0, 2)  #due to non-posix-compliant Windows feature
ValueError: I/O operation on closed file
Error in atexit._run_exitfuncs:
Traceback (most recent call last):
  File "/usr/lib64/python2.6/atexit.py", line 24, in _run_exitfuncs
    func(*targs, **kargs)
  File "/usr/lib64/python2.6/logging/__init__.py", line 1516, in shutdown
    h.flush()
  File "/usr/lib64/python2.6/logging/__init__.py", line 762, in flush
    self.stream.flush()
ValueError: I/O operation on closed file
Error in sys.exitfunc:
Traceback (most recent call last):
  File "/usr/lib64/python2.6/atexit.py", line 24, in _run_exitfuncs
    func(*targs, **kargs)
  File "/usr/lib64/python2.6/logging/__init__.py", line 1516, in shutdown
    h.flush()
  File "/usr/lib64/python2.6/logging/__init__.py", line 762, in flush
    self.stream.flush()
ValueError: I/O operation on closed file

INFO 	2016-02-08 14:48:42 	[trim_reads] 	trimming adapter sequences for HiSeq, NextSeq or HiSeq
INFO 	2016-02-08 14:48:42 	[trim_reads] 	trimming low-quality reads ends using trimmomatic's recommended practices
INFO 	2016-02-08 15:17:28 	[trim_reads] 	unpaired reads are deleted
TIME 	2016-02-08 15:17:28 	[trim_reads] 	step time for completion (seconds) = 1727

INFO 	2016-02-08 15:17:28 	[map_star] 	mapping trimmed paired-end reads with STAR
INFO 	2016-02-08 15:17:28 	[map_star] 	using ENCODE standard options for long RNA-seq pipeline
INFO 	2016-02-08 15:31:05 	[map_star] 	alignments are in /users/GR/mb/jquilez/data/rnaseq/samples/T0_BR61_2/alignments/star
TIME 	2016-02-08 15:31:05 	[map_star] 	step time for completion (seconds) = 817

INFO 	2016-02-08 15:31:06 	[make_profiles] 	make read profiles from STAR alignments
INFO 	2016-02-08 15:31:06 	[make_profiles] 	Filtering valid pairs (for paired-end data only) and convert BAM to BED
INFO 	2016-02-08 15:47:06 	[make_profiles] 	converting BED to bigWig (more suitable for UCSC Genome Browser uploads)
INFO 	2016-02-08 15:56:13 	[make_profiles] 	delete intermediate BED
TIME 	2016-02-08 15:56:14 	[make_profiles] 	step time for completion (seconds) = 1509

INFO 	2016-02-08 15:56:14 	[quantification_htseq] 	quantifying abundances of transcripts using HTSeq
INFO 	2016-02-08 15:56:14 	[quantification_htseq] 	using Ensemble genes as transcriptome reference
INFO 	2016-02-08 18:14:49 	[quantification_htseq] 	quantifications are in /users/GR/mb/jquilez/data/rnaseq/samples/T0_BR61_2/quantifications/htseq
TIME 	2016-02-08 18:14:49 	[quantification_htseq] 	step time for completion (seconds) = 8315

INFO 	2016-02-08 18:14:49 	[quantification_kallisto] 	performing pseudoalignment and quantifying abundances of transcripts using kallisto
INFO 	2016-02-08 18:14:49 	[quantification_kallisto] 	using Ensemble genes as transcriptome reference
INFO 	2016-02-08 18:33:33 	[quantification_kallisto] 	converting form HDF5 to text
INFO 	2016-02-08 18:34:13 	[quantification_kallisto] 	quantifications are in /users/GR/mb/jquilez/data/rnaseq/samples/T0_BR61_2/quantifications/kallisto
TIME 	2016-02-08 18:34:13 	[quantification_kallisto] 	step time for completion (seconds) = 1164

INFO 	2016-02-08 18:34:13 	[quantification_featurecounts] 	quantifying abundances of transcripts using featureCounts
INFO 	2016-02-08 18:34:13 	[quantification_featurecounts] 	using Ensemble genes as transcriptome reference
INFO 	2016-02-08 18:56:39 	[quantification_featurecounts] 	quantifications are in /users/GR/mb/jquilez/data/rnaseq/samples/T0_BR61_2/quantifications/featurecounts
TIME 	2016-02-08 18:56:39 	[quantification_featurecounts] 	step time for completion (seconds) = 1346


