
INFO 	2015-12-15 14:22:43 	[make_profiles] 	Extract first base of the alignment
INFO 	2015-12-15 14:39:31 	[make_profiles] 	generate the native elongating transcripts (NET) profiles
Calcualte wigsum ... 
Processing chrX ...
Processing chr13 ...
Processing chr12 ...
Processing chr11 ...
Processing chr10 ...
Processing chr17 ...
Processing chr16 ...
Processing chr15 ...
Processing chr14 ...
Processing chr19 ...
Processing chr18 ...
Processing chr22 ...
Processing chr20 ...
Processing chr21 ...
Processing chr7 ...
Processing chr6 ...
Processing chr5 ...
Processing chr4 ...
Processing chr3 ...
Processing chr2 ...
Processing chr1 ...
Processing chr9 ...
Processing chr8 ...


total wigsum is:40796475.0

Processing chrX ...
Processing chr13 ...
Processing chr12 ...
Processing chr11 ...
Processing chr10 ...
Processing chr17 ...
Processing chr16 ...
Processing chr15 ...
Processing chr14 ...
Processing chr19 ...
Processing chr18 ...
Processing chr22 ...
Processing chr20 ...
Processing chr21 ...
Processing chr7 ...
Processing chr6 ...
Processing chr5 ...
Processing chr4 ...
Processing chr3 ...
Processing chr2 ...
Processing chr1 ...
Processing chr9 ...
Processing chr8 ...
TIME 	2015-12-15 14:46:25 	[make_profiles] 	step time for completion (seconds) = 1422


