Traceback (most recent call last):
  File "/usr/lib64/python2.6/logging/handlers.py", line 77, in emit
    self.doRollover()
  File "/usr/lib64/python2.6/logging/handlers.py", line 133, in doRollover
    os.remove(dfn)
OSError: [Errno 2] No such file or directory: '/software/mb/el6.3/python/envs/.virtualenvs/hook.log.1'
Error in atexit._run_exitfuncs:
Traceback (most recent call last):
  File "/usr/lib64/python2.6/atexit.py", line 24, in _run_exitfuncs
    func(*targs, **kargs)
  File "/usr/lib64/python2.6/logging/__init__.py", line 1516, in shutdown
    h.flush()
  File "/usr/lib64/python2.6/logging/__init__.py", line 762, in flush
    self.stream.flush()
ValueError: I/O operation on closed file
Error in sys.exitfunc:
Traceback (most recent call last):
  File "/usr/lib64/python2.6/atexit.py", line 24, in _run_exitfuncs
    func(*targs, **kargs)
  File "/usr/lib64/python2.6/logging/__init__.py", line 1516, in shutdown
    h.flush()
  File "/usr/lib64/python2.6/logging/__init__.py", line 762, in flush
    self.stream.flush()
ValueError: I/O operation on closed file

INFO 	2015-11-26 10:34:01 	[trim_adapter] 	remove Truseq small RNA preparation kit adapter with cutadapt
TIME 	2015-11-26 12:27:49 	[trim_adapter] 	step time for completion (seconds) = 6828


