
INFO 	2016-06-30 12:02:11 	[trim_reads_trimmomatic] 	paths to read1 and read2 saved to metadata database
INFO 	2016-06-30 12:02:11 	[trim_reads_trimmomatic] 	sequencing type = PE
INFO 	2016-06-30 12:02:11 	[trim_reads_trimmomatic] 	trimming adapter sequences for HiSeq, NextSeq or HiSeq
INFO 	2016-06-30 12:02:11 	[trim_reads_trimmomatic] 	trimming low-quality reads ends using trimmomatic's recommended practices
INFO 	2016-06-30 12:39:23 	[trim_reads_trimmomatic] 	parse step log to extract generated metadata
INFO 	2016-06-30 12:39:23 	[trim_reads_trimmomatic] 	reads after trimming = 91875856
INFO 	2016-06-30 12:40:11 	[trim_reads_trimmomatic] 	trimmomatic parameters and numbe of trimmed reads added to metadata
INFO 	2016-06-30 12:40:11 	[trim_reads_trimmomatic] 	trimmed reads are in /users/GR/mb/jquilez/data/rnaseq/samples/fd_005_02_01_rnaseq/fastqs_processed/trimmomatic/paired_end
INFO 	2016-06-30 12:40:11 	[trim_reads_trimmomatic] 	unpaired reads are deleted
TIME 	2016-06-30 12:40:51 	[trim_reads_trimmomatic] 	step time for completion (seconds) = 2325

INFO 	2016-06-30 12:40:54 	[align_star] 	align trimmed single-end reads with STAR (version = STAR_2.5.1b_modified)
INFO 	2016-06-30 12:40:54 	[align_star] 	using ENCODE standard options for long RNA-seq pipeline
INFO 	2016-06-30 13:06:20 	[align_star] 	alignments are in /users/GR/mb/jquilez/data/rnaseq/samples/fd_005_02_01_rnaseq/alignments/star/hg38_mmtv/paired_end
INFO 	2016-06-30 13:11:34 	[align_star] 	parse step log to extract generated metadata
INFO 	2016-06-30 13:11:35 	[align_star] 	reads unique (number) = 83980572
INFO 	2016-06-30 13:11:35 	[align_star] 	reads unique (percentage) = 91.41
INFO 	2016-06-30 13:11:35 	[align_star] 	accepted multi-mappings (number) = 5599204
INFO 	2016-06-30 13:11:35 	[align_star] 	accepted multi-mappings (percentage) = 6.09
INFO 	2016-06-30 13:11:35 	[align_star] 	excluded multi-mappings (percentage) = 0.05
INFO 	2016-06-30 13:11:35 	[align_star] 	reads unmapped too short (percentage) = 2.33
INFO 	2016-06-30 13:11:35 	[align_star] 	splices (number) = 28851638
TIME 	2016-06-30 13:12:45 	[align_star] 	step time for completion (seconds) = 1911

INFO 	2016-06-30 13:12:48 	[quality_alignments] 	general QC of the BAM (using qualimap's bamqc)
INFO 	2016-06-30 13:40:12 	[quality_alignments] 	parse step log to extract generated metadata
INFO 	2016-06-30 13:40:13 	[quality_alignments] 	percentage of overlapping read pais = 6.54690527813446602375
INFO 	2016-06-30 13:40:13 	[quality_alignments] 	percentage duplication = 49.79
INFO 	2016-06-30 13:40:13 	[quality_alignments] 	median insert size (bp) = 268
INFO 	2016-06-30 13:40:13 	[quality_alignments] 	mean mapping quality = 17.7974
INFO 	2016-06-30 13:40:13 	[quality_alignments] 	mean coverage (X) = 36.8027
INFO 	2016-06-30 13:40:13 	[quality_alignments] 	mean coverage adjusted paired-end = 36.4336

INFO 	2016-06-30 13:40:26 	[quality_alignments] 	RNAseq-specific QC of the BAM (using qualimap's rnaseq)
INFO 	2016-06-30 14:02:02 	[quality_alignments] 	parse step log to extract generated metadata
INFO 	2016-06-30 14:02:02 	[quality_alignments] 	total alignments = 204979810
INFO 	2016-06-30 14:02:02 	[quality_alignments] 	percentage secondary alignments = 12.59648840537026549102
INFO 	2016-06-30 14:02:02 	[quality_alignments] 	percentage non-unique alignments = 0
INFO 	2016-06-30 14:02:02 	[quality_alignments] 	percentage aligned to genes = 1.18288235314492681010
INFO 	2016-06-30 14:02:02 	[quality_alignments] 	percentage no feature assigned = .87100383203594539384
INFO 	2016-06-30 14:02:02 	[quality_alignments] 	percentage not aligned = 0
INFO 	2016-06-30 14:02:02 	[quality_alignments] 	percentage exonic = 57.59
INFO 	2016-06-30 14:02:02 	[quality_alignments] 	percentage intronic = 33.93
INFO 	2016-06-30 14:02:02 	[quality_alignments] 	percentage intergenic = 8.48
INFO 	2016-06-30 14:02:02 	[quality_alignments] 	percentage overlapping exon = 2.89
TIME 	2016-06-30 14:02:21 	[quality_alignments] 	step time for completion (seconds) = 2973

INFO 	2016-06-30 14:02:23 	[quantification_featurecounts] 	quantifying read counts per gene using featureCounts
INFO 	2016-06-30 14:02:23 	[quantification_featurecounts] 	using gene models from /users/GR/mb/jquilez/assemblies/homo_sapiens/hg38/gencode/gencode.v24.annotation.gtf
INFO 	2016-06-30 14:02:23 	[quantification_featurecounts] 	kallisto (transcripts) and featurecounts (genes) quantifications are not directly comparable
INFO 	2016-06-30 14:02:23 	[quantification_featurecounts] 	even if the *_mmtv version of the assembly is used, gene/transcript models are the same as for *
INFO 	2016-06-30 14:02:23 	[quantification_featurecounts] 	sequencing type is PE so fragments are counted
INFO 	2016-06-30 14:37:57 	[quantification_featurecounts] 	quantifications are in /users/GR/mb/jquilez/data/rnaseq/samples/fd_005_02_01_rnaseq/quantifications/featurecounts/hg38_mmtv/paired_end
INFO 	2016-06-30 14:37:57 	[quantification_featurecounts] 	parse step log to extract generated metadata
INFO 	2016-06-30 14:37:58 	[quantification_featurecounts] 	total fragments = 102489905
INFO 	2016-06-30 14:37:58 	[quantification_featurecounts] 	percentage fragments assigned = 74.43897816082471732215
INFO 	2016-06-30 14:37:58 	[quantification_featurecounts] 	percentage fragments ambiguous = 1.68830871684386867174
INFO 	2016-06-30 14:37:58 	[quantification_featurecounts] 	percentage fragments multi-mapping = 18.05966451037299722348
INFO 	2016-06-30 14:37:58 	[quantification_featurecounts] 	percentage fragments no features = 5.81304861195841678260
TIME 	2016-06-30 14:38:09 	[quantification_featurecounts] 	step time for completion (seconds) = 2146

INFO 	2016-06-30 14:38:11 	[quantification_kallisto] 	performing pseudoalignment and quantifying abundances of transcripts using kallisto, version 0.42.5
INFO 	2016-06-30 14:38:11 	[quantification_kallisto] 	using /users/GR/mb/jquilez/assemblies/homo_sapiens/hg38/kallisto_index/kallisto_homo_sapiens_hg38_gencode_v24.index as transcriptome reference
INFO 	2016-06-30 14:38:11 	[quantification_kallisto] 	kallisto (transcripts) and featurecounts (genes) quantifications are not directly comparable
INFO 	2016-06-30 14:38:11 	[quantification_kallisto] 	even if the *_mmtv version of the assembly is used, gene/transcript models are the same as for *
INFO 	2016-06-30 14:38:11 	[quantification_kallisto] 	sequence based bias correction is only applied to single-end data, as it fails for paired-end
INFO 	2016-06-30 14:38:11 	[quantification_kallisto] 	for paired-end data, the fragment length average and standard deviation are inferred from the data
INFO 	2016-06-30 15:13:51 	[quantification_kallisto] 	converting form HDF5 to text
INFO 	2016-06-30 15:15:09 	[quantification_kallisto] 	quantifications are in /users/GR/mb/jquilez/data/rnaseq/samples/fd_005_02_01_rnaseq/quantifications/kallisto/hg38_mmtv/paired_end
INFO 	2016-06-30 15:15:09 	[quantification_kallisto] 	parse step log to extract generated metadata
INFO 	2016-06-30 15:15:09 	[quantification_kallisto] 	number transcripts quantified = 199169
INFO 	2016-06-30 15:15:09 	[quantification_kallisto] 	number reads processed = 91875856
INFO 	2016-06-30 15:15:09 	[quantification_kallisto] 	percentage reads pseudoaligned = 90.01309223176108421781
INFO 	2016-06-30 15:15:09 	[quantification_kallisto] 	estimated average fragment length (bp) = 203.833
TIME 	2016-06-30 15:15:20 	[quantification_kallisto] 	step time for completion (seconds) = 2229

INFO 	2016-06-30 15:15:22 	[clean_up] 	deleting the following intermediate files/directories:
INFO 	2016-06-30 15:15:22 	[clean_up] 	/users/GR/mb/jquilez/data/rnaseq/samples/fd_005_02_01_rnaseq/fastqs_processed/trimmomatic/*/*
TIME 	2016-06-30 15:15:23 	[clean_up] 	step time for completion (seconds) = 1


INFO 	2016-06-30 15:15:24 	[pipeline] 	completed successfully
TIME 	2016-06-30 15:15:24 	[pipeline] 	total time for completion (seconds) = 11621

