
Traceback (most recent call last):
  File "/users/GR/mb/jquilez/utils/io_metadata.py", line 101, in <module>
    tab.upsert(new_data, ['SAMPLE_ID'])
  File "/nfs/software/mb/el6.3/python/envs/.virtualenvs/cpython279/lib/python2.7/site-packages/dataset/persistence/table.py", line 183, in upsert
    return self.insert(row, ensure=ensure, types=types)
  File "/nfs/software/mb/el6.3/python/envs/.virtualenvs/cpython279/lib/python2.7/site-packages/dataset/persistence/table.py", line 75, in insert
    res = self.database.executable.execute(self.table.insert(row))
  File "/nfs/software/mb/el6.3/python/envs/.virtualenvs/cpython279/lib/python2.7/site-packages/sqlalchemy/engine/base.py", line 1991, in execute
    return connection.execute(statement, *multiparams, **params)
  File "/nfs/software/mb/el6.3/python/envs/.virtualenvs/cpython279/lib/python2.7/site-packages/sqlalchemy/engine/base.py", line 914, in execute
    return meth(self, multiparams, params)
  File "/nfs/software/mb/el6.3/python/envs/.virtualenvs/cpython279/lib/python2.7/site-packages/sqlalchemy/sql/elements.py", line 323, in _execute_on_connection
    return connection._execute_clauseelement(self, multiparams, params)
  File "/nfs/software/mb/el6.3/python/envs/.virtualenvs/cpython279/lib/python2.7/site-packages/sqlalchemy/engine/base.py", line 1010, in _execute_clauseelement
    compiled_sql, distilled_params
  File "/nfs/software/mb/el6.3/python/envs/.virtualenvs/cpython279/lib/python2.7/site-packages/sqlalchemy/engine/base.py", line 1166, in _execute_context
    self._root._commit_impl(autocommit=True)
  File "/nfs/software/mb/el6.3/python/envs/.virtualenvs/cpython279/lib/python2.7/site-packages/sqlalchemy/engine/base.py", line 693, in _commit_impl
    self.connection._reset_agent is self.__transaction:
  File "/nfs/software/mb/el6.3/python/envs/.virtualenvs/cpython279/lib/python2.7/site-packages/sqlalchemy/engine/base.py", line 318, in connection
    self._handle_dbapi_exception(e, None, None, None, None)
  File "/nfs/software/mb/el6.3/python/envs/.virtualenvs/cpython279/lib/python2.7/site-packages/sqlalchemy/engine/base.py", line 1344, in _handle_dbapi_exception
    util.reraise(*exc_info)
  File "/nfs/software/mb/el6.3/python/envs/.virtualenvs/cpython279/lib/python2.7/site-packages/sqlalchemy/engine/base.py", line 316, in connection
    return self._revalidate_connection()
  File "/nfs/software/mb/el6.3/python/envs/.virtualenvs/cpython279/lib/python2.7/site-packages/sqlalchemy/engine/base.py", line 396, in _revalidate_connection
    raise exc.ResourceClosedError("This Connection is closed")
sqlalchemy.exc.ResourceClosedError: This Connection is closed
Traceback (most recent call last):
  File "/users/GR/mb/jquilez/utils/io_metadata.py", line 101, in <module>
    tab.upsert(new_data, ['SAMPLE_ID'])
  File "/nfs/software/mb/el6.3/python/envs/.virtualenvs/cpython279/lib/python2.7/site-packages/dataset/persistence/table.py", line 172, in upsert
    row_count = self.update(row, keys, ensure=ensure, types=types)
  File "/nfs/software/mb/el6.3/python/envs/.virtualenvs/cpython279/lib/python2.7/site-packages/dataset/persistence/table.py", line 145, in update
    rp = self.database.executable.execute(stmt)
  File "/nfs/software/mb/el6.3/python/envs/.virtualenvs/cpython279/lib/python2.7/site-packages/sqlalchemy/engine/base.py", line 1991, in execute
    return connection.execute(statement, *multiparams, **params)
  File "/nfs/software/mb/el6.3/python/envs/.virtualenvs/cpython279/lib/python2.7/site-packages/sqlalchemy/engine/base.py", line 914, in execute
    return meth(self, multiparams, params)
  File "/nfs/software/mb/el6.3/python/envs/.virtualenvs/cpython279/lib/python2.7/site-packages/sqlalchemy/sql/elements.py", line 323, in _execute_on_connection
    return connection._execute_clauseelement(self, multiparams, params)
  File "/nfs/software/mb/el6.3/python/envs/.virtualenvs/cpython279/lib/python2.7/site-packages/sqlalchemy/engine/base.py", line 1010, in _execute_clauseelement
    compiled_sql, distilled_params
  File "/nfs/software/mb/el6.3/python/envs/.virtualenvs/cpython279/lib/python2.7/site-packages/sqlalchemy/engine/base.py", line 1166, in _execute_context
    self._root._commit_impl(autocommit=True)
  File "/nfs/software/mb/el6.3/python/envs/.virtualenvs/cpython279/lib/python2.7/site-packages/sqlalchemy/engine/base.py", line 693, in _commit_impl
    self.connection._reset_agent is self.__transaction:
  File "/nfs/software/mb/el6.3/python/envs/.virtualenvs/cpython279/lib/python2.7/site-packages/sqlalchemy/engine/base.py", line 318, in connection
    self._handle_dbapi_exception(e, None, None, None, None)
  File "/nfs/software/mb/el6.3/python/envs/.virtualenvs/cpython279/lib/python2.7/site-packages/sqlalchemy/engine/base.py", line 1344, in _handle_dbapi_exception
    util.reraise(*exc_info)
  File "/nfs/software/mb/el6.3/python/envs/.virtualenvs/cpython279/lib/python2.7/site-packages/sqlalchemy/engine/base.py", line 316, in connection
    return self._revalidate_connection()
  File "/nfs/software/mb/el6.3/python/envs/.virtualenvs/cpython279/lib/python2.7/site-packages/sqlalchemy/engine/base.py", line 396, in _revalidate_connection
    raise exc.ResourceClosedError("This Connection is closed")
sqlalchemy.exc.ResourceClosedError: This Connection is closed
Traceback (most recent call last):
  File "/users/GR/mb/jquilez/utils/io_metadata.py", line 101, in <module>
    tab.upsert(new_data, ['SAMPLE_ID'])
  File "/nfs/software/mb/el6.3/python/envs/.virtualenvs/cpython279/lib/python2.7/site-packages/dataset/persistence/table.py", line 172, in upsert
    row_count = self.update(row, keys, ensure=ensure, types=types)
  File "/nfs/software/mb/el6.3/python/envs/.virtualenvs/cpython279/lib/python2.7/site-packages/dataset/persistence/table.py", line 145, in update
    rp = self.database.executable.execute(stmt)
  File "/nfs/software/mb/el6.3/python/envs/.virtualenvs/cpython279/lib/python2.7/site-packages/sqlalchemy/engine/base.py", line 1991, in execute
    return connection.execute(statement, *multiparams, **params)
  File "/nfs/software/mb/el6.3/python/envs/.virtualenvs/cpython279/lib/python2.7/site-packages/sqlalchemy/engine/base.py", line 914, in execute
    return meth(self, multiparams, params)
  File "/nfs/software/mb/el6.3/python/envs/.virtualenvs/cpython279/lib/python2.7/site-packages/sqlalchemy/sql/elements.py", line 323, in _execute_on_connection
    return connection._execute_clauseelement(self, multiparams, params)
  File "/nfs/software/mb/el6.3/python/envs/.virtualenvs/cpython279/lib/python2.7/site-packages/sqlalchemy/engine/base.py", line 1010, in _execute_clauseelement
    compiled_sql, distilled_params
  File "/nfs/software/mb/el6.3/python/envs/.virtualenvs/cpython279/lib/python2.7/site-packages/sqlalchemy/engine/base.py", line 1166, in _execute_context
    self._root._commit_impl(autocommit=True)
  File "/nfs/software/mb/el6.3/python/envs/.virtualenvs/cpython279/lib/python2.7/site-packages/sqlalchemy/engine/base.py", line 693, in _commit_impl
    self.connection._reset_agent is self.__transaction:
  File "/nfs/software/mb/el6.3/python/envs/.virtualenvs/cpython279/lib/python2.7/site-packages/sqlalchemy/engine/base.py", line 318, in connection
    self._handle_dbapi_exception(e, None, None, None, None)
  File "/nfs/software/mb/el6.3/python/envs/.virtualenvs/cpython279/lib/python2.7/site-packages/sqlalchemy/engine/base.py", line 1344, in _handle_dbapi_exception
    util.reraise(*exc_info)
  File "/nfs/software/mb/el6.3/python/envs/.virtualenvs/cpython279/lib/python2.7/site-packages/sqlalchemy/engine/base.py", line 316, in connection
    return self._revalidate_connection()
  File "/nfs/software/mb/el6.3/python/envs/.virtualenvs/cpython279/lib/python2.7/site-packages/sqlalchemy/engine/base.py", line 396, in _revalidate_connection
    raise exc.ResourceClosedError("This Connection is closed")
sqlalchemy.exc.ResourceClosedError: This Connection is closed
INFO 	2016-06-17 15:18:31 	[trim_reads_trimmomatic] 	paths to read1 and read2 saved to metadata database
INFO 	2016-06-17 15:18:31 	[trim_reads_trimmomatic] 	sequencing type = PE
INFO 	2016-06-17 15:18:31 	[trim_reads_trimmomatic] 	trimming adapter sequences for HiSeq, NextSeq or HiSeq
INFO 	2016-06-17 15:18:31 	[trim_reads_trimmomatic] 	trimming low-quality reads ends using trimmomatic's recommended practices
INFO 	2016-06-17 16:13:50 	[trim_reads_trimmomatic] 	parse step log to extract generated metadata
INFO 	2016-06-17 16:13:50 	[trim_reads_trimmomatic] 	reads after trimming = 159681199
INFO 	2016-06-17 16:14:32 	[trim_reads_trimmomatic] 	trimmomatic parameters and numbe of trimmed reads added to metadata
INFO 	2016-06-17 16:14:32 	[trim_reads_trimmomatic] 	trimmed reads are in /users/GR/mb/jquilez/data/chrrnaseq/samples/ps_004_02_01_chrrnaseq/fastqs_processed/trimmomatic/paired_end
INFO 	2016-06-17 16:14:32 	[trim_reads_trimmomatic] 	unpaired reads are deleted
TIME 	2016-06-17 16:15:24 	[trim_reads_trimmomatic] 	step time for completion (seconds) = 3420

INFO 	2016-06-17 16:15:27 	[align_star] 	align trimmed single-end reads with STAR (version = STAR_2.5.1b_modified)
INFO 	2016-06-17 16:15:27 	[align_star] 	using ENCODE standard options for long RNA-seq pipeline
INFO 	2016-06-17 17:41:54 	[align_star] 	alignments are in /users/GR/mb/jquilez/data/chrrnaseq/samples/ps_004_02_01_chrrnaseq/alignments/star/hg19/paired_end
INFO 	2016-06-17 17:59:51 	[align_star] 	parse step log to extract generated metadata
INFO 	2016-06-17 17:59:52 	[align_star] 	reads unique (number) = 83540984
INFO 	2016-06-17 17:59:52 	[align_star] 	reads unique (percentage) = 52.32
INFO 	2016-06-17 17:59:52 	[align_star] 	accepted multi-mappings (number) = 21113046
INFO 	2016-06-17 17:59:52 	[align_star] 	accepted multi-mappings (percentage) = 13.22
INFO 	2016-06-17 17:59:52 	[align_star] 	excluded multi-mappings (percentage) = 1.24
INFO 	2016-06-17 17:59:52 	[align_star] 	reads unmapped too short (percentage) = 28.86
INFO 	2016-06-17 17:59:52 	[align_star] 	splices (number) = 467067
TIME 	2016-06-17 18:01:53 	[align_star] 	step time for completion (seconds) = 6386

INFO 	2016-06-17 18:01:56 	[quality_alignments] 	general QC of the BAM (using qualimap's bamqc)
INFO 	2016-06-17 18:37:37 	[quality_alignments] 	parse step log to extract generated metadata
INFO 	2016-06-17 18:37:37 	[quality_alignments] 	percentage of overlapping read pais = 3.40326554519702179831
INFO 	2016-06-17 18:37:37 	[quality_alignments] 	percentage duplication = 29.23
INFO 	2016-06-17 18:37:37 	[quality_alignments] 	median insert size (bp) = 187
INFO 	2016-06-17 18:37:37 	[quality_alignments] 	mean mapping quality = 111.2982
INFO 	2016-06-17 18:37:37 	[quality_alignments] 	mean coverage (X) = 28.4323
INFO 	2016-06-17 18:37:37 	[quality_alignments] 	mean coverage adjusted paired-end = 28.4073

INFO 	2016-06-17 18:37:52 	[quality_alignments] 	RNAseq-specific QC of the BAM (using qualimap's rnaseq)
INFO 	2016-06-17 19:04:12 	[quality_alignments] 	parse step log to extract generated metadata
INFO 	2016-06-17 19:04:12 	[quality_alignments] 	total alignments = 353731316
INFO 	2016-06-17 19:04:12 	[quality_alignments] 	percentage secondary alignments = 40.82851855841906855654
INFO 	2016-06-17 19:04:12 	[quality_alignments] 	percentage non-unique alignments = 0
INFO 	2016-06-17 19:04:12 	[quality_alignments] 	percentage aligned to genes = .05811925342793228971
INFO 	2016-06-17 19:04:12 	[quality_alignments] 	percentage no feature assigned = 10.31922093095088024380
INFO 	2016-06-17 19:04:12 	[quality_alignments] 	percentage not aligned = 0
INFO 	2016-06-17 19:04:12 	[quality_alignments] 	percentage exonic = 0.56
INFO 	2016-06-17 19:04:12 	[quality_alignments] 	percentage intronic = 12.57
INFO 	2016-06-17 19:04:12 	[quality_alignments] 	percentage intergenic = 86.87
INFO 	2016-06-17 19:04:12 	[quality_alignments] 	percentage overlapping exon = 0.15
TIME 	2016-06-17 19:04:35 	[quality_alignments] 	step time for completion (seconds) = 3759

INFO 	2016-06-17 19:04:37 	[quantification_featurecounts] 	quantifying read counts per gene using featureCounts
INFO 	2016-06-17 19:04:37 	[quantification_featurecounts] 	using gene models from /users/GR/mb/jquilez/assemblies/homo_sapiens/hg19/gencode/gencode.v19.annotation.gtf
INFO 	2016-06-17 19:04:37 	[quantification_featurecounts] 	kallisto (transcripts) and featurecounts (genes) quantifications are not directly comparable
INFO 	2016-06-17 19:04:37 	[quantification_featurecounts] 	even if the *_mmtv version of the assembly is used, gene/transcript models are the same as for *
INFO 	2016-06-17 19:04:37 	[quantification_featurecounts] 	sequencing type is PE so fragments are counted
INFO 	2016-06-17 19:57:34 	[quantification_featurecounts] 	quantifications are in /users/GR/mb/jquilez/data/chrrnaseq/samples/ps_004_02_01_chrrnaseq/quantifications/featurecounts/hg19/paired_end
INFO 	2016-06-17 19:57:34 	[quantification_featurecounts] 	parse step log to extract generated metadata
INFO 	2016-06-17 19:57:34 	[quantification_featurecounts] 	total fragments = 176865658
INFO 	2016-06-17 19:57:34 	[quantification_featurecounts] 	percentage fragments assigned = 2.73478302950140835141
INFO 	2016-06-17 19:57:34 	[quantification_featurecounts] 	percentage fragments ambiguous = .07499477371689647065
INFO 	2016-06-17 19:57:34 	[quantification_featurecounts] 	percentage fragments multi-mapping = 52.76585350447173865714
INFO 	2016-06-17 19:57:34 	[quantification_featurecounts] 	percentage fragments no features = 44.42436869230995652078
TIME 	2016-06-17 19:57:46 	[quantification_featurecounts] 	step time for completion (seconds) = 3189

INFO 	2016-06-17 19:57:48 	[quantification_kallisto] 	performing pseudoalignment and quantifying abundances of transcripts using kallisto, version 0.42.5
INFO 	2016-06-17 19:57:48 	[quantification_kallisto] 	using /users/GR/mb/jquilez/assemblies/homo_sapiens/hg19/kallisto_index/kallisto_homo_sapiens_hg19_ensGene.index as transcriptome reference
INFO 	2016-06-17 19:57:48 	[quantification_kallisto] 	kallisto (transcripts) and featurecounts (genes) quantifications are not directly comparable
INFO 	2016-06-17 19:57:48 	[quantification_kallisto] 	even if the *_mmtv version of the assembly is used, gene/transcript models are the same as for *
INFO 	2016-06-17 19:57:48 	[quantification_kallisto] 	sequence based bias correction is only applied to single-end data, as it fails for paired-end
INFO 	2016-06-17 19:57:48 	[quantification_kallisto] 	for paired-end data, the fragment length average and standard deviation are inferred from the data
INFO 	2016-06-17 20:54:23 	[quantification_kallisto] 	converting form HDF5 to text
INFO 	2016-06-17 20:55:29 	[quantification_kallisto] 	quantifications are in /users/GR/mb/jquilez/data/chrrnaseq/samples/ps_004_02_01_chrrnaseq/quantifications/kallisto/hg19/paired_end
INFO 	2016-06-17 20:55:29 	[quantification_kallisto] 	parse step log to extract generated metadata
INFO 	2016-06-17 20:55:30 	[quantification_kallisto] 	number transcripts quantified = 204940
INFO 	2016-06-17 20:55:30 	[quantification_kallisto] 	number reads processed = 159681199
INFO 	2016-06-17 20:55:30 	[quantification_kallisto] 	percentage reads pseudoaligned = 26.23911848257101325998
INFO 	2016-06-17 20:55:30 	[quantification_kallisto] 	estimated average fragment length (bp) = 194.118
TIME 	2016-06-17 20:55:59 	[quantification_kallisto] 	step time for completion (seconds) = 3491

INFO 	2016-06-17 20:56:00 	[clean_up] 	deleting the following intermediate files/directories:
INFO 	2016-06-17 20:56:00 	[clean_up] 	/users/GR/mb/jquilez/data/chrrnaseq/samples/ps_004_02_01_chrrnaseq/fastqs_processed/trimmomatic/*/*
TIME 	2016-06-17 20:56:02 	[clean_up] 	step time for completion (seconds) = 2


INFO 	2016-06-17 20:56:04 	[pipeline] 	completed successfully
TIME 	2016-06-17 20:56:04 	[pipeline] 	total time for completion (seconds) = 20983

