
INFO 	2016-06-17 15:03:03 	[trim_reads_trimmomatic] 	paths to read1 and read2 saved to metadata database
INFO 	2016-06-17 15:03:03 	[trim_reads_trimmomatic] 	sequencing type = PE
INFO 	2016-06-17 15:03:03 	[trim_reads_trimmomatic] 	trimming adapter sequences for HiSeq, NextSeq or HiSeq
INFO 	2016-06-17 15:03:03 	[trim_reads_trimmomatic] 	trimming low-quality reads ends using trimmomatic's recommended practices
INFO 	2016-06-17 15:50:36 	[trim_reads_trimmomatic] 	parse step log to extract generated metadata
INFO 	2016-06-17 15:50:36 	[trim_reads_trimmomatic] 	reads after trimming = 156160557
INFO 	2016-06-17 15:50:49 	[trim_reads_trimmomatic] 	trimmomatic parameters and numbe of trimmed reads added to metadata
INFO 	2016-06-17 15:50:49 	[trim_reads_trimmomatic] 	trimmed reads are in /users/GR/mb/jquilez/data/chrrnaseq/samples/ps_002_02_01_chrrnaseq/fastqs_processed/trimmomatic/paired_end
INFO 	2016-06-17 15:50:49 	[trim_reads_trimmomatic] 	unpaired reads are deleted
TIME 	2016-06-17 15:51:41 	[trim_reads_trimmomatic] 	step time for completion (seconds) = 2921

INFO 	2016-06-17 15:51:43 	[align_star] 	align trimmed single-end reads with STAR (version = STAR_2.5.1b_modified)
INFO 	2016-06-17 15:51:43 	[align_star] 	using ENCODE standard options for long RNA-seq pipeline
INFO 	2016-06-17 17:15:59 	[align_star] 	alignments are in /users/GR/mb/jquilez/data/chrrnaseq/samples/ps_002_02_01_chrrnaseq/alignments/star/hg19/paired_end
INFO 	2016-06-17 17:36:04 	[align_star] 	parse step log to extract generated metadata
INFO 	2016-06-17 17:36:04 	[align_star] 	reads unique (number) = 89619664
INFO 	2016-06-17 17:36:04 	[align_star] 	reads unique (percentage) = 57.39
INFO 	2016-06-17 17:36:04 	[align_star] 	accepted multi-mappings (number) = 18223342
INFO 	2016-06-17 17:36:04 	[align_star] 	accepted multi-mappings (percentage) = 11.67
INFO 	2016-06-17 17:36:04 	[align_star] 	excluded multi-mappings (percentage) = 1.13
INFO 	2016-06-17 17:36:04 	[align_star] 	reads unmapped too short (percentage) = 25.98
INFO 	2016-06-17 17:36:04 	[align_star] 	splices (number) = 415420
TIME 	2016-06-17 17:38:01 	[align_star] 	step time for completion (seconds) = 6378

INFO 	2016-06-17 17:38:04 	[quality_alignments] 	general QC of the BAM (using qualimap's bamqc)
INFO 	2016-06-17 18:14:23 	[quality_alignments] 	parse step log to extract generated metadata
INFO 	2016-06-17 18:14:23 	[quality_alignments] 	percentage of overlapping read pais = 3.14821278724867013975
INFO 	2016-06-17 18:14:23 	[quality_alignments] 	percentage duplication = 30.71
INFO 	2016-06-17 18:14:23 	[quality_alignments] 	median insert size (bp) = 187
INFO 	2016-06-17 18:14:23 	[quality_alignments] 	mean mapping quality = 122.2362
INFO 	2016-06-17 18:14:23 	[quality_alignments] 	mean coverage (X) = 26.8978
INFO 	2016-06-17 18:14:23 	[quality_alignments] 	mean coverage adjusted paired-end = 26.875

INFO 	2016-06-17 18:14:36 	[quality_alignments] 	RNAseq-specific QC of the BAM (using qualimap's rnaseq)
INFO 	2016-06-17 18:42:55 	[quality_alignments] 	parse step log to extract generated metadata
INFO 	2016-06-17 18:42:55 	[quality_alignments] 	total alignments = 341325340
INFO 	2016-06-17 18:42:55 	[quality_alignments] 	percentage secondary alignments = 36.80925887307400030715
INFO 	2016-06-17 18:42:55 	[quality_alignments] 	percentage non-unique alignments = 0
INFO 	2016-06-17 18:42:55 	[quality_alignments] 	percentage aligned to genes = .05073048487990959007
INFO 	2016-06-17 18:42:55 	[quality_alignments] 	percentage no feature assigned = 9.17087140380494457282
INFO 	2016-06-17 18:42:55 	[quality_alignments] 	percentage not aligned = 0
INFO 	2016-06-17 18:42:55 	[quality_alignments] 	percentage exonic = 0.55
INFO 	2016-06-17 18:42:55 	[quality_alignments] 	percentage intronic = 12.11
INFO 	2016-06-17 18:42:55 	[quality_alignments] 	percentage intergenic = 87.34
INFO 	2016-06-17 18:42:55 	[quality_alignments] 	percentage overlapping exon = 0.15
TIME 	2016-06-17 18:43:15 	[quality_alignments] 	step time for completion (seconds) = 3911

INFO 	2016-06-17 18:43:17 	[quantification_featurecounts] 	quantifying read counts per gene using featureCounts
INFO 	2016-06-17 18:43:17 	[quantification_featurecounts] 	using gene models from /users/GR/mb/jquilez/assemblies/homo_sapiens/hg19/gencode/gencode.v19.annotation.gtf
INFO 	2016-06-17 18:43:17 	[quantification_featurecounts] 	kallisto (transcripts) and featurecounts (genes) quantifications are not directly comparable
INFO 	2016-06-17 18:43:17 	[quantification_featurecounts] 	even if the *_mmtv version of the assembly is used, gene/transcript models are the same as for *
INFO 	2016-06-17 18:43:17 	[quantification_featurecounts] 	sequencing type is PE so fragments are counted
INFO 	2016-06-17 19:35:36 	[quantification_featurecounts] 	quantifications are in /users/GR/mb/jquilez/data/chrrnaseq/samples/ps_002_02_01_chrrnaseq/quantifications/featurecounts/hg19/paired_end
INFO 	2016-06-17 19:35:36 	[quantification_featurecounts] 	parse step log to extract generated metadata
INFO 	2016-06-17 19:35:36 	[quantification_featurecounts] 	total fragments = 170662670
INFO 	2016-06-17 19:35:36 	[quantification_featurecounts] 	percentage fragments assigned = 2.75123727995114573093
INFO 	2016-06-17 19:35:36 	[quantification_featurecounts] 	percentage fragments ambiguous = .07235794447608255513
INFO 	2016-06-17 19:35:36 	[quantification_featurecounts] 	percentage fragments multi-mapping = 47.48724838302365713603
INFO 	2016-06-17 19:35:36 	[quantification_featurecounts] 	percentage fragments no features = 49.68915639254911457789
TIME 	2016-06-17 19:35:46 	[quantification_featurecounts] 	step time for completion (seconds) = 3149

INFO 	2016-06-17 19:35:48 	[quantification_kallisto] 	performing pseudoalignment and quantifying abundances of transcripts using kallisto, version 0.42.5
INFO 	2016-06-17 19:35:48 	[quantification_kallisto] 	using /users/GR/mb/jquilez/assemblies/homo_sapiens/hg19/kallisto_index/kallisto_homo_sapiens_hg19_ensGene.index as transcriptome reference
INFO 	2016-06-17 19:35:48 	[quantification_kallisto] 	kallisto (transcripts) and featurecounts (genes) quantifications are not directly comparable
INFO 	2016-06-17 19:35:48 	[quantification_kallisto] 	even if the *_mmtv version of the assembly is used, gene/transcript models are the same as for *
INFO 	2016-06-17 19:35:48 	[quantification_kallisto] 	sequence based bias correction is only applied to single-end data, as it fails for paired-end
INFO 	2016-06-17 19:35:48 	[quantification_kallisto] 	for paired-end data, the fragment length average and standard deviation are inferred from the data
INFO 	2016-06-17 20:26:34 	[quantification_kallisto] 	converting form HDF5 to text
INFO 	2016-06-17 20:27:45 	[quantification_kallisto] 	quantifications are in /users/GR/mb/jquilez/data/chrrnaseq/samples/ps_002_02_01_chrrnaseq/quantifications/kallisto/hg19/paired_end
INFO 	2016-06-17 20:27:45 	[quantification_kallisto] 	parse step log to extract generated metadata
INFO 	2016-06-17 20:27:45 	[quantification_kallisto] 	number transcripts quantified = 204940
INFO 	2016-06-17 20:27:45 	[quantification_kallisto] 	number reads processed = 156160557
INFO 	2016-06-17 20:27:45 	[quantification_kallisto] 	percentage reads pseudoaligned = 24.06553595989030699986
INFO 	2016-06-17 20:27:45 	[quantification_kallisto] 	estimated average fragment length (bp) = 188.99
TIME 	2016-06-17 20:28:13 	[quantification_kallisto] 	step time for completion (seconds) = 3145

INFO 	2016-06-17 20:28:15 	[clean_up] 	deleting the following intermediate files/directories:
INFO 	2016-06-17 20:28:15 	[clean_up] 	/users/GR/mb/jquilez/data/chrrnaseq/samples/ps_002_02_01_chrrnaseq/fastqs_processed/trimmomatic/*/*
TIME 	2016-06-17 20:28:16 	[clean_up] 	step time for completion (seconds) = 1


INFO 	2016-06-17 20:28:18 	[pipeline] 	completed successfully
TIME 	2016-06-17 20:28:18 	[pipeline] 	total time for completion (seconds) = 19582

