
INFO 	2016-06-15 10:07:09 	[trim_reads_trimmomatic] 	paths to read1 and read2 saved to metadata database
INFO 	2016-06-15 10:07:09 	[trim_reads_trimmomatic] 	sequencing type = PE
INFO 	2016-06-15 10:07:09 	[trim_reads_trimmomatic] 	trimming adapter sequences for HiSeq, NextSeq or HiSeq
INFO 	2016-06-15 10:07:09 	[trim_reads_trimmomatic] 	trimming low-quality reads ends using trimmomatic's recommended practices
INFO 	2016-06-15 10:27:45 	[trim_reads_trimmomatic] 	parse step log to extract generated metadata
INFO 	2016-06-15 10:27:46 	[trim_reads_trimmomatic] 	reads after trimming = 44693601
INFO 	2016-06-15 10:28:13 	[trim_reads_trimmomatic] 	trimmomatic parameters and numbe of trimmed reads added to metadata
INFO 	2016-06-15 10:28:13 	[trim_reads_trimmomatic] 	trimmed reads are in /users/GR/mb/jquilez/data/rnaseq/samples/rf_025_01_02_rnaseq/fastqs_processed/trimmomatic/paired_end
INFO 	2016-06-15 10:28:13 	[trim_reads_trimmomatic] 	unpaired reads are deleted
TIME 	2016-06-15 10:28:31 	[trim_reads_trimmomatic] 	step time for completion (seconds) = 1286

INFO 	2016-06-15 10:28:33 	[align_star] 	align trimmed single-end reads with STAR (version = STAR_2.5.1b_modified)
INFO 	2016-06-15 10:28:33 	[align_star] 	using ENCODE standard options for long RNA-seq pipeline
INFO 	2016-06-15 10:58:38 	[align_star] 	alignments are in /users/GR/mb/jquilez/data/rnaseq/samples/rf_025_01_02_rnaseq/alignments/star/hg38_mmtv/paired_end
INFO 	2016-06-15 11:02:41 	[align_star] 	parse step log to extract generated metadata
INFO 	2016-06-15 11:02:41 	[align_star] 	reads unique (number) = 36134784
INFO 	2016-06-15 11:02:41 	[align_star] 	reads unique (percentage) = 80.85
INFO 	2016-06-15 11:02:41 	[align_star] 	accepted multi-mappings (number) = 2370819
INFO 	2016-06-15 11:02:41 	[align_star] 	accepted multi-mappings (percentage) = 5.30
INFO 	2016-06-15 11:02:41 	[align_star] 	excluded multi-mappings (percentage) = 0.04
INFO 	2016-06-15 11:02:41 	[align_star] 	reads unmapped too short (percentage) = 13.21
INFO 	2016-06-15 11:02:41 	[align_star] 	splices (number) = 11313640
shasum: /users/GR/mb/jquilez/data/rnaseq/samples/rf_025_01_02_rnaseq/fastqs_processed/trimmomatic/paired_end/rf_025_01_02_rnaseq.*bam: 
TIME 	2016-06-15 11:03:21 	[align_star] 	step time for completion (seconds) = 2088

INFO 	2016-06-15 11:03:24 	[quality_alignments] 	general QC of the BAM (using qualimap's bamqc)
INFO 	2016-06-15 11:14:28 	[quality_alignments] 	parse step log to extract generated metadata
INFO 	2016-06-15 11:14:28 	[quality_alignments] 	percentage of overlapping read pais = 7.19268847268187052379
INFO 	2016-06-15 11:14:28 	[quality_alignments] 	percentage duplication = 39.02
INFO 	2016-06-15 11:14:28 	[quality_alignments] 	median insert size (bp) = 259
INFO 	2016-06-15 11:14:28 	[quality_alignments] 	mean mapping quality = 22.4762
INFO 	2016-06-15 11:14:28 	[quality_alignments] 	mean coverage (X) = 14.6057
INFO 	2016-06-15 11:14:28 	[quality_alignments] 	mean coverage adjusted paired-end = 14.4402

INFO 	2016-06-15 11:14:46 	[quality_alignments] 	RNAseq-specific QC of the BAM (using qualimap's rnaseq)
INFO 	2016-06-15 11:26:21 	[quality_alignments] 	parse step log to extract generated metadata
INFO 	2016-06-15 11:26:21 	[quality_alignments] 	total alignments = 88213580
INFO 	2016-06-15 11:26:21 	[quality_alignments] 	percentage secondary alignments = 12.69914904258505323103
INFO 	2016-06-15 11:26:21 	[quality_alignments] 	percentage non-unique alignments = 0
INFO 	2016-06-15 11:26:21 	[quality_alignments] 	percentage aligned to genes = 1.02664011595493573665
INFO 	2016-06-15 11:26:21 	[quality_alignments] 	percentage no feature assigned = 2.00638269073763926143
INFO 	2016-06-15 11:26:21 	[quality_alignments] 	percentage not aligned = 0
INFO 	2016-06-15 11:26:21 	[quality_alignments] 	percentage exonic = 33.85
INFO 	2016-06-15 11:26:21 	[quality_alignments] 	percentage intronic = 52.72
INFO 	2016-06-15 11:26:21 	[quality_alignments] 	percentage intergenic = 13.43
INFO 	2016-06-15 11:26:21 	[quality_alignments] 	percentage overlapping exon = 2.41
TIME 	2016-06-15 11:26:47 	[quality_alignments] 	step time for completion (seconds) = 1403

INFO 	2016-06-15 11:26:49 	[quantification_featurecounts] 	quantifying read counts per gene using featureCounts
INFO 	2016-06-15 11:26:49 	[quantification_featurecounts] 	using gene models from /users/GR/mb/jquilez/assemblies/homo_sapiens/hg38/gencode/gencode.v24.annotation.gtf
INFO 	2016-06-15 11:26:49 	[quantification_featurecounts] 	kallisto (transcripts) and featurecounts (genes) quantifications are not directly comparable
INFO 	2016-06-15 11:26:49 	[quantification_featurecounts] 	even if the *_mmtv version of the assembly is used, gene/transcript models are the same as for *
INFO 	2016-06-15 11:26:49 	[quantification_featurecounts] 	sequencing type is PE so fragments are counted
INFO 	2016-06-15 11:47:18 	[quantification_featurecounts] 	quantifications are in /users/GR/mb/jquilez/data/rnaseq/samples/rf_025_01_02_rnaseq/quantifications/featurecounts/hg38_mmtv/paired_end
INFO 	2016-06-15 11:47:18 	[quantification_featurecounts] 	parse step log to extract generated metadata
INFO 	2016-06-15 11:47:18 	[quantification_featurecounts] 	total fragments = 44106790
INFO 	2016-06-15 11:47:18 	[quantification_featurecounts] 	percentage fragments assigned = 66.16807978998244941425
INFO 	2016-06-15 11:47:18 	[quantification_featurecounts] 	percentage fragments ambiguous = 1.46261834062283834303
INFO 	2016-06-15 11:47:18 	[quantification_featurecounts] 	percentage fragments multi-mapping = 18.07432823835060316110
INFO 	2016-06-15 11:47:18 	[quantification_featurecounts] 	percentage fragments no features = 14.29497363104410908161
TIME 	2016-06-15 11:47:28 	[quantification_featurecounts] 	step time for completion (seconds) = 1239

INFO 	2016-06-15 11:47:30 	[quantification_kallisto] 	performing pseudoalignment and quantifying abundances of transcripts using kallisto, version 0.42.5
INFO 	2016-06-15 11:47:30 	[quantification_kallisto] 	using /users/GR/mb/jquilez/assemblies/homo_sapiens/hg38/kallisto_index/kallisto_homo_sapiens_hg38_gencode_v24.index as transcriptome reference
INFO 	2016-06-15 11:47:30 	[quantification_kallisto] 	kallisto (transcripts) and featurecounts (genes) quantifications are not directly comparable
INFO 	2016-06-15 11:47:30 	[quantification_kallisto] 	even if the *_mmtv version of the assembly is used, gene/transcript models are the same as for *
INFO 	2016-06-15 11:47:30 	[quantification_kallisto] 	sequence based bias correction is only applied to single-end data, as it fails for paired-end
INFO 	2016-06-15 11:47:30 	[quantification_kallisto] 	for paired-end data, the fragment length average and standard deviation are inferred from the data
INFO 	2016-06-15 12:15:35 	[quantification_kallisto] 	converting form HDF5 to text
INFO 	2016-06-15 12:17:32 	[quantification_kallisto] 	quantifications are in /users/GR/mb/jquilez/data/rnaseq/samples/rf_025_01_02_rnaseq/quantifications/kallisto/hg38_mmtv/paired_end
INFO 	2016-06-15 12:17:32 	[quantification_kallisto] 	parse step log to extract generated metadata
INFO 	2016-06-15 12:17:32 	[quantification_kallisto] 	number transcripts quantified = 199169
INFO 	2016-06-15 12:17:32 	[quantification_kallisto] 	number reads processed = 44693601
INFO 	2016-06-15 12:17:32 	[quantification_kallisto] 	percentage reads pseudoaligned = 77.61849845126598771936
INFO 	2016-06-15 12:17:32 	[quantification_kallisto] 	estimated average fragment length (bp) = 214.362
TIME 	2016-06-15 12:17:59 	[quantification_kallisto] 	step time for completion (seconds) = 1829

INFO 	2016-06-15 12:18:01 	[clean_up] 	deleting the following intermediate files/directories:
INFO 	2016-06-15 12:18:01 	[clean_up] 	/users/GR/mb/jquilez/data/rnaseq/samples/rf_025_01_02_rnaseq/fastqs_processed/trimmomatic/*/*
TIME 	2016-06-15 12:18:01 	[clean_up] 	step time for completion (seconds) = 0


INFO 	2016-06-15 12:18:03 	[pipeline] 	completed successfully
TIME 	2016-06-15 12:18:03 	[pipeline] 	total time for completion (seconds) = 7877

