
INFO 	2016-09-13 14:03:14 	[trim_reads_trimmomatic] 	paths to read1 and read2 saved to metadata database
INFO 	2016-09-13 14:03:14 	[trim_reads_trimmomatic] 	sequencing type = PE
INFO 	2016-09-13 14:03:14 	[trim_reads_trimmomatic] 	trimming adapter sequences for HiSeq, NextSeq or HiSeq
INFO 	2016-09-13 14:03:14 	[trim_reads_trimmomatic] 	trimming low-quality reads ends using trimmomatic's recommended practices
INFO 	2016-09-13 14:26:34 	[trim_reads_trimmomatic] 	parse step log to extract generated metadata
INFO 	2016-09-13 14:26:34 	[trim_reads_trimmomatic] 	reads after trimming = 34858079
INFO 	2016-09-13 14:26:56 	[trim_reads_trimmomatic] 	trimmomatic parameters and numbe of trimmed reads added to metadata
INFO 	2016-09-13 14:26:56 	[trim_reads_trimmomatic] 	trimmed reads are in /users/GR/mb/jquilez/data/rnaseq/samples/rf_046_02_01_rnaseq/fastqs_processed/trimmomatic/paired_end
INFO 	2016-09-13 14:26:56 	[trim_reads_trimmomatic] 	unpaired reads are deleted
TIME 	2016-09-13 14:27:14 	[trim_reads_trimmomatic] 	step time for completion (seconds) = 1444

INFO 	2016-09-13 14:27:16 	[align_star] 	align trimmed single-end reads with STAR (version = STAR_2.5.1b_modified)
INFO 	2016-09-13 14:27:16 	[align_star] 	using ENCODE standard options for long RNA-seq pipeline
INFO 	2016-09-13 14:48:00 	[align_star] 	alignments are in /users/GR/mb/jquilez/data/rnaseq/samples/rf_046_02_01_rnaseq/alignments/star/hg38_mmtv/paired_end
INFO 	2016-09-13 14:50:38 	[align_star] 	parse step log to extract generated metadata
INFO 	2016-09-13 14:50:38 	[align_star] 	reads unique (number) = 28521099
INFO 	2016-09-13 14:50:38 	[align_star] 	reads unique (percentage) = 81.82
INFO 	2016-09-13 14:50:38 	[align_star] 	accepted multi-mappings (number) = 1674528
INFO 	2016-09-13 14:50:38 	[align_star] 	accepted multi-mappings (percentage) = 4.80
INFO 	2016-09-13 14:50:38 	[align_star] 	excluded multi-mappings (percentage) = 0.02
INFO 	2016-09-13 14:50:38 	[align_star] 	reads unmapped too short (percentage) = 11.15
INFO 	2016-09-13 14:50:38 	[align_star] 	splices (number) = 13331180
TIME 	2016-09-13 14:51:41 	[align_star] 	step time for completion (seconds) = 1465

INFO 	2016-09-13 14:51:43 	[quality_alignments] 	general QC of the BAM (using qualimap's bamqc)
INFO 	2016-09-13 15:02:38 	[quality_alignments] 	parse step log to extract generated metadata
INFO 	2016-09-13 15:02:38 	[quality_alignments] 	percentage of overlapping read pais = 21.90411443020452129474
INFO 	2016-09-13 15:02:38 	[quality_alignments] 	percentage duplication = 41.14
INFO 	2016-09-13 15:02:38 	[quality_alignments] 	median insert size (bp) = 256
INFO 	2016-09-13 15:02:38 	[quality_alignments] 	mean mapping quality = 21.2995
INFO 	2016-09-13 15:02:38 	[quality_alignments] 	mean coverage (X) = 16.3935
INFO 	2016-09-13 15:02:38 	[quality_alignments] 	mean coverage adjusted paired-end = 15.6821

INFO 	2016-09-13 15:02:52 	[quality_alignments] 	RNAseq-specific QC of the BAM (using qualimap's rnaseq)
INFO 	2016-09-13 15:11:14 	[quality_alignments] 	parse step log to extract generated metadata
INFO 	2016-09-13 15:11:14 	[quality_alignments] 	total alignments = 68171099
INFO 	2016-09-13 15:11:14 	[quality_alignments] 	percentage secondary alignments = 11.41223497071684292488
INFO 	2016-09-13 15:11:14 	[quality_alignments] 	percentage non-unique alignments = 0
INFO 	2016-09-13 15:11:14 	[quality_alignments] 	percentage aligned to genes = 1.65045307543010271845
INFO 	2016-09-13 15:11:14 	[quality_alignments] 	percentage no feature assigned = 2.04342458964905347939
INFO 	2016-09-13 15:11:14 	[quality_alignments] 	percentage not aligned = 0
INFO 	2016-09-13 15:11:14 	[quality_alignments] 	percentage exonic = 44.68
INFO 	2016-09-13 15:11:14 	[quality_alignments] 	percentage intronic = 43.37
INFO 	2016-09-13 15:11:14 	[quality_alignments] 	percentage intergenic = 11.95
INFO 	2016-09-13 15:11:14 	[quality_alignments] 	percentage overlapping exon = 3.01
TIME 	2016-09-13 15:11:34 	[quality_alignments] 	step time for completion (seconds) = 1191

INFO 	2016-09-13 15:11:35 	[quantification_featurecounts] 	quantifying read counts per gene using featureCounts
INFO 	2016-09-13 15:11:35 	[quantification_featurecounts] 	using gene models from /users/GR/mb/jquilez/assemblies/homo_sapiens/hg38/gencode/gencode.v24.annotation.gtf
INFO 	2016-09-13 15:11:35 	[quantification_featurecounts] 	kallisto (transcripts) and featurecounts (genes) quantifications are not directly comparable
INFO 	2016-09-13 15:11:35 	[quantification_featurecounts] 	even if the *_mmtv version of the assembly is used, gene/transcript models are the same as for *
INFO 	2016-09-13 15:11:35 	[quantification_featurecounts] 	sequencing type is PE so fragments are counted
INFO 	2016-09-13 15:24:32 	[quantification_featurecounts] 	quantifications are in /users/GR/mb/jquilez/data/rnaseq/samples/rf_046_02_01_rnaseq/quantifications/featurecounts/hg38_mmtv/paired_end
INFO 	2016-09-13 15:24:32 	[quantification_featurecounts] 	parse step log to extract generated metadata
INFO 	2016-09-13 15:24:32 	[quantification_featurecounts] 	total fragments = 34085553
INFO 	2016-09-13 15:24:32 	[quantification_featurecounts] 	percentage fragments assigned = 73.59444337018677678487
INFO 	2016-09-13 15:24:32 	[quantification_featurecounts] 	percentage fragments ambiguous = 1.89575331226106262673
INFO 	2016-09-13 15:24:32 	[quantification_featurecounts] 	percentage fragments multi-mapping = 16.32496324762576097855
INFO 	2016-09-13 15:24:32 	[quantification_featurecounts] 	percentage fragments no features = 8.18484006992639960982
TIME 	2016-09-13 15:24:42 	[quantification_featurecounts] 	step time for completion (seconds) = 787

INFO 	2016-09-13 15:24:44 	[quantification_kallisto] 	performing pseudoalignment and quantifying abundances of transcripts using kallisto, version 0.42.5
INFO 	2016-09-13 15:24:44 	[quantification_kallisto] 	using /users/GR/mb/jquilez/assemblies/homo_sapiens/hg38/kallisto_index/kallisto_homo_sapiens_hg38_gencode_v24.index as transcriptome reference
INFO 	2016-09-13 15:24:44 	[quantification_kallisto] 	kallisto (transcripts) and featurecounts (genes) quantifications are not directly comparable
INFO 	2016-09-13 15:24:44 	[quantification_kallisto] 	even if the *_mmtv version of the assembly is used, gene/transcript models are the same as for *
INFO 	2016-09-13 15:24:44 	[quantification_kallisto] 	sequence based bias correction is only applied to single-end data, as it fails for paired-end
INFO 	2016-09-13 15:24:44 	[quantification_kallisto] 	for paired-end data, the fragment length average and standard deviation are inferred from the data
INFO 	2016-09-13 15:46:03 	[quantification_kallisto] 	converting form HDF5 to text
INFO 	2016-09-13 15:47:15 	[quantification_kallisto] 	quantifications are in /users/GR/mb/jquilez/data/rnaseq/samples/rf_046_02_01_rnaseq/quantifications/kallisto/hg38_mmtv/paired_end
INFO 	2016-09-13 15:47:15 	[quantification_kallisto] 	parse step log to extract generated metadata
INFO 	2016-09-13 15:47:15 	[quantification_kallisto] 	number transcripts quantified = 199169
INFO 	2016-09-13 15:47:15 	[quantification_kallisto] 	number reads processed = 34858079
INFO 	2016-09-13 15:47:15 	[quantification_kallisto] 	percentage reads pseudoaligned = 85.56417294251929373388
INFO 	2016-09-13 15:47:15 	[quantification_kallisto] 	estimated average fragment length (bp) = 206.104
TIME 	2016-09-13 15:47:53 	[quantification_kallisto] 	step time for completion (seconds) = 1389

INFO 	2016-09-13 15:47:55 	[clean_up] 	deleting the following intermediate files/directories:
INFO 	2016-09-13 15:47:55 	[clean_up] 	/users/GR/mb/jquilez/data/rnaseq/samples/rf_046_02_01_rnaseq/fastqs_processed/trimmomatic/*/*
TIME 	2016-09-13 15:47:55 	[clean_up] 	step time for completion (seconds) = 0


INFO 	2016-09-13 15:47:57 	[pipeline] 	completed successfully
TIME 	2016-09-13 15:47:57 	[pipeline] 	total time for completion (seconds) = 6305

