
Traceback (most recent call last):
  File "/users/GR/mb/jquilez/utils/io_metadata.py", line 101, in <module>
    tab.upsert(new_data, ['SAMPLE_ID'])
  File "/nfs/software/mb/el6.3/python/envs/.virtualenvs/cpython279/lib/python2.7/site-packages/dataset/persistence/table.py", line 183, in upsert
    return self.insert(row, ensure=ensure, types=types)
  File "/nfs/software/mb/el6.3/python/envs/.virtualenvs/cpython279/lib/python2.7/site-packages/dataset/persistence/table.py", line 75, in insert
    res = self.database.executable.execute(self.table.insert(row))
  File "/nfs/software/mb/el6.3/python/envs/.virtualenvs/cpython279/lib/python2.7/site-packages/sqlalchemy/engine/base.py", line 1991, in execute
    return connection.execute(statement, *multiparams, **params)
  File "/nfs/software/mb/el6.3/python/envs/.virtualenvs/cpython279/lib/python2.7/site-packages/sqlalchemy/engine/base.py", line 914, in execute
    return meth(self, multiparams, params)
  File "/nfs/software/mb/el6.3/python/envs/.virtualenvs/cpython279/lib/python2.7/site-packages/sqlalchemy/sql/elements.py", line 323, in _execute_on_connection
    return connection._execute_clauseelement(self, multiparams, params)
  File "/nfs/software/mb/el6.3/python/envs/.virtualenvs/cpython279/lib/python2.7/site-packages/sqlalchemy/engine/base.py", line 1010, in _execute_clauseelement
    compiled_sql, distilled_params
  File "/nfs/software/mb/el6.3/python/envs/.virtualenvs/cpython279/lib/python2.7/site-packages/sqlalchemy/engine/base.py", line 1146, in _execute_context
    context)
  File "/nfs/software/mb/el6.3/python/envs/.virtualenvs/cpython279/lib/python2.7/site-packages/sqlalchemy/engine/base.py", line 1341, in _handle_dbapi_exception
    exc_info
  File "/nfs/software/mb/el6.3/python/envs/.virtualenvs/cpython279/lib/python2.7/site-packages/sqlalchemy/util/compat.py", line 199, in raise_from_cause
    reraise(type(exception), exception, tb=exc_tb)
  File "/nfs/software/mb/el6.3/python/envs/.virtualenvs/cpython279/lib/python2.7/site-packages/sqlalchemy/engine/base.py", line 1139, in _execute_context
    context)
  File "/nfs/software/mb/el6.3/python/envs/.virtualenvs/cpython279/lib/python2.7/site-packages/sqlalchemy/engine/default.py", line 450, in do_execute
    cursor.execute(statement, parameters)
sqlalchemy.exc.OperationalError: (sqlite3.OperationalError) database is locked [SQL: u'INSERT INTO chipseq ("SAMPLE_ID", "PIPELINE_RUN_MODE") VALUES (?, ?)'] [parameters: ('gv_058_01_01_chipseq', 'full')]
Traceback (most recent call last):
  File "/users/GR/mb/jquilez/utils/io_metadata.py", line 101, in <module>
    tab.upsert(new_data, ['SAMPLE_ID'])
  File "/nfs/software/mb/el6.3/python/envs/.virtualenvs/cpython279/lib/python2.7/site-packages/dataset/persistence/table.py", line 183, in upsert
    return self.insert(row, ensure=ensure, types=types)
  File "/nfs/software/mb/el6.3/python/envs/.virtualenvs/cpython279/lib/python2.7/site-packages/dataset/persistence/table.py", line 75, in insert
    res = self.database.executable.execute(self.table.insert(row))
  File "/nfs/software/mb/el6.3/python/envs/.virtualenvs/cpython279/lib/python2.7/site-packages/sqlalchemy/engine/base.py", line 1991, in execute
    return connection.execute(statement, *multiparams, **params)
  File "/nfs/software/mb/el6.3/python/envs/.virtualenvs/cpython279/lib/python2.7/site-packages/sqlalchemy/engine/base.py", line 914, in execute
    return meth(self, multiparams, params)
  File "/nfs/software/mb/el6.3/python/envs/.virtualenvs/cpython279/lib/python2.7/site-packages/sqlalchemy/sql/elements.py", line 323, in _execute_on_connection
    return connection._execute_clauseelement(self, multiparams, params)
  File "/nfs/software/mb/el6.3/python/envs/.virtualenvs/cpython279/lib/python2.7/site-packages/sqlalchemy/engine/base.py", line 1010, in _execute_clauseelement
    compiled_sql, distilled_params
  File "/nfs/software/mb/el6.3/python/envs/.virtualenvs/cpython279/lib/python2.7/site-packages/sqlalchemy/engine/base.py", line 1146, in _execute_context
    context)
  File "/nfs/software/mb/el6.3/python/envs/.virtualenvs/cpython279/lib/python2.7/site-packages/sqlalchemy/engine/base.py", line 1341, in _handle_dbapi_exception
    exc_info
  File "/nfs/software/mb/el6.3/python/envs/.virtualenvs/cpython279/lib/python2.7/site-packages/sqlalchemy/util/compat.py", line 199, in raise_from_cause
    reraise(type(exception), exception, tb=exc_tb)
  File "/nfs/software/mb/el6.3/python/envs/.virtualenvs/cpython279/lib/python2.7/site-packages/sqlalchemy/engine/base.py", line 1139, in _execute_context
    context)
  File "/nfs/software/mb/el6.3/python/envs/.virtualenvs/cpython279/lib/python2.7/site-packages/sqlalchemy/engine/default.py", line 450, in do_execute
    cursor.execute(statement, parameters)
sqlalchemy.exc.OperationalError: (sqlite3.OperationalError) database is locked [SQL: u'INSERT INTO chipseq ("SAMPLE_ID", "QUEUE") VALUES (?, ?)'] [parameters: ('gv_058_01_01_chipseq', 'long-sl65')]
Traceback (most recent call last):
  File "/users/GR/mb/jquilez/utils/io_metadata.py", line 101, in <module>
    tab.upsert(new_data, ['SAMPLE_ID'])
  File "/nfs/software/mb/el6.3/python/envs/.virtualenvs/cpython279/lib/python2.7/site-packages/dataset/persistence/table.py", line 183, in upsert
    return self.insert(row, ensure=ensure, types=types)
  File "/nfs/software/mb/el6.3/python/envs/.virtualenvs/cpython279/lib/python2.7/site-packages/dataset/persistence/table.py", line 75, in insert
    res = self.database.executable.execute(self.table.insert(row))
  File "/nfs/software/mb/el6.3/python/envs/.virtualenvs/cpython279/lib/python2.7/site-packages/sqlalchemy/engine/base.py", line 1991, in execute
    return connection.execute(statement, *multiparams, **params)
  File "/nfs/software/mb/el6.3/python/envs/.virtualenvs/cpython279/lib/python2.7/site-packages/sqlalchemy/engine/base.py", line 914, in execute
    return meth(self, multiparams, params)
  File "/nfs/software/mb/el6.3/python/envs/.virtualenvs/cpython279/lib/python2.7/site-packages/sqlalchemy/sql/elements.py", line 323, in _execute_on_connection
    return connection._execute_clauseelement(self, multiparams, params)
  File "/nfs/software/mb/el6.3/python/envs/.virtualenvs/cpython279/lib/python2.7/site-packages/sqlalchemy/engine/base.py", line 1010, in _execute_clauseelement
    compiled_sql, distilled_params
  File "/nfs/software/mb/el6.3/python/envs/.virtualenvs/cpython279/lib/python2.7/site-packages/sqlalchemy/engine/base.py", line 1146, in _execute_context
    context)
  File "/nfs/software/mb/el6.3/python/envs/.virtualenvs/cpython279/lib/python2.7/site-packages/sqlalchemy/engine/base.py", line 1341, in _handle_dbapi_exception
    exc_info
  File "/nfs/software/mb/el6.3/python/envs/.virtualenvs/cpython279/lib/python2.7/site-packages/sqlalchemy/util/compat.py", line 199, in raise_from_cause
    reraise(type(exception), exception, tb=exc_tb)
  File "/nfs/software/mb/el6.3/python/envs/.virtualenvs/cpython279/lib/python2.7/site-packages/sqlalchemy/engine/base.py", line 1139, in _execute_context
    context)
  File "/nfs/software/mb/el6.3/python/envs/.virtualenvs/cpython279/lib/python2.7/site-packages/sqlalchemy/engine/default.py", line 450, in do_execute
    cursor.execute(statement, parameters)
sqlalchemy.exc.OperationalError: (sqlite3.OperationalError) database is locked [SQL: u'INSERT INTO chipseq ("SAMPLE_ID", "MEMORY") VALUES (?, ?)'] [parameters: ('gv_058_01_01_chipseq', '60G')]
Traceback (most recent call last):
  File "/users/GR/mb/jquilez/utils/io_metadata.py", line 101, in <module>
    tab.upsert(new_data, ['SAMPLE_ID'])
  File "/nfs/software/mb/el6.3/python/envs/.virtualenvs/cpython279/lib/python2.7/site-packages/dataset/persistence/table.py", line 183, in upsert
    return self.insert(row, ensure=ensure, types=types)
  File "/nfs/software/mb/el6.3/python/envs/.virtualenvs/cpython279/lib/python2.7/site-packages/dataset/persistence/table.py", line 75, in insert
    res = self.database.executable.execute(self.table.insert(row))
  File "/nfs/software/mb/el6.3/python/envs/.virtualenvs/cpython279/lib/python2.7/site-packages/sqlalchemy/engine/base.py", line 1991, in execute
    return connection.execute(statement, *multiparams, **params)
  File "/nfs/software/mb/el6.3/python/envs/.virtualenvs/cpython279/lib/python2.7/site-packages/sqlalchemy/engine/base.py", line 914, in execute
    return meth(self, multiparams, params)
  File "/nfs/software/mb/el6.3/python/envs/.virtualenvs/cpython279/lib/python2.7/site-packages/sqlalchemy/sql/elements.py", line 323, in _execute_on_connection
    return connection._execute_clauseelement(self, multiparams, params)
  File "/nfs/software/mb/el6.3/python/envs/.virtualenvs/cpython279/lib/python2.7/site-packages/sqlalchemy/engine/base.py", line 1010, in _execute_clauseelement
    compiled_sql, distilled_params
  File "/nfs/software/mb/el6.3/python/envs/.virtualenvs/cpython279/lib/python2.7/site-packages/sqlalchemy/engine/base.py", line 1146, in _execute_context
    context)
  File "/nfs/software/mb/el6.3/python/envs/.virtualenvs/cpython279/lib/python2.7/site-packages/sqlalchemy/engine/base.py", line 1341, in _handle_dbapi_exception
    exc_info
  File "/nfs/software/mb/el6.3/python/envs/.virtualenvs/cpython279/lib/python2.7/site-packages/sqlalchemy/util/compat.py", line 199, in raise_from_cause
    reraise(type(exception), exception, tb=exc_tb)
  File "/nfs/software/mb/el6.3/python/envs/.virtualenvs/cpython279/lib/python2.7/site-packages/sqlalchemy/engine/base.py", line 1139, in _execute_context
    context)
  File "/nfs/software/mb/el6.3/python/envs/.virtualenvs/cpython279/lib/python2.7/site-packages/sqlalchemy/engine/default.py", line 450, in do_execute
    cursor.execute(statement, parameters)
sqlalchemy.exc.OperationalError: (sqlite3.OperationalError) database is locked [SQL: u'INSERT INTO chipseq ("SAMPLE_ID", "MAX_TIME") VALUES (?, ?)'] [parameters: ('gv_058_01_01_chipseq', '20:00:00')]
Traceback (most recent call last):
  File "/users/GR/mb/jquilez/utils/io_metadata.py", line 101, in <module>
    tab.upsert(new_data, ['SAMPLE_ID'])
  File "/nfs/software/mb/el6.3/python/envs/.virtualenvs/cpython279/lib/python2.7/site-packages/dataset/persistence/table.py", line 183, in upsert
    return self.insert(row, ensure=ensure, types=types)
  File "/nfs/software/mb/el6.3/python/envs/.virtualenvs/cpython279/lib/python2.7/site-packages/dataset/persistence/table.py", line 75, in insert
    res = self.database.executable.execute(self.table.insert(row))
  File "/nfs/software/mb/el6.3/python/envs/.virtualenvs/cpython279/lib/python2.7/site-packages/sqlalchemy/engine/base.py", line 1991, in execute
    return connection.execute(statement, *multiparams, **params)
  File "/nfs/software/mb/el6.3/python/envs/.virtualenvs/cpython279/lib/python2.7/site-packages/sqlalchemy/engine/base.py", line 914, in execute
    return meth(self, multiparams, params)
  File "/nfs/software/mb/el6.3/python/envs/.virtualenvs/cpython279/lib/python2.7/site-packages/sqlalchemy/sql/elements.py", line 323, in _execute_on_connection
    return connection._execute_clauseelement(self, multiparams, params)
  File "/nfs/software/mb/el6.3/python/envs/.virtualenvs/cpython279/lib/python2.7/site-packages/sqlalchemy/engine/base.py", line 1010, in _execute_clauseelement
    compiled_sql, distilled_params
  File "/nfs/software/mb/el6.3/python/envs/.virtualenvs/cpython279/lib/python2.7/site-packages/sqlalchemy/engine/base.py", line 1146, in _execute_context
    context)
  File "/nfs/software/mb/el6.3/python/envs/.virtualenvs/cpython279/lib/python2.7/site-packages/sqlalchemy/engine/base.py", line 1341, in _handle_dbapi_exception
    exc_info
  File "/nfs/software/mb/el6.3/python/envs/.virtualenvs/cpython279/lib/python2.7/site-packages/sqlalchemy/util/compat.py", line 199, in raise_from_cause
    reraise(type(exception), exception, tb=exc_tb)
  File "/nfs/software/mb/el6.3/python/envs/.virtualenvs/cpython279/lib/python2.7/site-packages/sqlalchemy/engine/base.py", line 1139, in _execute_context
    context)
  File "/nfs/software/mb/el6.3/python/envs/.virtualenvs/cpython279/lib/python2.7/site-packages/sqlalchemy/engine/default.py", line 450, in do_execute
    cursor.execute(statement, parameters)
sqlalchemy.exc.OperationalError: (sqlite3.OperationalError) database is locked [SQL: u'INSERT INTO chipseq ("SAMPLE_ID", "SLOTS") VALUES (?, ?)'] [parameters: ('gv_058_01_01_chipseq', '8')]
Traceback (most recent call last):
  File "/users/GR/mb/jquilez/utils/io_metadata.py", line 101, in <module>
    tab.upsert(new_data, ['SAMPLE_ID'])
  File "/nfs/software/mb/el6.3/python/envs/.virtualenvs/cpython279/lib/python2.7/site-packages/dataset/persistence/table.py", line 183, in upsert
    return self.insert(row, ensure=ensure, types=types)
  File "/nfs/software/mb/el6.3/python/envs/.virtualenvs/cpython279/lib/python2.7/site-packages/dataset/persistence/table.py", line 75, in insert
    res = self.database.executable.execute(self.table.insert(row))
  File "/nfs/software/mb/el6.3/python/envs/.virtualenvs/cpython279/lib/python2.7/site-packages/sqlalchemy/engine/base.py", line 1991, in execute
    return connection.execute(statement, *multiparams, **params)
  File "/nfs/software/mb/el6.3/python/envs/.virtualenvs/cpython279/lib/python2.7/site-packages/sqlalchemy/engine/base.py", line 914, in execute
    return meth(self, multiparams, params)
  File "/nfs/software/mb/el6.3/python/envs/.virtualenvs/cpython279/lib/python2.7/site-packages/sqlalchemy/sql/elements.py", line 323, in _execute_on_connection
    return connection._execute_clauseelement(self, multiparams, params)
  File "/nfs/software/mb/el6.3/python/envs/.virtualenvs/cpython279/lib/python2.7/site-packages/sqlalchemy/engine/base.py", line 1010, in _execute_clauseelement
    compiled_sql, distilled_params
  File "/nfs/software/mb/el6.3/python/envs/.virtualenvs/cpython279/lib/python2.7/site-packages/sqlalchemy/engine/base.py", line 1146, in _execute_context
    context)
  File "/nfs/software/mb/el6.3/python/envs/.virtualenvs/cpython279/lib/python2.7/site-packages/sqlalchemy/engine/base.py", line 1341, in _handle_dbapi_exception
    exc_info
  File "/nfs/software/mb/el6.3/python/envs/.virtualenvs/cpython279/lib/python2.7/site-packages/sqlalchemy/util/compat.py", line 199, in raise_from_cause
    reraise(type(exception), exception, tb=exc_tb)
  File "/nfs/software/mb/el6.3/python/envs/.virtualenvs/cpython279/lib/python2.7/site-packages/sqlalchemy/engine/base.py", line 1139, in _execute_context
    context)
  File "/nfs/software/mb/el6.3/python/envs/.virtualenvs/cpython279/lib/python2.7/site-packages/sqlalchemy/engine/default.py", line 450, in do_execute
    cursor.execute(statement, parameters)
sqlalchemy.exc.OperationalError: (sqlite3.OperationalError) database is locked [SQL: u'INSERT INTO chipseq ("SAMPLE_ID", "ASSEMBLY_VERSION") VALUES (?, ?)'] [parameters: ('gv_058_01_01_chipseq', 'hg38_mmtv')]
Traceback (most recent call last):
  File "/users/GR/mb/jquilez/utils/io_metadata.py", line 101, in <module>
    tab.upsert(new_data, ['SAMPLE_ID'])
  File "/nfs/software/mb/el6.3/python/envs/.virtualenvs/cpython279/lib/python2.7/site-packages/dataset/persistence/table.py", line 183, in upsert
    return self.insert(row, ensure=ensure, types=types)
  File "/nfs/software/mb/el6.3/python/envs/.virtualenvs/cpython279/lib/python2.7/site-packages/dataset/persistence/table.py", line 75, in insert
    res = self.database.executable.execute(self.table.insert(row))
  File "/nfs/software/mb/el6.3/python/envs/.virtualenvs/cpython279/lib/python2.7/site-packages/sqlalchemy/engine/base.py", line 1991, in execute
    return connection.execute(statement, *multiparams, **params)
  File "/nfs/software/mb/el6.3/python/envs/.virtualenvs/cpython279/lib/python2.7/site-packages/sqlalchemy/engine/base.py", line 914, in execute
    return meth(self, multiparams, params)
  File "/nfs/software/mb/el6.3/python/envs/.virtualenvs/cpython279/lib/python2.7/site-packages/sqlalchemy/sql/elements.py", line 323, in _execute_on_connection
    return connection._execute_clauseelement(self, multiparams, params)
  File "/nfs/software/mb/el6.3/python/envs/.virtualenvs/cpython279/lib/python2.7/site-packages/sqlalchemy/engine/base.py", line 1010, in _execute_clauseelement
    compiled_sql, distilled_params
  File "/nfs/software/mb/el6.3/python/envs/.virtualenvs/cpython279/lib/python2.7/site-packages/sqlalchemy/engine/base.py", line 1146, in _execute_context
    context)
  File "/nfs/software/mb/el6.3/python/envs/.virtualenvs/cpython279/lib/python2.7/site-packages/sqlalchemy/engine/base.py", line 1341, in _handle_dbapi_exception
    exc_info
  File "/nfs/software/mb/el6.3/python/envs/.virtualenvs/cpython279/lib/python2.7/site-packages/sqlalchemy/util/compat.py", line 199, in raise_from_cause
    reraise(type(exception), exception, tb=exc_tb)
  File "/nfs/software/mb/el6.3/python/envs/.virtualenvs/cpython279/lib/python2.7/site-packages/sqlalchemy/engine/base.py", line 1139, in _execute_context
    context)
  File "/nfs/software/mb/el6.3/python/envs/.virtualenvs/cpython279/lib/python2.7/site-packages/sqlalchemy/engine/default.py", line 450, in do_execute
    cursor.execute(statement, parameters)
sqlalchemy.exc.OperationalError: (sqlite3.OperationalError) database is locked [SQL: u'INSERT INTO chipseq ("SAMPLE_ID", "JOB_NAME") VALUES (?, ?)'] [parameters: ('gv_058_01_01_chipseq', 'chipseq-16.04')]
INFO 	2016-04-27 15:36:45 	[trim_reads_trimmomatic] 	paths to read1 saved to metadata database
INFO 	2016-04-27 15:36:45 	[trim_reads_trimmomatic] 	sequencing type = SE
INFO 	2016-04-27 15:36:46 	[trim_reads_trimmomatic] 	trimming adapter sequences for HiSeq, NextSeq or HiSeq
INFO 	2016-04-27 15:36:46 	[trim_reads_trimmomatic] 	trimming low-quality reads ends using trimmomatic's recommended practices
INFO 	2016-04-27 16:14:40 	[trim_reads_trimmomatic] 	parse step log to extract generated metadata
INFO 	2016-04-27 16:14:41 	[trim_reads_trimmomatic] 	reads after trimming = 99376871
INFO 	2016-04-27 16:15:00 	[trim_reads_trimmomatic] 	trimmomatic parameters and numbe of trimmed reads added to metadata
INFO 	2016-04-27 16:15:00 	[trim_reads_trimmomatic] 	trimmed reads are in /users/GR/mb/jquilez/data/chipseq/samples/gv_058_01_01_chipseq/fastqs_processed/trimmomatic/single_end
TIME 	2016-04-27 16:15:00 	[trim_reads_trimmomatic] 	step time for completion (seconds) = 2339

INFO 	2016-04-27 16:15:02 	[align_bwa] 	align single-end reads with BWA
INFO 	2016-04-27 16:15:02 	[align_bwa] 	alignments are converted to BAM, sorted by genomic coordinates and multi-mappings filtered out
[main] Version: 0.7.12-r1039
[main] CMD: /software/mb/el6.3/bwa/bwa-0.7.12/bwa mem -t 8 -M -R @RG\tID:'gv_058_01_01_chipseq'\tLB:'gv_058_01_01_chipseq'\tPL:illumina\tPU:'gv_058_01_01_chipseq'\tSM:'gv_058_01_01_chipseq' -v 0 /users/GR/mb/jquilez/assemblies/homo_sapiens/hg38_mmtv/ucsc/hg38_mmtv_chr1-22XYMUn.fa /users/GR/mb/jquilez/data/chipseq/samples/gv_058_01_01_chipseq/fastqs_processed/trimmomatic/single_end/gv_058_01_01_chipseq_read1.fastq.gz
[main] Real time: 4348.694 sec; CPU: 33285.622 sec
[bam_sort_core] merging from 46 files...
INFO 	2016-04-27 17:56:00 	[align_bwa] 	reads aligned = 99377346
INFO 	2016-04-27 17:56:00 	[align_bwa] 	reads unique = 83538167
INFO 	2016-04-27 17:56:05 	[align_bwa] 	path to genome sequence FASTA and number of (uniquely) aligned reads added to metadata
TIME 	2016-04-27 17:56:20 	[align_bwa] 	step time for completion (seconds) = 6078

INFO 	2016-04-27 17:56:21 	[quality_alignments] 	general QC of the BAM (using qualimap's bamqc)
INFO 	2016-04-27 18:01:10 	[quality_alignments] 	parse step log to extract generated metadata
INFO 	2016-04-27 18:01:10 	[quality_alignments] 	percentage duplication = 70.22
INFO 	2016-04-27 18:01:10 	[quality_alignments] 	median insert size (bp) = 0
INFO 	2016-04-27 18:01:10 	[quality_alignments] 	mean mapping quality = 43.5
INFO 	2016-04-27 18:01:10 	[quality_alignments] 	mean coverage (X) = 1.3442
INFO 	2016-04-27 18:01:10 	[quality_alignments] 	mean coverage adjusted paired-end = .
TIME 	2016-04-27 18:01:18 	[quality_alignments] 	step time for completion (seconds) = 297

INFO 	2016-04-27 18:01:19 	[make_tag_directory] 	converting BAM to BED --required for making tag directory
INFO 	2016-04-27 18:05:17 	[make_tag_directory] 	make tag directory with HOMER
INFO 	2016-04-27 18:14:04 	[make_tag_directory] 	parse step log to extract generated metadata
INFO 	2016-04-27 18:14:04 	[make_tag_directory] 	estimated genome size = 3090808890
INFO 	2016-04-27 18:14:04 	[make_tag_directory] 	estimated average read density per bp = 0.027028
INFO 	2016-04-27 18:14:04 	[make_tag_directory] 	total tags = 83538167.0
INFO 	2016-04-27 18:14:04 	[make_tag_directory] 	total_positions = 29733230
INFO 	2016-04-27 18:14:04 	[make_tag_directory] 	avg. tag length = 49.8
INFO 	2016-04-27 18:14:04 	[make_tag_directory] 	median tags per position = 2
INFO 	2016-04-27 18:14:04 	[make_tag_directory] 	avg. tags per position = 2.810
INFO 	2016-04-27 18:14:04 	[make_tag_directory] 	fragment length estimate = 179
INFO 	2016-04-27 18:14:04 	[make_tag_directory] 	peak width estimate = 103
INFO 	2016-04-27 18:14:04 	[make_tag_directory] 	autocorrelation: same strand fold enrichment = 1.2
INFO 	2016-04-27 18:14:04 	[make_tag_directory] 	autocorrelation: diff strand fold enrichment = 1.2
INFO 	2016-04-27 18:14:04 	[make_tag_directory] 	autocorrelation: same-to-diff strand fold enrichment = 0.9
INFO 	2016-04-27 18:14:04 	[make_tag_directory] 	avg. fragment GC% = 41.73
INFO 	2016-04-27 18:14:04 	[make_tag_directory] 	avg. expected GC% = 40.54
INFO 	2016-04-27 18:14:24 	[make_tag_directory] 	ChIP-seq metrics calculated with Homer added to metadata
TIME 	2016-04-27 18:14:24 	[make_tag_directory] 	step time for completion (seconds) = 785

INFO 	2016-04-27 18:14:25 	[make_profiles] 	generate reads per million profile (RPM) fragment profile
INFO 	2016-04-27 18:57:08 	[make_profiles] 	get fragment length estimate (l) as calculated in the 'make_tag_directory' step
INFO 	2016-04-27 18:57:08 	[make_profiles] 	fragment length estimate = 179
INFO 	2016-04-27 18:57:08 	[make_profiles] 	fragment length correction = 179
INFO 	2016-04-27 18:57:08 	[make_profiles] 	the correction will be used if the estimate is not reliable
TIME 	2016-04-27 18:57:09 	[make_profiles] 	step time for completion (seconds) = 2564

INFO 	2016-04-27 18:57:11 	[call_peaks] 	Get fragment length estimate (l) as calculated in the 'make_tag_directory' step
INFO 	2016-04-27 18:57:11 	[call_peaks] 	Fragment length (l) is 179 bp (note this is not used if peak caller is zerone)
INFO 	2016-04-27 18:57:11 	[call_peaks] 	Peak calling with MACS2
INFO 	2016-04-27 18:57:11 	[call_peaks] 	genome size for homo_sapiens will be used
INFO 	2016-04-27 18:57:11 	[call_peaks] 	q-value cutoff = 0.05 (default is 0.01)
INFO 	2016-04-27 18:57:11 	[call_peaks] 	--nomodel (MACS2 will not try to model peak length but use l = 179 instead
INFO 	2016-04-27 18:57:11 	[call_peaks] 	--call-summits = MACS reanalyzes the shape of signal profile to deconvolve subpeaks within each peak called
INFO 	2016-04-27 18:57:11 	[call_peaks] 	peak calling with the sample alone (i.e. no input)
INFO 	2016-04-27 19:04:50 	[call_peaks] 	peaks = 823
INFO 	2016-04-27 19:04:56 	[call_peaks] 	peak calling without input DNA as control added to metadata

