
Traceback (most recent call last):
  File "/users/GR/mb/jquilez/utils/io_metadata.py", line 101, in <module>
    tab.upsert(new_data, ['SAMPLE_ID'])
  File "/nfs/software/mb/el6.3/python/envs/.virtualenvs/cpython279/lib/python2.7/site-packages/dataset/persistence/table.py", line 183, in upsert
    return self.insert(row, ensure=ensure, types=types)
  File "/nfs/software/mb/el6.3/python/envs/.virtualenvs/cpython279/lib/python2.7/site-packages/dataset/persistence/table.py", line 75, in insert
    res = self.database.executable.execute(self.table.insert(row))
  File "/nfs/software/mb/el6.3/python/envs/.virtualenvs/cpython279/lib/python2.7/site-packages/sqlalchemy/engine/base.py", line 1991, in execute
    return connection.execute(statement, *multiparams, **params)
  File "/nfs/software/mb/el6.3/python/envs/.virtualenvs/cpython279/lib/python2.7/site-packages/sqlalchemy/engine/base.py", line 914, in execute
    return meth(self, multiparams, params)
  File "/nfs/software/mb/el6.3/python/envs/.virtualenvs/cpython279/lib/python2.7/site-packages/sqlalchemy/sql/elements.py", line 323, in _execute_on_connection
    return connection._execute_clauseelement(self, multiparams, params)
  File "/nfs/software/mb/el6.3/python/envs/.virtualenvs/cpython279/lib/python2.7/site-packages/sqlalchemy/engine/base.py", line 1010, in _execute_clauseelement
    compiled_sql, distilled_params
  File "/nfs/software/mb/el6.3/python/envs/.virtualenvs/cpython279/lib/python2.7/site-packages/sqlalchemy/engine/base.py", line 1146, in _execute_context
    context)
  File "/nfs/software/mb/el6.3/python/envs/.virtualenvs/cpython279/lib/python2.7/site-packages/sqlalchemy/engine/base.py", line 1341, in _handle_dbapi_exception
    exc_info
  File "/nfs/software/mb/el6.3/python/envs/.virtualenvs/cpython279/lib/python2.7/site-packages/sqlalchemy/util/compat.py", line 199, in raise_from_cause
    reraise(type(exception), exception, tb=exc_tb)
  File "/nfs/software/mb/el6.3/python/envs/.virtualenvs/cpython279/lib/python2.7/site-packages/sqlalchemy/engine/base.py", line 1139, in _execute_context
    context)
  File "/nfs/software/mb/el6.3/python/envs/.virtualenvs/cpython279/lib/python2.7/site-packages/sqlalchemy/engine/default.py", line 450, in do_execute
    cursor.execute(statement, parameters)
sqlalchemy.exc.OperationalError: (sqlite3.OperationalError) database is locked [SQL: u'INSERT INTO chipseq ("SAMPLE_ID", "PIPELINE_RUN_MODE") VALUES (?, ?)'] [parameters: ('gv_064_01_01_chipseq', 'full')]
Traceback (most recent call last):
  File "/users/GR/mb/jquilez/utils/io_metadata.py", line 101, in <module>
    tab.upsert(new_data, ['SAMPLE_ID'])
  File "/nfs/software/mb/el6.3/python/envs/.virtualenvs/cpython279/lib/python2.7/site-packages/dataset/persistence/table.py", line 183, in upsert
    return self.insert(row, ensure=ensure, types=types)
  File "/nfs/software/mb/el6.3/python/envs/.virtualenvs/cpython279/lib/python2.7/site-packages/dataset/persistence/table.py", line 75, in insert
    res = self.database.executable.execute(self.table.insert(row))
  File "/nfs/software/mb/el6.3/python/envs/.virtualenvs/cpython279/lib/python2.7/site-packages/sqlalchemy/engine/base.py", line 1991, in execute
    return connection.execute(statement, *multiparams, **params)
  File "/nfs/software/mb/el6.3/python/envs/.virtualenvs/cpython279/lib/python2.7/site-packages/sqlalchemy/engine/base.py", line 914, in execute
    return meth(self, multiparams, params)
  File "/nfs/software/mb/el6.3/python/envs/.virtualenvs/cpython279/lib/python2.7/site-packages/sqlalchemy/sql/elements.py", line 323, in _execute_on_connection
    return connection._execute_clauseelement(self, multiparams, params)
  File "/nfs/software/mb/el6.3/python/envs/.virtualenvs/cpython279/lib/python2.7/site-packages/sqlalchemy/engine/base.py", line 1010, in _execute_clauseelement
    compiled_sql, distilled_params
  File "/nfs/software/mb/el6.3/python/envs/.virtualenvs/cpython279/lib/python2.7/site-packages/sqlalchemy/engine/base.py", line 1146, in _execute_context
    context)
  File "/nfs/software/mb/el6.3/python/envs/.virtualenvs/cpython279/lib/python2.7/site-packages/sqlalchemy/engine/base.py", line 1341, in _handle_dbapi_exception
    exc_info
  File "/nfs/software/mb/el6.3/python/envs/.virtualenvs/cpython279/lib/python2.7/site-packages/sqlalchemy/util/compat.py", line 199, in raise_from_cause
    reraise(type(exception), exception, tb=exc_tb)
  File "/nfs/software/mb/el6.3/python/envs/.virtualenvs/cpython279/lib/python2.7/site-packages/sqlalchemy/engine/base.py", line 1139, in _execute_context
    context)
  File "/nfs/software/mb/el6.3/python/envs/.virtualenvs/cpython279/lib/python2.7/site-packages/sqlalchemy/engine/default.py", line 450, in do_execute
    cursor.execute(statement, parameters)
sqlalchemy.exc.OperationalError: (sqlite3.OperationalError) database is locked [SQL: u'INSERT INTO chipseq ("SAMPLE_ID", "QUEUE") VALUES (?, ?)'] [parameters: ('gv_064_01_01_chipseq', 'long-sl65')]
Traceback (most recent call last):
  File "/users/GR/mb/jquilez/utils/io_metadata.py", line 101, in <module>
    tab.upsert(new_data, ['SAMPLE_ID'])
  File "/nfs/software/mb/el6.3/python/envs/.virtualenvs/cpython279/lib/python2.7/site-packages/dataset/persistence/table.py", line 183, in upsert
    return self.insert(row, ensure=ensure, types=types)
  File "/nfs/software/mb/el6.3/python/envs/.virtualenvs/cpython279/lib/python2.7/site-packages/dataset/persistence/table.py", line 75, in insert
    res = self.database.executable.execute(self.table.insert(row))
  File "/nfs/software/mb/el6.3/python/envs/.virtualenvs/cpython279/lib/python2.7/site-packages/sqlalchemy/engine/base.py", line 1991, in execute
    return connection.execute(statement, *multiparams, **params)
  File "/nfs/software/mb/el6.3/python/envs/.virtualenvs/cpython279/lib/python2.7/site-packages/sqlalchemy/engine/base.py", line 914, in execute
    return meth(self, multiparams, params)
  File "/nfs/software/mb/el6.3/python/envs/.virtualenvs/cpython279/lib/python2.7/site-packages/sqlalchemy/sql/elements.py", line 323, in _execute_on_connection
    return connection._execute_clauseelement(self, multiparams, params)
  File "/nfs/software/mb/el6.3/python/envs/.virtualenvs/cpython279/lib/python2.7/site-packages/sqlalchemy/engine/base.py", line 1010, in _execute_clauseelement
    compiled_sql, distilled_params
  File "/nfs/software/mb/el6.3/python/envs/.virtualenvs/cpython279/lib/python2.7/site-packages/sqlalchemy/engine/base.py", line 1146, in _execute_context
    context)
  File "/nfs/software/mb/el6.3/python/envs/.virtualenvs/cpython279/lib/python2.7/site-packages/sqlalchemy/engine/base.py", line 1341, in _handle_dbapi_exception
    exc_info
  File "/nfs/software/mb/el6.3/python/envs/.virtualenvs/cpython279/lib/python2.7/site-packages/sqlalchemy/util/compat.py", line 199, in raise_from_cause
    reraise(type(exception), exception, tb=exc_tb)
  File "/nfs/software/mb/el6.3/python/envs/.virtualenvs/cpython279/lib/python2.7/site-packages/sqlalchemy/engine/base.py", line 1139, in _execute_context
    context)
  File "/nfs/software/mb/el6.3/python/envs/.virtualenvs/cpython279/lib/python2.7/site-packages/sqlalchemy/engine/default.py", line 450, in do_execute
    cursor.execute(statement, parameters)
sqlalchemy.exc.OperationalError: (sqlite3.OperationalError) database is locked [SQL: u'INSERT INTO chipseq ("SAMPLE_ID", "MEMORY") VALUES (?, ?)'] [parameters: ('gv_064_01_01_chipseq', '60G')]
Traceback (most recent call last):
  File "/users/GR/mb/jquilez/utils/io_metadata.py", line 101, in <module>
    tab.upsert(new_data, ['SAMPLE_ID'])
  File "/nfs/software/mb/el6.3/python/envs/.virtualenvs/cpython279/lib/python2.7/site-packages/dataset/persistence/table.py", line 183, in upsert
    return self.insert(row, ensure=ensure, types=types)
  File "/nfs/software/mb/el6.3/python/envs/.virtualenvs/cpython279/lib/python2.7/site-packages/dataset/persistence/table.py", line 75, in insert
    res = self.database.executable.execute(self.table.insert(row))
  File "/nfs/software/mb/el6.3/python/envs/.virtualenvs/cpython279/lib/python2.7/site-packages/sqlalchemy/engine/base.py", line 1991, in execute
    return connection.execute(statement, *multiparams, **params)
  File "/nfs/software/mb/el6.3/python/envs/.virtualenvs/cpython279/lib/python2.7/site-packages/sqlalchemy/engine/base.py", line 914, in execute
    return meth(self, multiparams, params)
  File "/nfs/software/mb/el6.3/python/envs/.virtualenvs/cpython279/lib/python2.7/site-packages/sqlalchemy/sql/elements.py", line 323, in _execute_on_connection
    return connection._execute_clauseelement(self, multiparams, params)
  File "/nfs/software/mb/el6.3/python/envs/.virtualenvs/cpython279/lib/python2.7/site-packages/sqlalchemy/engine/base.py", line 1010, in _execute_clauseelement
    compiled_sql, distilled_params
  File "/nfs/software/mb/el6.3/python/envs/.virtualenvs/cpython279/lib/python2.7/site-packages/sqlalchemy/engine/base.py", line 1146, in _execute_context
    context)
  File "/nfs/software/mb/el6.3/python/envs/.virtualenvs/cpython279/lib/python2.7/site-packages/sqlalchemy/engine/base.py", line 1341, in _handle_dbapi_exception
    exc_info
  File "/nfs/software/mb/el6.3/python/envs/.virtualenvs/cpython279/lib/python2.7/site-packages/sqlalchemy/util/compat.py", line 199, in raise_from_cause
    reraise(type(exception), exception, tb=exc_tb)
  File "/nfs/software/mb/el6.3/python/envs/.virtualenvs/cpython279/lib/python2.7/site-packages/sqlalchemy/engine/base.py", line 1139, in _execute_context
    context)
  File "/nfs/software/mb/el6.3/python/envs/.virtualenvs/cpython279/lib/python2.7/site-packages/sqlalchemy/engine/default.py", line 450, in do_execute
    cursor.execute(statement, parameters)
sqlalchemy.exc.OperationalError: (sqlite3.OperationalError) database is locked [SQL: u'INSERT INTO chipseq ("SAMPLE_ID", "MAX_TIME") VALUES (?, ?)'] [parameters: ('gv_064_01_01_chipseq', '20:00:00')]
Traceback (most recent call last):
  File "/users/GR/mb/jquilez/utils/io_metadata.py", line 101, in <module>
    tab.upsert(new_data, ['SAMPLE_ID'])
  File "/nfs/software/mb/el6.3/python/envs/.virtualenvs/cpython279/lib/python2.7/site-packages/dataset/persistence/table.py", line 183, in upsert
    return self.insert(row, ensure=ensure, types=types)
  File "/nfs/software/mb/el6.3/python/envs/.virtualenvs/cpython279/lib/python2.7/site-packages/dataset/persistence/table.py", line 75, in insert
    res = self.database.executable.execute(self.table.insert(row))
  File "/nfs/software/mb/el6.3/python/envs/.virtualenvs/cpython279/lib/python2.7/site-packages/sqlalchemy/engine/base.py", line 1991, in execute
    return connection.execute(statement, *multiparams, **params)
  File "/nfs/software/mb/el6.3/python/envs/.virtualenvs/cpython279/lib/python2.7/site-packages/sqlalchemy/engine/base.py", line 914, in execute
    return meth(self, multiparams, params)
  File "/nfs/software/mb/el6.3/python/envs/.virtualenvs/cpython279/lib/python2.7/site-packages/sqlalchemy/sql/elements.py", line 323, in _execute_on_connection
    return connection._execute_clauseelement(self, multiparams, params)
  File "/nfs/software/mb/el6.3/python/envs/.virtualenvs/cpython279/lib/python2.7/site-packages/sqlalchemy/engine/base.py", line 1010, in _execute_clauseelement
    compiled_sql, distilled_params
  File "/nfs/software/mb/el6.3/python/envs/.virtualenvs/cpython279/lib/python2.7/site-packages/sqlalchemy/engine/base.py", line 1146, in _execute_context
    context)
  File "/nfs/software/mb/el6.3/python/envs/.virtualenvs/cpython279/lib/python2.7/site-packages/sqlalchemy/engine/base.py", line 1341, in _handle_dbapi_exception
    exc_info
  File "/nfs/software/mb/el6.3/python/envs/.virtualenvs/cpython279/lib/python2.7/site-packages/sqlalchemy/util/compat.py", line 199, in raise_from_cause
    reraise(type(exception), exception, tb=exc_tb)
  File "/nfs/software/mb/el6.3/python/envs/.virtualenvs/cpython279/lib/python2.7/site-packages/sqlalchemy/engine/base.py", line 1139, in _execute_context
    context)
  File "/nfs/software/mb/el6.3/python/envs/.virtualenvs/cpython279/lib/python2.7/site-packages/sqlalchemy/engine/default.py", line 450, in do_execute
    cursor.execute(statement, parameters)
sqlalchemy.exc.OperationalError: (sqlite3.OperationalError) database is locked [SQL: u'INSERT INTO chipseq ("SAMPLE_ID", "SLOTS") VALUES (?, ?)'] [parameters: ('gv_064_01_01_chipseq', '8')]
Traceback (most recent call last):
  File "/users/GR/mb/jquilez/utils/io_metadata.py", line 101, in <module>
    tab.upsert(new_data, ['SAMPLE_ID'])
  File "/nfs/software/mb/el6.3/python/envs/.virtualenvs/cpython279/lib/python2.7/site-packages/dataset/persistence/table.py", line 183, in upsert
    return self.insert(row, ensure=ensure, types=types)
  File "/nfs/software/mb/el6.3/python/envs/.virtualenvs/cpython279/lib/python2.7/site-packages/dataset/persistence/table.py", line 75, in insert
    res = self.database.executable.execute(self.table.insert(row))
  File "/nfs/software/mb/el6.3/python/envs/.virtualenvs/cpython279/lib/python2.7/site-packages/sqlalchemy/engine/base.py", line 1991, in execute
    return connection.execute(statement, *multiparams, **params)
  File "/nfs/software/mb/el6.3/python/envs/.virtualenvs/cpython279/lib/python2.7/site-packages/sqlalchemy/engine/base.py", line 914, in execute
    return meth(self, multiparams, params)
  File "/nfs/software/mb/el6.3/python/envs/.virtualenvs/cpython279/lib/python2.7/site-packages/sqlalchemy/sql/elements.py", line 323, in _execute_on_connection
    return connection._execute_clauseelement(self, multiparams, params)
  File "/nfs/software/mb/el6.3/python/envs/.virtualenvs/cpython279/lib/python2.7/site-packages/sqlalchemy/engine/base.py", line 1010, in _execute_clauseelement
    compiled_sql, distilled_params
  File "/nfs/software/mb/el6.3/python/envs/.virtualenvs/cpython279/lib/python2.7/site-packages/sqlalchemy/engine/base.py", line 1146, in _execute_context
    context)
  File "/nfs/software/mb/el6.3/python/envs/.virtualenvs/cpython279/lib/python2.7/site-packages/sqlalchemy/engine/base.py", line 1341, in _handle_dbapi_exception
    exc_info
  File "/nfs/software/mb/el6.3/python/envs/.virtualenvs/cpython279/lib/python2.7/site-packages/sqlalchemy/util/compat.py", line 199, in raise_from_cause
    reraise(type(exception), exception, tb=exc_tb)
  File "/nfs/software/mb/el6.3/python/envs/.virtualenvs/cpython279/lib/python2.7/site-packages/sqlalchemy/engine/base.py", line 1139, in _execute_context
    context)
  File "/nfs/software/mb/el6.3/python/envs/.virtualenvs/cpython279/lib/python2.7/site-packages/sqlalchemy/engine/default.py", line 450, in do_execute
    cursor.execute(statement, parameters)
sqlalchemy.exc.OperationalError: (sqlite3.OperationalError) database is locked [SQL: u'INSERT INTO chipseq ("SAMPLE_ID", "ASSEMBLY_VERSION") VALUES (?, ?)'] [parameters: ('gv_064_01_01_chipseq', 'hg38_mmtv')]
INFO 	2016-04-27 15:36:34 	[trim_reads_trimmomatic] 	paths to read1 saved to metadata database
INFO 	2016-04-27 15:36:34 	[trim_reads_trimmomatic] 	sequencing type = SE
INFO 	2016-04-27 15:36:34 	[trim_reads_trimmomatic] 	trimming adapter sequences for HiSeq, NextSeq or HiSeq
INFO 	2016-04-27 15:36:34 	[trim_reads_trimmomatic] 	trimming low-quality reads ends using trimmomatic's recommended practices
INFO 	2016-04-27 16:00:55 	[trim_reads_trimmomatic] 	parse step log to extract generated metadata
INFO 	2016-04-27 16:00:55 	[trim_reads_trimmomatic] 	reads after trimming = 70704616
INFO 	2016-04-27 16:01:14 	[trim_reads_trimmomatic] 	trimmomatic parameters and numbe of trimmed reads added to metadata
INFO 	2016-04-27 16:01:14 	[trim_reads_trimmomatic] 	trimmed reads are in /users/GR/mb/jquilez/data/chipseq/samples/gv_064_01_01_chipseq/fastqs_processed/trimmomatic/single_end
TIME 	2016-04-27 16:01:14 	[trim_reads_trimmomatic] 	step time for completion (seconds) = 1513

INFO 	2016-04-27 16:01:15 	[align_bwa] 	align single-end reads with BWA
INFO 	2016-04-27 16:01:15 	[align_bwa] 	alignments are converted to BAM, sorted by genomic coordinates and multi-mappings filtered out
[main] Version: 0.7.12-r1039
[main] CMD: /software/mb/el6.3/bwa/bwa-0.7.12/bwa mem -t 8 -M -R @RG\tID:'gv_064_01_01_chipseq'\tLB:'gv_064_01_01_chipseq'\tPL:illumina\tPU:'gv_064_01_01_chipseq'\tSM:'gv_064_01_01_chipseq' -v 0 /users/GR/mb/jquilez/assemblies/homo_sapiens/hg38_mmtv/ucsc/hg38_mmtv_chr1-22XYMUn.fa /users/GR/mb/jquilez/data/chipseq/samples/gv_064_01_01_chipseq/fastqs_processed/trimmomatic/single_end/gv_064_01_01_chipseq_read1.fastq.gz
[main] Real time: 2791.757 sec; CPU: 21111.994 sec
[bam_sort_core] merging from 34 files...
INFO 	2016-04-27 17:11:02 	[align_bwa] 	reads aligned = 70704628
INFO 	2016-04-27 17:11:02 	[align_bwa] 	reads unique = 59081753
INFO 	2016-04-27 17:11:13 	[align_bwa] 	path to genome sequence FASTA and number of (uniquely) aligned reads added to metadata
TIME 	2016-04-27 17:11:27 	[align_bwa] 	step time for completion (seconds) = 4212

INFO 	2016-04-27 17:11:29 	[quality_alignments] 	general QC of the BAM (using qualimap's bamqc)
INFO 	2016-04-27 17:15:01 	[quality_alignments] 	parse step log to extract generated metadata
INFO 	2016-04-27 17:15:01 	[quality_alignments] 	percentage duplication = 14.42
INFO 	2016-04-27 17:15:01 	[quality_alignments] 	median insert size (bp) = 0
INFO 	2016-04-27 17:15:01 	[quality_alignments] 	mean mapping quality = 46.0857
INFO 	2016-04-27 17:15:01 	[quality_alignments] 	mean coverage (X) = 0.8769
INFO 	2016-04-27 17:15:01 	[quality_alignments] 	mean coverage adjusted paired-end = .
TIME 	2016-04-27 17:15:10 	[quality_alignments] 	step time for completion (seconds) = 221

INFO 	2016-04-27 17:15:12 	[make_tag_directory] 	converting BAM to BED --required for making tag directory
INFO 	2016-04-27 17:18:06 	[make_tag_directory] 	make tag directory with HOMER
INFO 	2016-04-27 17:31:11 	[make_tag_directory] 	parse step log to extract generated metadata
INFO 	2016-04-27 17:31:11 	[make_tag_directory] 	estimated genome size = 3090896759
INFO 	2016-04-27 17:31:11 	[make_tag_directory] 	estimated average read density per bp = 0.019115
INFO 	2016-04-27 17:31:11 	[make_tag_directory] 	total tags = 59081753.0
INFO 	2016-04-27 17:31:11 	[make_tag_directory] 	total_positions = 50977607
INFO 	2016-04-27 17:31:11 	[make_tag_directory] 	avg. tag length = 45.9
INFO 	2016-04-27 17:31:11 	[make_tag_directory] 	median tags per position = 1
INFO 	2016-04-27 17:31:11 	[make_tag_directory] 	avg. tags per position = 1.159
INFO 	2016-04-27 17:31:11 	[make_tag_directory] 	fragment length estimate = 163
INFO 	2016-04-27 17:31:11 	[make_tag_directory] 	peak width estimate = 195
INFO 	2016-04-27 17:31:11 	[make_tag_directory] 	autocorrelation: same strand fold enrichment = 1.2
INFO 	2016-04-27 17:31:11 	[make_tag_directory] 	autocorrelation: diff strand fold enrichment = 1.2
INFO 	2016-04-27 17:31:11 	[make_tag_directory] 	autocorrelation: same-to-diff strand fold enrichment = 1.0
INFO 	2016-04-27 17:31:11 	[make_tag_directory] 	avg. fragment GC% = 46.58
INFO 	2016-04-27 17:31:11 	[make_tag_directory] 	avg. expected GC% = 40.50
INFO 	2016-04-27 17:31:52 	[make_tag_directory] 	ChIP-seq metrics calculated with Homer added to metadata
TIME 	2016-04-27 17:31:52 	[make_tag_directory] 	step time for completion (seconds) = 1000

INFO 	2016-04-27 17:31:54 	[make_profiles] 	generate reads per million profile (RPM) fragment profile
INFO 	2016-04-27 18:32:45 	[make_profiles] 	get fragment length estimate (l) as calculated in the 'make_tag_directory' step
INFO 	2016-04-27 18:32:45 	[make_profiles] 	fragment length estimate = 163
INFO 	2016-04-27 18:32:45 	[make_profiles] 	fragment length correction = 163
INFO 	2016-04-27 18:32:45 	[make_profiles] 	the correction will be used if the estimate is not reliable
TIME 	2016-04-27 18:32:48 	[make_profiles] 	step time for completion (seconds) = 3654

INFO 	2016-04-27 18:32:50 	[call_peaks] 	Get fragment length estimate (l) as calculated in the 'make_tag_directory' step
INFO 	2016-04-27 18:32:50 	[call_peaks] 	Fragment length (l) is 163 bp (note this is not used if peak caller is zerone)
INFO 	2016-04-27 18:32:50 	[call_peaks] 	Peak calling with MACS2
INFO 	2016-04-27 18:32:50 	[call_peaks] 	genome size for homo_sapiens will be used
INFO 	2016-04-27 18:32:50 	[call_peaks] 	q-value cutoff = 0.05 (default is 0.01)
INFO 	2016-04-27 18:32:50 	[call_peaks] 	--nomodel (MACS2 will not try to model peak length but use l = 163 instead
INFO 	2016-04-27 18:32:50 	[call_peaks] 	--call-summits = MACS reanalyzes the shape of signal profile to deconvolve subpeaks within each peak called
INFO 	2016-04-27 18:32:50 	[call_peaks] 	peak calling with the sample alone (i.e. no input)
INFO 	2016-04-27 18:40:54 	[call_peaks] 	peaks = 73030
INFO 	2016-04-27 18:41:01 	[call_peaks] 	peak calling without input DNA as control added to metadata

