
INFO 	2016-04-26 15:54:22 	[trim_reads_trimmomatic] 	paths to read1 saved to metadata database
INFO 	2016-04-26 15:54:22 	[trim_reads_trimmomatic] 	sequencing type = SE
INFO 	2016-04-26 15:54:22 	[trim_reads_trimmomatic] 	trimming adapter sequences for HiSeq, NextSeq or HiSeq
INFO 	2016-04-26 15:54:22 	[trim_reads_trimmomatic] 	trimming low-quality reads ends using trimmomatic's recommended practices
INFO 	2016-04-26 16:25:24 	[trim_reads_trimmomatic] 	parse step log to extract generated metadata
INFO 	2016-04-26 16:25:24 	[trim_reads_trimmomatic] 	reads after trimming = 81751721
INFO 	2016-04-26 16:25:42 	[trim_reads_trimmomatic] 	trimmomatic parameters and numbe of trimmed reads added to metadata
INFO 	2016-04-26 16:25:42 	[trim_reads_trimmomatic] 	trimmed reads are in /users/GR/mb/jquilez/data/chipseq/samples/gv_006_01_01_chipseq/fastqs_processed/trimmomatic/single_end
TIME 	2016-04-26 16:25:42 	[trim_reads_trimmomatic] 	step time for completion (seconds) = 1920

INFO 	2016-04-26 16:25:43 	[align_bwa] 	align single-end reads with BWA
INFO 	2016-04-26 16:25:43 	[align_bwa] 	alignments are converted to BAM, sorted by genomic coordinates and multi-mappings filtered out
[main] Version: 0.7.12-r1039
[main] CMD: /software/mb/el6.3/bwa/bwa-0.7.12/bwa mem -t 8 -M -R @RG\tID:'gv_006_01_01_chipseq'\tLB:'gv_006_01_01_chipseq'\tPL:illumina\tPU:'gv_006_01_01_chipseq'\tSM:'gv_006_01_01_chipseq' -v 0 /users/GR/mb/jquilez/assemblies/homo_sapiens/hg38_mmtv/ucsc/hg38_mmtv_chr1-22XYMUn.fa /users/GR/mb/jquilez/data/chipseq/samples/gv_006_01_01_chipseq/fastqs_processed/trimmomatic/single_end/gv_006_01_01_chipseq_read1.fastq.gz
[main] Real time: 3227.048 sec; CPU: 24458.326 sec
[bam_sort_core] merging from 39 files...
INFO 	2016-04-26 17:43:40 	[align_bwa] 	reads aligned = 81752044
INFO 	2016-04-26 17:43:40 	[align_bwa] 	reads unique = 71180085
INFO 	2016-04-26 17:43:46 	[align_bwa] 	path to genome sequence FASTA and number of (uniquely) aligned reads added to metadata
TIME 	2016-04-26 17:44:01 	[align_bwa] 	step time for completion (seconds) = 4698

INFO 	2016-04-26 17:44:03 	[quality_alignments] 	general QC of the BAM (using qualimap's bamqc)
INFO 	2016-04-26 17:48:25 	[quality_alignments] 	parse step log to extract generated metadata
(standard_in) 1: syntax error
INFO 	2016-04-26 17:48:25 	[quality_alignments] 	percentage of overlapping read pais = 
INFO 	2016-04-26 17:48:25 	[quality_alignments] 	percentage duplication = 34.42
INFO 	2016-04-26 17:48:25 	[quality_alignments] 	median insert size (bp) = 0
INFO 	2016-04-26 17:48:25 	[quality_alignments] 	mean mapping quality = 43.787
INFO 	2016-04-26 17:48:25 	[quality_alignments] 	mean coverage (X) = 1.1474
INFO 	2016-04-26 17:48:25 	[quality_alignments] 	mean coverage adjusted paired-end = .
INFO 	2016-04-26 17:48:25 	[add_to_metadata] 	-t <table>, -s <sample_id>, -u <time_stamp> -a <attribute> and or -v <value> are not provided; exiting...
INFO 	2016-04-26 17:48:25 	[add_to_metadata] 	t=chipseq s=gv_006_01_01_chipseq u=2016-04-26-15-53 a=N_MAPPED_PAIRED_READS v=
INFO 	2016-04-26 17:48:25 	[add_to_metadata] 	-t <table>, -s <sample_id>, -u <time_stamp> -a <attribute> and or -v <value> are not provided; exiting...
INFO 	2016-04-26 17:48:25 	[add_to_metadata] 	t=chipseq s=gv_006_01_01_chipseq u=2016-04-26-15-53 a=P_OVERLAPPING_READ_PAIRS v=
TIME 	2016-04-26 17:48:33 	[quality_alignments] 	step time for completion (seconds) = 270

INFO 	2016-04-26 17:48:35 	[make_tag_directory] 	converting BAM to BED --required for making tag directory
INFO 	2016-04-26 17:52:10 	[make_tag_directory] 	make tag directory with HOMER
INFO 	2016-04-26 18:04:03 	[make_tag_directory] 	parse step log to extract generated metadata
INFO 	2016-04-26 18:04:03 	[make_tag_directory] 	estimated genome size = 3090824199
INFO 	2016-04-26 18:04:03 	[make_tag_directory] 	estimated average read density per bp = 0.023029
INFO 	2016-04-26 18:04:03 	[make_tag_directory] 	total tags = 71180085.0
INFO 	2016-04-26 18:04:03 	[make_tag_directory] 	total_positions = 48763229
INFO 	2016-04-26 18:04:03 	[make_tag_directory] 	avg. tag length = 49.9
INFO 	2016-04-26 18:04:03 	[make_tag_directory] 	median tags per position = 1
INFO 	2016-04-26 18:04:03 	[make_tag_directory] 	avg. tags per position = 1.460
INFO 	2016-04-26 18:04:03 	[make_tag_directory] 	fragment length estimate = 211
INFO 	2016-04-26 18:04:03 	[make_tag_directory] 	peak width estimate = 208
INFO 	2016-04-26 18:04:03 	[make_tag_directory] 	autocorrelation: same strand fold enrichment = 1.1
INFO 	2016-04-26 18:04:03 	[make_tag_directory] 	autocorrelation: diff strand fold enrichment = 1.2
INFO 	2016-04-26 18:04:03 	[make_tag_directory] 	autocorrelation: same-to-diff strand fold enrichment = 1.0
INFO 	2016-04-26 18:04:03 	[make_tag_directory] 	avg. fragment GC% = 38.84
INFO 	2016-04-26 18:04:03 	[make_tag_directory] 	avg. expected GC% = 40.59
INFO 	2016-04-26 18:04:25 	[make_tag_directory] 	ChIP-seq metrics calculated with Homer added to metadata
TIME 	2016-04-26 18:04:25 	[make_tag_directory] 	step time for completion (seconds) = 950

INFO 	2016-04-26 18:04:27 	[make_profiles] 	generate reads per million profile (RPM) fragment profile
INFO 	2016-04-26 19:11:38 	[make_profiles] 	get fragment length estimate (l) as calculated in the 'make_tag_directory' step
INFO 	2016-04-26 19:11:38 	[make_profiles] 	fragment length estimate = 211
INFO 	2016-04-26 19:11:38 	[make_profiles] 	fragment length correction = 211
INFO 	2016-04-26 19:11:38 	[make_profiles] 	the correction will be used if the estimate is not reliable
TIME 	2016-04-26 19:11:41 	[make_profiles] 	step time for completion (seconds) = 4034

INFO 	2016-04-26 19:11:43 	[call_peaks] 	Get fragment length estimate (l) as calculated in the 'make_tag_directory' step
INFO 	2016-04-26 19:11:43 	[call_peaks] 	Fragment length (l) is 211 bp (note this is not used if peak caller is zerone)
INFO 	2016-04-26 19:11:43 	[call_peaks] 	Peak calling with MACS2
INFO 	2016-04-26 19:11:43 	[call_peaks] 	genome size for homo_sapiens will be used
INFO 	2016-04-26 19:11:43 	[call_peaks] 	q-value cutoff = 0.05 (default is 0.01)
INFO 	2016-04-26 19:11:43 	[call_peaks] 	--nomodel (MACS2 will not try to model peak length but use l = 211 instead
INFO 	2016-04-26 19:11:43 	[call_peaks] 	--call-summits = MACS reanalyzes the shape of signal profile to deconvolve subpeaks within each peak called
INFO 	2016-04-26 19:11:43 	[call_peaks] 	peak calling with the sample alone (i.e. no input)
INFO 	2016-04-26 19:20:02 	[call_peaks] 	peaks = 10496
INFO 	2016-04-26 19:20:08 	[call_peaks] 	peak calling without input DNA as control added to metadata

