
INFO 	2016-04-26 15:54:04 	[trim_reads_trimmomatic] 	paths to read1 saved to metadata database
INFO 	2016-04-26 15:54:04 	[trim_reads_trimmomatic] 	sequencing type = SE
INFO 	2016-04-26 15:54:04 	[trim_reads_trimmomatic] 	trimming adapter sequences for HiSeq, NextSeq or HiSeq
INFO 	2016-04-26 15:54:04 	[trim_reads_trimmomatic] 	trimming low-quality reads ends using trimmomatic's recommended practices
INFO 	2016-04-26 16:07:43 	[trim_reads_trimmomatic] 	parse step log to extract generated metadata
INFO 	2016-04-26 16:07:43 	[trim_reads_trimmomatic] 	reads after trimming = 37314783
INFO 	2016-04-26 16:08:01 	[trim_reads_trimmomatic] 	trimmomatic parameters and numbe of trimmed reads added to metadata
INFO 	2016-04-26 16:08:01 	[trim_reads_trimmomatic] 	trimmed reads are in /users/GR/mb/jquilez/data/chipseq/samples/gv_003_01_02_chipseq/fastqs_processed/trimmomatic/single_end
TIME 	2016-04-26 16:08:01 	[trim_reads_trimmomatic] 	step time for completion (seconds) = 861

INFO 	2016-04-26 16:08:03 	[align_bwa] 	align single-end reads with BWA
INFO 	2016-04-26 16:08:03 	[align_bwa] 	alignments are converted to BAM, sorted by genomic coordinates and multi-mappings filtered out
[main] Version: 0.7.12-r1039
[main] CMD: /software/mb/el6.3/bwa/bwa-0.7.12/bwa mem -t 8 -M -R @RG\tID:'gv_003_01_02_chipseq'\tLB:'gv_003_01_02_chipseq'\tPL:illumina\tPU:'gv_003_01_02_chipseq'\tSM:'gv_003_01_02_chipseq' -v 0 /users/GR/mb/jquilez/assemblies/homo_sapiens/hg38_mmtv/ucsc/hg38_mmtv_chr1-22XYMUn.fa /users/GR/mb/jquilez/data/chipseq/samples/gv_003_01_02_chipseq/fastqs_processed/trimmomatic/single_end/gv_003_01_02_chipseq_read1.fastq.gz
[main] Real time: 2716.714 sec; CPU: 20739.389 sec
[bam_sort_core] merging from 18 files...
INFO 	2016-04-26 17:04:11 	[align_bwa] 	reads aligned = 37315456
INFO 	2016-04-26 17:04:11 	[align_bwa] 	reads unique = 28266696
INFO 	2016-04-26 17:04:18 	[align_bwa] 	path to genome sequence FASTA and number of (uniquely) aligned reads added to metadata
TIME 	2016-04-26 17:04:25 	[align_bwa] 	step time for completion (seconds) = 3382

INFO 	2016-04-26 17:04:27 	[quality_alignments] 	general QC of the BAM (using qualimap's bamqc)
INFO 	2016-04-26 17:07:11 	[quality_alignments] 	parse step log to extract generated metadata
(standard_in) 1: syntax error
INFO 	2016-04-26 17:07:11 	[quality_alignments] 	percentage of overlapping read pais = 
INFO 	2016-04-26 17:07:11 	[quality_alignments] 	percentage duplication = 23.45
INFO 	2016-04-26 17:07:11 	[quality_alignments] 	median insert size (bp) = 0
INFO 	2016-04-26 17:07:11 	[quality_alignments] 	mean mapping quality = 41.7753
INFO 	2016-04-26 17:07:11 	[quality_alignments] 	mean coverage (X) = 0.4551
INFO 	2016-04-26 17:07:11 	[quality_alignments] 	mean coverage adjusted paired-end = .
INFO 	2016-04-26 17:07:11 	[add_to_metadata] 	-t <table>, -s <sample_id>, -u <time_stamp> -a <attribute> and or -v <value> are not provided; exiting...
INFO 	2016-04-26 17:07:11 	[add_to_metadata] 	t=chipseq s=gv_003_01_02_chipseq u=2016-04-26-15-53 a=N_MAPPED_PAIRED_READS v=
INFO 	2016-04-26 17:07:11 	[add_to_metadata] 	-t <table>, -s <sample_id>, -u <time_stamp> -a <attribute> and or -v <value> are not provided; exiting...
INFO 	2016-04-26 17:07:11 	[add_to_metadata] 	t=chipseq s=gv_003_01_02_chipseq u=2016-04-26-15-53 a=P_OVERLAPPING_READ_PAIRS v=
TIME 	2016-04-26 17:07:20 	[quality_alignments] 	step time for completion (seconds) = 173

INFO 	2016-04-26 17:07:21 	[make_tag_directory] 	converting BAM to BED --required for making tag directory
INFO 	2016-04-26 17:08:47 	[make_tag_directory] 	make tag directory with HOMER
INFO 	2016-04-26 17:15:16 	[make_tag_directory] 	parse step log to extract generated metadata
INFO 	2016-04-26 17:15:16 	[make_tag_directory] 	estimated genome size = 3091112202
INFO 	2016-04-26 17:15:16 	[make_tag_directory] 	estimated average read density per bp = 0.009145
INFO 	2016-04-26 17:15:16 	[make_tag_directory] 	total tags = 28266696.0
INFO 	2016-04-26 17:15:16 	[make_tag_directory] 	total_positions = 22098599
INFO 	2016-04-26 17:15:16 	[make_tag_directory] 	avg. tag length = 49.8
INFO 	2016-04-26 17:15:16 	[make_tag_directory] 	median tags per position = 1
INFO 	2016-04-26 17:15:16 	[make_tag_directory] 	avg. tags per position = 1.279
INFO 	2016-04-26 17:15:16 	[make_tag_directory] 	fragment length estimate = 244
INFO 	2016-04-26 17:15:16 	[make_tag_directory] 	peak width estimate = 387
INFO 	2016-04-26 17:15:16 	[make_tag_directory] 	autocorrelation: same strand fold enrichment = 1.2
INFO 	2016-04-26 17:15:16 	[make_tag_directory] 	autocorrelation: diff strand fold enrichment = 1.2
INFO 	2016-04-26 17:15:16 	[make_tag_directory] 	autocorrelation: same-to-diff strand fold enrichment = 1.0
INFO 	2016-04-26 17:15:16 	[make_tag_directory] 	avg. fragment GC% = 42.26
INFO 	2016-04-26 17:15:16 	[make_tag_directory] 	avg. expected GC% = 40.63
INFO 	2016-04-26 17:15:37 	[make_tag_directory] 	ChIP-seq metrics calculated with Homer added to metadata
TIME 	2016-04-26 17:15:37 	[make_tag_directory] 	step time for completion (seconds) = 496

INFO 	2016-04-26 17:15:38 	[make_profiles] 	generate reads per million profile (RPM) fragment profile
INFO 	2016-04-26 17:55:46 	[make_profiles] 	get fragment length estimate (l) as calculated in the 'make_tag_directory' step
INFO 	2016-04-26 17:55:46 	[make_profiles] 	fragment length estimate = 244
INFO 	2016-04-26 17:55:46 	[make_profiles] 	fragment length correction = 244
INFO 	2016-04-26 17:55:46 	[make_profiles] 	the correction will be used if the estimate is not reliable
TIME 	2016-04-26 17:55:47 	[make_profiles] 	step time for completion (seconds) = 2409

INFO 	2016-04-26 17:55:49 	[call_peaks] 	Get fragment length estimate (l) as calculated in the 'make_tag_directory' step
INFO 	2016-04-26 17:55:49 	[call_peaks] 	Fragment length (l) is 244 bp (note this is not used if peak caller is zerone)
INFO 	2016-04-26 17:55:49 	[call_peaks] 	Peak calling with MACS2
INFO 	2016-04-26 17:55:49 	[call_peaks] 	genome size for homo_sapiens will be used
INFO 	2016-04-26 17:55:49 	[call_peaks] 	q-value cutoff = 0.05 (default is 0.01)
INFO 	2016-04-26 17:55:49 	[call_peaks] 	--nomodel (MACS2 will not try to model peak length but use l = 244 instead
INFO 	2016-04-26 17:55:49 	[call_peaks] 	--call-summits = MACS reanalyzes the shape of signal profile to deconvolve subpeaks within each peak called
INFO 	2016-04-26 17:55:49 	[call_peaks] 	peak calling with the sample alone (i.e. no input)
INFO 	2016-04-26 17:59:23 	[call_peaks] 	peaks = 4602
INFO 	2016-04-26 17:59:29 	[call_peaks] 	peak calling without input DNA as control added to metadata

