
Traceback (most recent call last):
  File "/users/GR/mb/jquilez/utils/io_metadata.py", line 101, in <module>
    tab.upsert(new_data, ['SAMPLE_ID'])
  File "/nfs/software/mb/el6.3/python/envs/.virtualenvs/cpython279/lib/python2.7/site-packages/dataset/persistence/table.py", line 183, in upsert
    return self.insert(row, ensure=ensure, types=types)
  File "/nfs/software/mb/el6.3/python/envs/.virtualenvs/cpython279/lib/python2.7/site-packages/dataset/persistence/table.py", line 75, in insert
    res = self.database.executable.execute(self.table.insert(row))
  File "/nfs/software/mb/el6.3/python/envs/.virtualenvs/cpython279/lib/python2.7/site-packages/sqlalchemy/engine/base.py", line 1991, in execute
    return connection.execute(statement, *multiparams, **params)
  File "/nfs/software/mb/el6.3/python/envs/.virtualenvs/cpython279/lib/python2.7/site-packages/sqlalchemy/engine/base.py", line 914, in execute
    return meth(self, multiparams, params)
  File "/nfs/software/mb/el6.3/python/envs/.virtualenvs/cpython279/lib/python2.7/site-packages/sqlalchemy/sql/elements.py", line 323, in _execute_on_connection
    return connection._execute_clauseelement(self, multiparams, params)
  File "/nfs/software/mb/el6.3/python/envs/.virtualenvs/cpython279/lib/python2.7/site-packages/sqlalchemy/engine/base.py", line 1010, in _execute_clauseelement
    compiled_sql, distilled_params
  File "/nfs/software/mb/el6.3/python/envs/.virtualenvs/cpython279/lib/python2.7/site-packages/sqlalchemy/engine/base.py", line 1146, in _execute_context
    context)
  File "/nfs/software/mb/el6.3/python/envs/.virtualenvs/cpython279/lib/python2.7/site-packages/sqlalchemy/engine/base.py", line 1341, in _handle_dbapi_exception
    exc_info
  File "/nfs/software/mb/el6.3/python/envs/.virtualenvs/cpython279/lib/python2.7/site-packages/sqlalchemy/util/compat.py", line 199, in raise_from_cause
    reraise(type(exception), exception, tb=exc_tb)
  File "/nfs/software/mb/el6.3/python/envs/.virtualenvs/cpython279/lib/python2.7/site-packages/sqlalchemy/engine/base.py", line 1139, in _execute_context
    context)
  File "/nfs/software/mb/el6.3/python/envs/.virtualenvs/cpython279/lib/python2.7/site-packages/sqlalchemy/engine/default.py", line 450, in do_execute
    cursor.execute(statement, parameters)
sqlalchemy.exc.OperationalError: (sqlite3.OperationalError) database is locked [SQL: u'INSERT INTO chipseq ("SAMPLE_ID", "PIPELINE_RUN_MODE") VALUES (?, ?)'] [parameters: ('gv_045_01_01_chipseq', 'full')]
Traceback (most recent call last):
  File "/users/GR/mb/jquilez/utils/io_metadata.py", line 101, in <module>
    tab.upsert(new_data, ['SAMPLE_ID'])
  File "/nfs/software/mb/el6.3/python/envs/.virtualenvs/cpython279/lib/python2.7/site-packages/dataset/persistence/table.py", line 183, in upsert
    return self.insert(row, ensure=ensure, types=types)
  File "/nfs/software/mb/el6.3/python/envs/.virtualenvs/cpython279/lib/python2.7/site-packages/dataset/persistence/table.py", line 75, in insert
    res = self.database.executable.execute(self.table.insert(row))
  File "/nfs/software/mb/el6.3/python/envs/.virtualenvs/cpython279/lib/python2.7/site-packages/sqlalchemy/engine/base.py", line 1991, in execute
    return connection.execute(statement, *multiparams, **params)
  File "/nfs/software/mb/el6.3/python/envs/.virtualenvs/cpython279/lib/python2.7/site-packages/sqlalchemy/engine/base.py", line 914, in execute
    return meth(self, multiparams, params)
  File "/nfs/software/mb/el6.3/python/envs/.virtualenvs/cpython279/lib/python2.7/site-packages/sqlalchemy/sql/elements.py", line 323, in _execute_on_connection
    return connection._execute_clauseelement(self, multiparams, params)
  File "/nfs/software/mb/el6.3/python/envs/.virtualenvs/cpython279/lib/python2.7/site-packages/sqlalchemy/engine/base.py", line 1010, in _execute_clauseelement
    compiled_sql, distilled_params
  File "/nfs/software/mb/el6.3/python/envs/.virtualenvs/cpython279/lib/python2.7/site-packages/sqlalchemy/engine/base.py", line 1146, in _execute_context
    context)
  File "/nfs/software/mb/el6.3/python/envs/.virtualenvs/cpython279/lib/python2.7/site-packages/sqlalchemy/engine/base.py", line 1341, in _handle_dbapi_exception
    exc_info
  File "/nfs/software/mb/el6.3/python/envs/.virtualenvs/cpython279/lib/python2.7/site-packages/sqlalchemy/util/compat.py", line 199, in raise_from_cause
    reraise(type(exception), exception, tb=exc_tb)
  File "/nfs/software/mb/el6.3/python/envs/.virtualenvs/cpython279/lib/python2.7/site-packages/sqlalchemy/engine/base.py", line 1139, in _execute_context
    context)
  File "/nfs/software/mb/el6.3/python/envs/.virtualenvs/cpython279/lib/python2.7/site-packages/sqlalchemy/engine/default.py", line 450, in do_execute
    cursor.execute(statement, parameters)
sqlalchemy.exc.OperationalError: (sqlite3.OperationalError) database is locked [SQL: u'INSERT INTO chipseq ("SAMPLE_ID", "QUEUE") VALUES (?, ?)'] [parameters: ('gv_045_01_01_chipseq', 'long-sl65')]
Traceback (most recent call last):
  File "/users/GR/mb/jquilez/utils/io_metadata.py", line 101, in <module>
    tab.upsert(new_data, ['SAMPLE_ID'])
  File "/nfs/software/mb/el6.3/python/envs/.virtualenvs/cpython279/lib/python2.7/site-packages/dataset/persistence/table.py", line 183, in upsert
    return self.insert(row, ensure=ensure, types=types)
  File "/nfs/software/mb/el6.3/python/envs/.virtualenvs/cpython279/lib/python2.7/site-packages/dataset/persistence/table.py", line 75, in insert
    res = self.database.executable.execute(self.table.insert(row))
  File "/nfs/software/mb/el6.3/python/envs/.virtualenvs/cpython279/lib/python2.7/site-packages/sqlalchemy/engine/base.py", line 1991, in execute
    return connection.execute(statement, *multiparams, **params)
  File "/nfs/software/mb/el6.3/python/envs/.virtualenvs/cpython279/lib/python2.7/site-packages/sqlalchemy/engine/base.py", line 914, in execute
    return meth(self, multiparams, params)
  File "/nfs/software/mb/el6.3/python/envs/.virtualenvs/cpython279/lib/python2.7/site-packages/sqlalchemy/sql/elements.py", line 323, in _execute_on_connection
    return connection._execute_clauseelement(self, multiparams, params)
  File "/nfs/software/mb/el6.3/python/envs/.virtualenvs/cpython279/lib/python2.7/site-packages/sqlalchemy/engine/base.py", line 1010, in _execute_clauseelement
    compiled_sql, distilled_params
  File "/nfs/software/mb/el6.3/python/envs/.virtualenvs/cpython279/lib/python2.7/site-packages/sqlalchemy/engine/base.py", line 1146, in _execute_context
    context)
  File "/nfs/software/mb/el6.3/python/envs/.virtualenvs/cpython279/lib/python2.7/site-packages/sqlalchemy/engine/base.py", line 1341, in _handle_dbapi_exception
    exc_info
  File "/nfs/software/mb/el6.3/python/envs/.virtualenvs/cpython279/lib/python2.7/site-packages/sqlalchemy/util/compat.py", line 199, in raise_from_cause
    reraise(type(exception), exception, tb=exc_tb)
  File "/nfs/software/mb/el6.3/python/envs/.virtualenvs/cpython279/lib/python2.7/site-packages/sqlalchemy/engine/base.py", line 1139, in _execute_context
    context)
  File "/nfs/software/mb/el6.3/python/envs/.virtualenvs/cpython279/lib/python2.7/site-packages/sqlalchemy/engine/default.py", line 450, in do_execute
    cursor.execute(statement, parameters)
sqlalchemy.exc.OperationalError: (sqlite3.OperationalError) database is locked [SQL: u'INSERT INTO chipseq ("SAMPLE_ID", "MEMORY") VALUES (?, ?)'] [parameters: ('gv_045_01_01_chipseq', '60G')]
Traceback (most recent call last):
  File "/users/GR/mb/jquilez/utils/io_metadata.py", line 101, in <module>
    tab.upsert(new_data, ['SAMPLE_ID'])
  File "/nfs/software/mb/el6.3/python/envs/.virtualenvs/cpython279/lib/python2.7/site-packages/dataset/persistence/table.py", line 183, in upsert
    return self.insert(row, ensure=ensure, types=types)
  File "/nfs/software/mb/el6.3/python/envs/.virtualenvs/cpython279/lib/python2.7/site-packages/dataset/persistence/table.py", line 75, in insert
    res = self.database.executable.execute(self.table.insert(row))
  File "/nfs/software/mb/el6.3/python/envs/.virtualenvs/cpython279/lib/python2.7/site-packages/sqlalchemy/engine/base.py", line 1991, in execute
    return connection.execute(statement, *multiparams, **params)
  File "/nfs/software/mb/el6.3/python/envs/.virtualenvs/cpython279/lib/python2.7/site-packages/sqlalchemy/engine/base.py", line 914, in execute
    return meth(self, multiparams, params)
  File "/nfs/software/mb/el6.3/python/envs/.virtualenvs/cpython279/lib/python2.7/site-packages/sqlalchemy/sql/elements.py", line 323, in _execute_on_connection
    return connection._execute_clauseelement(self, multiparams, params)
  File "/nfs/software/mb/el6.3/python/envs/.virtualenvs/cpython279/lib/python2.7/site-packages/sqlalchemy/engine/base.py", line 1010, in _execute_clauseelement
    compiled_sql, distilled_params
  File "/nfs/software/mb/el6.3/python/envs/.virtualenvs/cpython279/lib/python2.7/site-packages/sqlalchemy/engine/base.py", line 1146, in _execute_context
    context)
  File "/nfs/software/mb/el6.3/python/envs/.virtualenvs/cpython279/lib/python2.7/site-packages/sqlalchemy/engine/base.py", line 1341, in _handle_dbapi_exception
    exc_info
  File "/nfs/software/mb/el6.3/python/envs/.virtualenvs/cpython279/lib/python2.7/site-packages/sqlalchemy/util/compat.py", line 199, in raise_from_cause
    reraise(type(exception), exception, tb=exc_tb)
  File "/nfs/software/mb/el6.3/python/envs/.virtualenvs/cpython279/lib/python2.7/site-packages/sqlalchemy/engine/base.py", line 1139, in _execute_context
    context)
  File "/nfs/software/mb/el6.3/python/envs/.virtualenvs/cpython279/lib/python2.7/site-packages/sqlalchemy/engine/default.py", line 450, in do_execute
    cursor.execute(statement, parameters)
sqlalchemy.exc.OperationalError: (sqlite3.OperationalError) database is locked [SQL: u'INSERT INTO chipseq ("SAMPLE_ID", "MAX_TIME") VALUES (?, ?)'] [parameters: ('gv_045_01_01_chipseq', '20:00:00')]
Traceback (most recent call last):
  File "/users/GR/mb/jquilez/utils/io_metadata.py", line 101, in <module>
    tab.upsert(new_data, ['SAMPLE_ID'])
  File "/nfs/software/mb/el6.3/python/envs/.virtualenvs/cpython279/lib/python2.7/site-packages/dataset/persistence/table.py", line 183, in upsert
    return self.insert(row, ensure=ensure, types=types)
  File "/nfs/software/mb/el6.3/python/envs/.virtualenvs/cpython279/lib/python2.7/site-packages/dataset/persistence/table.py", line 75, in insert
    res = self.database.executable.execute(self.table.insert(row))
  File "/nfs/software/mb/el6.3/python/envs/.virtualenvs/cpython279/lib/python2.7/site-packages/sqlalchemy/engine/base.py", line 1991, in execute
    return connection.execute(statement, *multiparams, **params)
  File "/nfs/software/mb/el6.3/python/envs/.virtualenvs/cpython279/lib/python2.7/site-packages/sqlalchemy/engine/base.py", line 914, in execute
    return meth(self, multiparams, params)
  File "/nfs/software/mb/el6.3/python/envs/.virtualenvs/cpython279/lib/python2.7/site-packages/sqlalchemy/sql/elements.py", line 323, in _execute_on_connection
    return connection._execute_clauseelement(self, multiparams, params)
  File "/nfs/software/mb/el6.3/python/envs/.virtualenvs/cpython279/lib/python2.7/site-packages/sqlalchemy/engine/base.py", line 1010, in _execute_clauseelement
    compiled_sql, distilled_params
  File "/nfs/software/mb/el6.3/python/envs/.virtualenvs/cpython279/lib/python2.7/site-packages/sqlalchemy/engine/base.py", line 1146, in _execute_context
    context)
  File "/nfs/software/mb/el6.3/python/envs/.virtualenvs/cpython279/lib/python2.7/site-packages/sqlalchemy/engine/base.py", line 1341, in _handle_dbapi_exception
    exc_info
  File "/nfs/software/mb/el6.3/python/envs/.virtualenvs/cpython279/lib/python2.7/site-packages/sqlalchemy/util/compat.py", line 199, in raise_from_cause
    reraise(type(exception), exception, tb=exc_tb)
  File "/nfs/software/mb/el6.3/python/envs/.virtualenvs/cpython279/lib/python2.7/site-packages/sqlalchemy/engine/base.py", line 1139, in _execute_context
    context)
  File "/nfs/software/mb/el6.3/python/envs/.virtualenvs/cpython279/lib/python2.7/site-packages/sqlalchemy/engine/default.py", line 450, in do_execute
    cursor.execute(statement, parameters)
sqlalchemy.exc.OperationalError: (sqlite3.OperationalError) database is locked [SQL: u'INSERT INTO chipseq ("SAMPLE_ID", "SLOTS") VALUES (?, ?)'] [parameters: ('gv_045_01_01_chipseq', '8')]
Traceback (most recent call last):
  File "/users/GR/mb/jquilez/utils/io_metadata.py", line 101, in <module>
    tab.upsert(new_data, ['SAMPLE_ID'])
  File "/nfs/software/mb/el6.3/python/envs/.virtualenvs/cpython279/lib/python2.7/site-packages/dataset/persistence/table.py", line 183, in upsert
    return self.insert(row, ensure=ensure, types=types)
  File "/nfs/software/mb/el6.3/python/envs/.virtualenvs/cpython279/lib/python2.7/site-packages/dataset/persistence/table.py", line 75, in insert
    res = self.database.executable.execute(self.table.insert(row))
  File "/nfs/software/mb/el6.3/python/envs/.virtualenvs/cpython279/lib/python2.7/site-packages/sqlalchemy/engine/base.py", line 1991, in execute
    return connection.execute(statement, *multiparams, **params)
  File "/nfs/software/mb/el6.3/python/envs/.virtualenvs/cpython279/lib/python2.7/site-packages/sqlalchemy/engine/base.py", line 914, in execute
    return meth(self, multiparams, params)
  File "/nfs/software/mb/el6.3/python/envs/.virtualenvs/cpython279/lib/python2.7/site-packages/sqlalchemy/sql/elements.py", line 323, in _execute_on_connection
    return connection._execute_clauseelement(self, multiparams, params)
  File "/nfs/software/mb/el6.3/python/envs/.virtualenvs/cpython279/lib/python2.7/site-packages/sqlalchemy/engine/base.py", line 1010, in _execute_clauseelement
    compiled_sql, distilled_params
  File "/nfs/software/mb/el6.3/python/envs/.virtualenvs/cpython279/lib/python2.7/site-packages/sqlalchemy/engine/base.py", line 1146, in _execute_context
    context)
  File "/nfs/software/mb/el6.3/python/envs/.virtualenvs/cpython279/lib/python2.7/site-packages/sqlalchemy/engine/base.py", line 1341, in _handle_dbapi_exception
    exc_info
  File "/nfs/software/mb/el6.3/python/envs/.virtualenvs/cpython279/lib/python2.7/site-packages/sqlalchemy/util/compat.py", line 199, in raise_from_cause
    reraise(type(exception), exception, tb=exc_tb)
  File "/nfs/software/mb/el6.3/python/envs/.virtualenvs/cpython279/lib/python2.7/site-packages/sqlalchemy/engine/base.py", line 1139, in _execute_context
    context)
  File "/nfs/software/mb/el6.3/python/envs/.virtualenvs/cpython279/lib/python2.7/site-packages/sqlalchemy/engine/default.py", line 450, in do_execute
    cursor.execute(statement, parameters)
sqlalchemy.exc.OperationalError: (sqlite3.OperationalError) database is locked [SQL: u'INSERT INTO chipseq ("SAMPLE_ID", "ASSEMBLY_VERSION") VALUES (?, ?)'] [parameters: ('gv_045_01_01_chipseq', 'hg38_mmtv')]
Traceback (most recent call last):
  File "/users/GR/mb/jquilez/utils/io_metadata.py", line 101, in <module>
    tab.upsert(new_data, ['SAMPLE_ID'])
  File "/nfs/software/mb/el6.3/python/envs/.virtualenvs/cpython279/lib/python2.7/site-packages/dataset/persistence/table.py", line 183, in upsert
    return self.insert(row, ensure=ensure, types=types)
  File "/nfs/software/mb/el6.3/python/envs/.virtualenvs/cpython279/lib/python2.7/site-packages/dataset/persistence/table.py", line 75, in insert
    res = self.database.executable.execute(self.table.insert(row))
  File "/nfs/software/mb/el6.3/python/envs/.virtualenvs/cpython279/lib/python2.7/site-packages/sqlalchemy/engine/base.py", line 1991, in execute
    return connection.execute(statement, *multiparams, **params)
  File "/nfs/software/mb/el6.3/python/envs/.virtualenvs/cpython279/lib/python2.7/site-packages/sqlalchemy/engine/base.py", line 914, in execute
    return meth(self, multiparams, params)
  File "/nfs/software/mb/el6.3/python/envs/.virtualenvs/cpython279/lib/python2.7/site-packages/sqlalchemy/sql/elements.py", line 323, in _execute_on_connection
    return connection._execute_clauseelement(self, multiparams, params)
  File "/nfs/software/mb/el6.3/python/envs/.virtualenvs/cpython279/lib/python2.7/site-packages/sqlalchemy/engine/base.py", line 1010, in _execute_clauseelement
    compiled_sql, distilled_params
  File "/nfs/software/mb/el6.3/python/envs/.virtualenvs/cpython279/lib/python2.7/site-packages/sqlalchemy/engine/base.py", line 1146, in _execute_context
    context)
  File "/nfs/software/mb/el6.3/python/envs/.virtualenvs/cpython279/lib/python2.7/site-packages/sqlalchemy/engine/base.py", line 1341, in _handle_dbapi_exception
    exc_info
  File "/nfs/software/mb/el6.3/python/envs/.virtualenvs/cpython279/lib/python2.7/site-packages/sqlalchemy/util/compat.py", line 199, in raise_from_cause
    reraise(type(exception), exception, tb=exc_tb)
  File "/nfs/software/mb/el6.3/python/envs/.virtualenvs/cpython279/lib/python2.7/site-packages/sqlalchemy/engine/base.py", line 1139, in _execute_context
    context)
  File "/nfs/software/mb/el6.3/python/envs/.virtualenvs/cpython279/lib/python2.7/site-packages/sqlalchemy/engine/default.py", line 450, in do_execute
    cursor.execute(statement, parameters)
sqlalchemy.exc.OperationalError: (sqlite3.OperationalError) database is locked [SQL: u'INSERT INTO chipseq ("SAMPLE_ID", "JOB_NAME") VALUES (?, ?)'] [parameters: ('gv_045_01_01_chipseq', 'chipseq-16.04')]
Traceback (most recent call last):
  File "/users/GR/mb/jquilez/utils/io_metadata.py", line 101, in <module>
    tab.upsert(new_data, ['SAMPLE_ID'])
  File "/nfs/software/mb/el6.3/python/envs/.virtualenvs/cpython279/lib/python2.7/site-packages/dataset/persistence/table.py", line 183, in upsert
    return self.insert(row, ensure=ensure, types=types)
  File "/nfs/software/mb/el6.3/python/envs/.virtualenvs/cpython279/lib/python2.7/site-packages/dataset/persistence/table.py", line 75, in insert
    res = self.database.executable.execute(self.table.insert(row))
  File "/nfs/software/mb/el6.3/python/envs/.virtualenvs/cpython279/lib/python2.7/site-packages/sqlalchemy/engine/base.py", line 1991, in execute
    return connection.execute(statement, *multiparams, **params)
  File "/nfs/software/mb/el6.3/python/envs/.virtualenvs/cpython279/lib/python2.7/site-packages/sqlalchemy/engine/base.py", line 914, in execute
    return meth(self, multiparams, params)
  File "/nfs/software/mb/el6.3/python/envs/.virtualenvs/cpython279/lib/python2.7/site-packages/sqlalchemy/sql/elements.py", line 323, in _execute_on_connection
    return connection._execute_clauseelement(self, multiparams, params)
  File "/nfs/software/mb/el6.3/python/envs/.virtualenvs/cpython279/lib/python2.7/site-packages/sqlalchemy/engine/base.py", line 1010, in _execute_clauseelement
    compiled_sql, distilled_params
  File "/nfs/software/mb/el6.3/python/envs/.virtualenvs/cpython279/lib/python2.7/site-packages/sqlalchemy/engine/base.py", line 1146, in _execute_context
    context)
  File "/nfs/software/mb/el6.3/python/envs/.virtualenvs/cpython279/lib/python2.7/site-packages/sqlalchemy/engine/base.py", line 1341, in _handle_dbapi_exception
    exc_info
  File "/nfs/software/mb/el6.3/python/envs/.virtualenvs/cpython279/lib/python2.7/site-packages/sqlalchemy/util/compat.py", line 199, in raise_from_cause
    reraise(type(exception), exception, tb=exc_tb)
  File "/nfs/software/mb/el6.3/python/envs/.virtualenvs/cpython279/lib/python2.7/site-packages/sqlalchemy/engine/base.py", line 1139, in _execute_context
    context)
  File "/nfs/software/mb/el6.3/python/envs/.virtualenvs/cpython279/lib/python2.7/site-packages/sqlalchemy/engine/default.py", line 450, in do_execute
    cursor.execute(statement, parameters)
sqlalchemy.exc.OperationalError: (sqlite3.OperationalError) database is locked [SQL: u'INSERT INTO chipseq ("SAMPLE_ID", "PATH_JOB_FILE") VALUES (?, ?)'] [parameters: ('gv_045_01_01_chipseq', '/users/GR/mb/jquilez/pipelines/chipseq-16.04/job_cmd/gv_045_01_01_chipseq_2016_04_27_full_macs2_chipseq-16.04.sh')]
INFO 	2016-04-27 15:37:11 	[trim_reads_trimmomatic] 	paths to read1 saved to metadata database
INFO 	2016-04-27 15:37:11 	[trim_reads_trimmomatic] 	sequencing type = SE
INFO 	2016-04-27 15:37:11 	[trim_reads_trimmomatic] 	trimming adapter sequences for HiSeq, NextSeq or HiSeq
INFO 	2016-04-27 15:37:11 	[trim_reads_trimmomatic] 	trimming low-quality reads ends using trimmomatic's recommended practices
INFO 	2016-04-27 16:37:55 	[trim_reads_trimmomatic] 	parse step log to extract generated metadata
INFO 	2016-04-27 16:37:55 	[trim_reads_trimmomatic] 	reads after trimming = 163810010
INFO 	2016-04-27 16:38:07 	[trim_reads_trimmomatic] 	trimmomatic parameters and numbe of trimmed reads added to metadata
INFO 	2016-04-27 16:38:07 	[trim_reads_trimmomatic] 	trimmed reads are in /users/GR/mb/jquilez/data/chipseq/samples/gv_045_01_01_chipseq/fastqs_processed/trimmomatic/single_end
TIME 	2016-04-27 16:38:07 	[trim_reads_trimmomatic] 	step time for completion (seconds) = 3753

INFO 	2016-04-27 16:38:08 	[align_bwa] 	align single-end reads with BWA
INFO 	2016-04-27 16:38:08 	[align_bwa] 	alignments are converted to BAM, sorted by genomic coordinates and multi-mappings filtered out
[main] Version: 0.7.12-r1039
[main] CMD: /software/mb/el6.3/bwa/bwa-0.7.12/bwa mem -t 8 -M -R @RG\tID:'gv_045_01_01_chipseq'\tLB:'gv_045_01_01_chipseq'\tPL:illumina\tPU:'gv_045_01_01_chipseq'\tSM:'gv_045_01_01_chipseq' -v 0 /users/GR/mb/jquilez/assemblies/homo_sapiens/hg38_mmtv/ucsc/hg38_mmtv_chr1-22XYMUn.fa /users/GR/mb/jquilez/data/chipseq/samples/gv_045_01_01_chipseq/fastqs_processed/trimmomatic/single_end/gv_045_01_01_chipseq_read1.fastq.gz
[main] Real time: 7415.950 sec; CPU: 56977.645 sec
[bam_sort_core] merging from 93 files...
INFO 	2016-04-27 19:30:58 	[align_bwa] 	reads aligned = 163811774
INFO 	2016-04-27 19:30:58 	[align_bwa] 	reads unique = 135302664
INFO 	2016-04-27 19:31:03 	[align_bwa] 	path to genome sequence FASTA and number of (uniquely) aligned reads added to metadata
TIME 	2016-04-27 19:31:30 	[align_bwa] 	step time for completion (seconds) = 10402

INFO 	2016-04-27 19:31:32 	[quality_alignments] 	general QC of the BAM (using qualimap's bamqc)
INFO 	2016-04-27 19:38:57 	[quality_alignments] 	parse step log to extract generated metadata
INFO 	2016-04-27 19:38:57 	[quality_alignments] 	percentage duplication = 14.23
INFO 	2016-04-27 19:38:57 	[quality_alignments] 	median insert size (bp) = 0
INFO 	2016-04-27 19:38:57 	[quality_alignments] 	mean mapping quality = 43.0131
INFO 	2016-04-27 19:38:57 	[quality_alignments] 	mean coverage (X) = 2.1706
INFO 	2016-04-27 19:38:57 	[quality_alignments] 	mean coverage adjusted paired-end = .
TIME 	2016-04-27 19:39:06 	[quality_alignments] 	step time for completion (seconds) = 454

INFO 	2016-04-27 19:39:08 	[make_tag_directory] 	converting BAM to BED --required for making tag directory
INFO 	2016-04-27 19:45:49 	[make_tag_directory] 	make tag directory with HOMER
INFO 	2016-04-27 20:10:43 	[make_tag_directory] 	parse step log to extract generated metadata
INFO 	2016-04-27 20:10:43 	[make_tag_directory] 	estimated genome size = 3090911891
INFO 	2016-04-27 20:10:43 	[make_tag_directory] 	estimated average read density per bp = 0.043774
INFO 	2016-04-27 20:10:43 	[make_tag_directory] 	total tags = 135302664.0
INFO 	2016-04-27 20:10:43 	[make_tag_directory] 	total_positions = 119408559
INFO 	2016-04-27 20:10:43 	[make_tag_directory] 	avg. tag length = 49.6
INFO 	2016-04-27 20:10:43 	[make_tag_directory] 	median tags per position = 1
INFO 	2016-04-27 20:10:43 	[make_tag_directory] 	avg. tags per position = 1.133
INFO 	2016-04-27 20:10:43 	[make_tag_directory] 	fragment length estimate = 218
INFO 	2016-04-27 20:10:43 	[make_tag_directory] 	peak width estimate = 246
INFO 	2016-04-27 20:10:43 	[make_tag_directory] 	autocorrelation: same strand fold enrichment = 1.2
INFO 	2016-04-27 20:10:43 	[make_tag_directory] 	autocorrelation: diff strand fold enrichment = 1.2
INFO 	2016-04-27 20:10:43 	[make_tag_directory] 	autocorrelation: same-to-diff strand fold enrichment = 1.0
INFO 	2016-04-27 20:10:43 	[make_tag_directory] 	avg. fragment GC% = 47.30
INFO 	2016-04-27 20:10:43 	[make_tag_directory] 	avg. expected GC% = 40.60
INFO 	2016-04-27 20:11:04 	[make_tag_directory] 	ChIP-seq metrics calculated with Homer added to metadata
TIME 	2016-04-27 20:11:04 	[make_tag_directory] 	step time for completion (seconds) = 1917

INFO 	2016-04-27 20:11:06 	[make_profiles] 	generate reads per million profile (RPM) fragment profile
INFO 	2016-04-27 22:34:48 	[make_profiles] 	get fragment length estimate (l) as calculated in the 'make_tag_directory' step
INFO 	2016-04-27 22:34:49 	[make_profiles] 	fragment length estimate = 218
INFO 	2016-04-27 22:34:49 	[make_profiles] 	fragment length correction = 218
INFO 	2016-04-27 22:34:49 	[make_profiles] 	the correction will be used if the estimate is not reliable
TIME 	2016-04-27 22:34:56 	[make_profiles] 	step time for completion (seconds) = 8630

INFO 	2016-04-27 22:35:10 	[call_peaks] 	Get fragment length estimate (l) as calculated in the 'make_tag_directory' step
INFO 	2016-04-27 22:35:10 	[call_peaks] 	Fragment length (l) is 218 bp (note this is not used if peak caller is zerone)
INFO 	2016-04-27 22:35:10 	[call_peaks] 	Peak calling with MACS2
INFO 	2016-04-27 22:35:10 	[call_peaks] 	genome size for homo_sapiens will be used
INFO 	2016-04-27 22:35:10 	[call_peaks] 	q-value cutoff = 0.05 (default is 0.01)
INFO 	2016-04-27 22:35:10 	[call_peaks] 	--nomodel (MACS2 will not try to model peak length but use l = 218 instead
INFO 	2016-04-27 22:35:10 	[call_peaks] 	--call-summits = MACS reanalyzes the shape of signal profile to deconvolve subpeaks within each peak called
INFO 	2016-04-27 22:35:10 	[call_peaks] 	peak calling with the sample alone (i.e. no input)
INFO 	2016-04-27 22:53:48 	[call_peaks] 	peaks = 282660
INFO 	2016-04-27 22:53:55 	[call_peaks] 	peak calling without input DNA as control added to metadata

