
INFO 	2016-09-02 10:46:47 	[trim_reads_trimmomatic] 	sequencing type = SE
INFO 	2016-09-02 10:46:47 	[trim_reads_trimmomatic] 	trimming adapter sequences for HiSeq, NextSeq or HiSeq
INFO 	2016-09-02 10:46:47 	[trim_reads_trimmomatic] 	trimming low-quality reads ends using trimmomatic's recommended practices
INFO 	2016-09-02 11:41:47 	[trim_reads_trimmomatic] 	parse step log to extract generated metadata
INFO 	2016-09-02 11:41:48 	[trim_reads_trimmomatic] 	reads after trimming = 150413195
INFO 	2016-09-02 11:41:48 	[trim_reads_trimmomatic] 	trimmed reads are in /users/GR/mb/jquilez/data/chipseq/samples/ps_011_01_01_chipseq/fastqs_processed/trimmomatic/single_end
TIME 	2016-09-02 11:41:48 	[trim_reads_trimmomatic] 	step time for completion (seconds) = 3356

INFO 	2016-09-02 11:41:48 	[align_bwa] 	align single-end reads with BWA
INFO 	2016-09-02 11:41:48 	[align_bwa] 	alignments are converted to BAM, sorted by genomic coordinates and multi-mappings filtered out
[main] Version: 0.7.12-r1039
[main] CMD: /software/mb/el6.3/bwa/bwa-0.7.12/bwa mem -t 8 -M -R @RG\tID:'ps_011_01_01_chipseq'\tLB:'ps_011_01_01_chipseq'\tPL:illumina\tPU:'ps_011_01_01_chipseq'\tSM:'ps_011_01_01_chipseq' -v 0 /users/GR/mb/jquilez/assemblies/homo_sapiens/hg19/ucsc/hg19_chr1-22XYMUn.fa /users/GR/mb/jquilez/data/chipseq/samples/ps_011_01_01_chipseq/fastqs_processed/trimmomatic/single_end/ps_011_01_01_chipseq_read1.fastq.gz
[main] Real time: 5354.464 sec; CPU: 40769.520 sec
[bam_sort_core] merging from 83 files...
INFO 	2016-09-02 13:52:22 	[align_bwa] 	reads aligned = 150420826
INFO 	2016-09-02 13:52:22 	[align_bwa] 	reads unique = 121039414
TIME 	2016-09-02 13:52:43 	[align_bwa] 	step time for completion (seconds) = 7855

INFO 	2016-09-02 13:52:44 	[quality_alignments] 	general QC of the BAM (using qualimap's bamqc)
INFO 	2016-09-02 13:59:25 	[quality_alignments] 	parse step log to extract generated metadata
INFO 	2016-09-02 13:59:25 	[quality_alignments] 	percentage duplication = 28.71
INFO 	2016-09-02 13:59:25 	[quality_alignments] 	median insert size (bp) = 0
INFO 	2016-09-02 13:59:25 	[quality_alignments] 	mean mapping quality = 47.5972
INFO 	2016-09-02 13:59:25 	[quality_alignments] 	mean coverage (X) = 1.9447
INFO 	2016-09-02 13:59:25 	[quality_alignments] 	mean coverage adjusted paired-end = .
TIME 	2016-09-02 13:59:25 	[quality_alignments] 	step time for completion (seconds) = 402

INFO 	2016-09-02 13:59:25 	[make_tag_directory] 	converting BAM to BED --required for making tag directory
INFO 	2016-09-02 14:05:22 	[make_tag_directory] 	make tag directory with HOMER
INFO 	2016-09-02 14:26:31 	[make_tag_directory] 	parse step log to extract generated metadata
INFO 	2016-09-02 14:26:31 	[make_tag_directory] 	estimated genome size = 3097633942
INFO 	2016-09-02 14:26:31 	[make_tag_directory] 	estimated average read density per bp = 0.039075
INFO 	2016-09-02 14:26:31 	[make_tag_directory] 	total tags = 121039414.0
INFO 	2016-09-02 14:26:31 	[make_tag_directory] 	total_positions = 88098612
INFO 	2016-09-02 14:26:31 	[make_tag_directory] 	avg. tag length = 49.8
INFO 	2016-09-02 14:26:31 	[make_tag_directory] 	median tags per position = 1
INFO 	2016-09-02 14:26:31 	[make_tag_directory] 	avg. tags per position = 1.374
INFO 	2016-09-02 14:26:31 	[make_tag_directory] 	fragment length estimate = 232
INFO 	2016-09-02 14:26:31 	[make_tag_directory] 	peak width estimate = 262
INFO 	2016-09-02 14:26:31 	[make_tag_directory] 	autocorrelation: same strand fold enrichment = 1.1
INFO 	2016-09-02 14:26:31 	[make_tag_directory] 	autocorrelation: diff strand fold enrichment = 1.1
INFO 	2016-09-02 14:26:31 	[make_tag_directory] 	autocorrelation: same-to-diff strand fold enrichment = 1.0
INFO 	2016-09-02 14:26:31 	[make_tag_directory] 	avg. fragment GC% = 43.43
INFO 	2016-09-02 14:26:31 	[make_tag_directory] 	avg. expected GC% = 40.65
TIME 	2016-09-02 14:26:31 	[make_tag_directory] 	step time for completion (seconds) = 1626

INFO 	2016-09-02 14:26:31 	[make_profiles] 	generate reads per million profile (RPM) fragment profile
INFO 	2016-09-02 16:31:35 	[make_profiles] 	get fragment length estimate (l) as calculated in the 'make_tag_directory' step
INFO 	2016-09-02 16:31:35 	[make_profiles] 	fragment length estimate = 232
INFO 	2016-09-02 16:31:35 	[make_profiles] 	fragment length correction = 232
INFO 	2016-09-02 16:31:35 	[make_profiles] 	the correction will be used if the estimate is not reliable
TIME 	2016-09-02 16:31:42 	[make_profiles] 	step time for completion (seconds) = 7511

INFO 	2016-09-02 16:31:42 	[call_peaks] 	Get fragment length estimate (l) as calculated in the 'make_tag_directory' step
INFO 	2016-09-02 16:31:42 	[call_peaks] 	Fragment length (l) is 232 bp (note this is not used if peak caller is zerone)
INFO 	2016-09-02 16:31:42 	[call_peaks] 	Peak calling with MACS2
INFO 	2016-09-02 16:31:42 	[call_peaks] 	genome size for homo_sapiens will be used
INFO 	2016-09-02 16:31:42 	[call_peaks] 	q-value cutoff = 0.05 (default is 0.01)
INFO 	2016-09-02 16:31:42 	[call_peaks] 	--nomodel (MACS2 will not try to model peak length but use l = 232 instead
INFO 	2016-09-02 16:31:42 	[call_peaks] 	--call-summits = MACS reanalyzes the shape of signal profile to deconvolve subpeaks within each peak called
INFO 	2016-09-02 16:31:42 	[call_peaks] 	peak calling with the sample alone (i.e. no input)
INFO 	2016-09-02 16:45:53 	[call_peaks] 	peaks = 11443
INFO 	2016-09-02 16:45:53 	[clean_up] 	deleting the following intermediate files/directories:
INFO 	2016-09-02 16:45:53 	[clean_up] 	/users/GR/mb/jquilez/data/chipseq/samples/ps_011_01_01_chipseq/fastqs_processed/trimmomatic/*/*
TIME 	2016-09-02 16:45:53 	[clean_up] 	step time for completion (seconds) = 0


