
INFO 	2016-06-02 17:14:21 	[trim_reads_trimmomatic] 	paths to read1 saved to metadata database
INFO 	2016-06-02 17:14:21 	[trim_reads_trimmomatic] 	sequencing type = SE
INFO 	2016-06-02 17:14:21 	[trim_reads_trimmomatic] 	trimming adapter sequences for HiSeq, NextSeq or HiSeq
INFO 	2016-06-02 17:14:21 	[trim_reads_trimmomatic] 	trimming low-quality reads ends using trimmomatic's recommended practices
INFO 	2016-06-02 17:46:52 	[trim_reads_trimmomatic] 	parse step log to extract generated metadata
INFO 	2016-06-02 17:46:52 	[trim_reads_trimmomatic] 	reads after trimming = 90007605
INFO 	2016-06-02 17:47:12 	[trim_reads_trimmomatic] 	trimmomatic parameters and numbe of trimmed reads added to metadata
INFO 	2016-06-02 17:47:12 	[trim_reads_trimmomatic] 	trimmed reads are in /users/GR/mb/jquilez/data/chipseq/samples/ps_006_02_01_chipseq/fastqs_processed/trimmomatic/single_end
TIME 	2016-06-02 17:47:12 	[trim_reads_trimmomatic] 	step time for completion (seconds) = 2024

INFO 	2016-06-02 17:47:14 	[align_bwa] 	align single-end reads with BWA
INFO 	2016-06-02 17:47:14 	[align_bwa] 	alignments are converted to BAM, sorted by genomic coordinates and multi-mappings filtered out
[main] Version: 0.7.12-r1039
[main] CMD: /software/mb/el6.3/bwa/bwa-0.7.12/bwa mem -t 8 -M -R @RG\tID:'ps_006_02_01_chipseq'\tLB:'ps_006_02_01_chipseq'\tPL:illumina\tPU:'ps_006_02_01_chipseq'\tSM:'ps_006_02_01_chipseq' -v 0 /users/GR/mb/jquilez/assemblies/homo_sapiens/hg38_mmtv/ucsc/hg38_mmtv_chr1-22XYMUn.fa /users/GR/mb/jquilez/data/chipseq/samples/ps_006_02_01_chipseq/fastqs_processed/trimmomatic/single_end/ps_006_02_01_chipseq_read1.fastq.gz
[main] Real time: 4978.720 sec; CPU: 38285.649 sec
[bam_sort_core] merging from 48 files...
INFO 	2016-06-02 19:34:10 	[align_bwa] 	reads aligned = 90023028
INFO 	2016-06-02 19:34:10 	[align_bwa] 	reads unique = 62806941
INFO 	2016-06-02 19:34:15 	[align_bwa] 	path to genome sequence FASTA and number of (uniquely) aligned reads added to metadata
TIME 	2016-06-02 19:34:27 	[align_bwa] 	step time for completion (seconds) = 6433

INFO 	2016-06-02 19:34:29 	[quality_alignments] 	general QC of the BAM (using qualimap's bamqc)
INFO 	2016-06-02 19:38:16 	[quality_alignments] 	parse step log to extract generated metadata
INFO 	2016-06-02 19:38:17 	[quality_alignments] 	percentage duplication = 56.78
INFO 	2016-06-02 19:38:17 	[quality_alignments] 	median insert size (bp) = 0
INFO 	2016-06-02 19:38:17 	[quality_alignments] 	mean mapping quality = 41.2851
INFO 	2016-06-02 19:38:17 	[quality_alignments] 	mean coverage (X) = 1.0017
INFO 	2016-06-02 19:38:17 	[quality_alignments] 	mean coverage adjusted paired-end = .
TIME 	2016-06-02 19:38:25 	[quality_alignments] 	step time for completion (seconds) = 236

INFO 	2016-06-02 19:38:27 	[make_tag_directory] 	converting BAM to BED --required for making tag directory
INFO 	2016-06-02 19:41:33 	[make_tag_directory] 	make tag directory with HOMER
INFO 	2016-06-02 19:50:56 	[make_tag_directory] 	parse step log to extract generated metadata
INFO 	2016-06-02 19:50:56 	[make_tag_directory] 	estimated genome size = 3090922963
INFO 	2016-06-02 19:50:56 	[make_tag_directory] 	estimated average read density per bp = 0.020320
INFO 	2016-06-02 19:50:56 	[make_tag_directory] 	total tags = 62806941.0
INFO 	2016-06-02 19:50:56 	[make_tag_directory] 	total_positions = 31621071
INFO 	2016-06-02 19:50:56 	[make_tag_directory] 	avg. tag length = 49.3
INFO 	2016-06-02 19:50:56 	[make_tag_directory] 	median tags per position = 2
INFO 	2016-06-02 19:50:56 	[make_tag_directory] 	avg. tags per position = 1.986
INFO 	2016-06-02 19:50:56 	[make_tag_directory] 	fragment length estimate = 245
INFO 	2016-06-02 19:50:56 	[make_tag_directory] 	peak width estimate = 345
INFO 	2016-06-02 19:50:56 	[make_tag_directory] 	autocorrelation: same strand fold enrichment = 1.4
INFO 	2016-06-02 19:50:56 	[make_tag_directory] 	autocorrelation: diff strand fold enrichment = 1.4
INFO 	2016-06-02 19:50:56 	[make_tag_directory] 	autocorrelation: same-to-diff strand fold enrichment = 1.0
INFO 	2016-06-02 19:50:56 	[make_tag_directory] 	avg. fragment GC% = 49.22
INFO 	2016-06-02 19:50:56 	[make_tag_directory] 	avg. expected GC% = 40.63
INFO 	2016-06-02 19:51:34 	[make_tag_directory] 	ChIP-seq metrics calculated with Homer added to metadata
TIME 	2016-06-02 19:51:34 	[make_tag_directory] 	step time for completion (seconds) = 787

INFO 	2016-06-02 19:51:36 	[make_profiles] 	generate reads per million profile (RPM) fragment profile
INFO 	2016-06-02 20:43:04 	[make_profiles] 	get fragment length estimate (l) as calculated in the 'make_tag_directory' step
INFO 	2016-06-02 20:43:04 	[make_profiles] 	fragment length estimate = 245
INFO 	2016-06-02 20:43:04 	[make_profiles] 	fragment length correction = 245
INFO 	2016-06-02 20:43:04 	[make_profiles] 	the correction will be used if the estimate is not reliable
TIME 	2016-06-02 20:43:06 	[make_profiles] 	step time for completion (seconds) = 3090

INFO 	2016-06-02 20:43:23 	[call_peaks] 	Get fragment length estimate (l) as calculated in the 'make_tag_directory' step
INFO 	2016-06-02 20:43:23 	[call_peaks] 	Fragment length (l) is 245 bp (note this is not used if peak caller is zerone)
INFO 	2016-06-02 20:43:23 	[call_peaks] 	Peak calling with MACS2
INFO 	2016-06-02 20:43:23 	[call_peaks] 	genome size for homo_sapiens will be used
INFO 	2016-06-02 20:43:23 	[call_peaks] 	q-value cutoff = 0.05 (default is 0.01)
INFO 	2016-06-02 20:43:23 	[call_peaks] 	--nomodel (MACS2 will not try to model peak length but use l = 245 instead
INFO 	2016-06-02 20:43:23 	[call_peaks] 	--call-summits = MACS reanalyzes the shape of signal profile to deconvolve subpeaks within each peak called
INFO 	2016-06-02 20:43:23 	[call_peaks] 	peak calling with the sample alone (i.e. no input)
INFO 	2016-06-02 20:51:02 	[call_peaks] 	peaks = 165589
INFO 	2016-06-02 20:51:10 	[call_peaks] 	peak calling without input DNA as control added to metadata

