
INFO 	2016-06-02 17:14:55 	[trim_reads_trimmomatic] 	paths to read1 saved to metadata database
INFO 	2016-06-02 17:14:55 	[trim_reads_trimmomatic] 	sequencing type = SE
INFO 	2016-06-02 17:14:56 	[trim_reads_trimmomatic] 	trimming adapter sequences for HiSeq, NextSeq or HiSeq
INFO 	2016-06-02 17:14:56 	[trim_reads_trimmomatic] 	trimming low-quality reads ends using trimmomatic's recommended practices
INFO 	2016-06-02 18:23:50 	[trim_reads_trimmomatic] 	parse step log to extract generated metadata
INFO 	2016-06-02 18:23:50 	[trim_reads_trimmomatic] 	reads after trimming = 182942663
INFO 	2016-06-02 18:24:06 	[trim_reads_trimmomatic] 	trimmomatic parameters and numbe of trimmed reads added to metadata
INFO 	2016-06-02 18:24:06 	[trim_reads_trimmomatic] 	trimmed reads are in /users/GR/mb/jquilez/data/chipseq/samples/rw_002_01_01_chipseq/fastqs_processed/trimmomatic/single_end
TIME 	2016-06-02 18:24:06 	[trim_reads_trimmomatic] 	step time for completion (seconds) = 4239

INFO 	2016-06-02 18:24:07 	[align_bwa] 	align single-end reads with BWA
INFO 	2016-06-02 18:24:07 	[align_bwa] 	alignments are converted to BAM, sorted by genomic coordinates and multi-mappings filtered out
[main] Version: 0.7.12-r1039
[main] CMD: /software/mb/el6.3/bwa/bwa-0.7.12/bwa mem -t 8 -M -R @RG\tID:'rw_002_01_01_chipseq'\tLB:'rw_002_01_01_chipseq'\tPL:illumina\tPU:'rw_002_01_01_chipseq'\tSM:'rw_002_01_01_chipseq' -v 0 /users/GR/mb/jquilez/assemblies/homo_sapiens/hg38_mmtv/ucsc/hg38_mmtv_chr1-22XYMUn.fa /users/GR/mb/jquilez/data/chipseq/samples/rw_002_01_01_chipseq/fastqs_processed/trimmomatic/single_end/rw_002_01_01_chipseq_read1.fastq.gz
[main] Real time: 8424.076 sec; CPU: 65008.736 sec
[bam_sort_core] merging from 105 files...
INFO 	2016-06-02 21:36:52 	[align_bwa] 	reads aligned = 182943742
INFO 	2016-06-02 21:36:52 	[align_bwa] 	reads unique = 152159307
INFO 	2016-06-02 21:37:12 	[align_bwa] 	path to genome sequence FASTA and number of (uniquely) aligned reads added to metadata
TIME 	2016-06-02 21:37:41 	[align_bwa] 	step time for completion (seconds) = 11614

INFO 	2016-06-02 21:37:41 	[quality_alignments] 	general QC of the BAM (using qualimap's bamqc)
INFO 	2016-06-02 21:46:10 	[quality_alignments] 	parse step log to extract generated metadata
INFO 	2016-06-02 21:46:10 	[quality_alignments] 	percentage duplication = 9.87
INFO 	2016-06-02 21:46:10 	[quality_alignments] 	median insert size (bp) = 0
INFO 	2016-06-02 21:46:10 	[quality_alignments] 	mean mapping quality = 43.1451
INFO 	2016-06-02 21:46:10 	[quality_alignments] 	mean coverage (X) = 2.4538
INFO 	2016-06-02 21:46:10 	[quality_alignments] 	mean coverage adjusted paired-end = .
TIME 	2016-06-02 21:46:19 	[quality_alignments] 	step time for completion (seconds) = 518

INFO 	2016-06-02 21:46:21 	[make_tag_directory] 	converting BAM to BED --required for making tag directory
INFO 	2016-06-02 21:53:50 	[make_tag_directory] 	make tag directory with HOMER
INFO 	2016-06-02 22:17:28 	[make_tag_directory] 	parse step log to extract generated metadata
INFO 	2016-06-02 22:17:28 	[make_tag_directory] 	estimated genome size = 3090995355
INFO 	2016-06-02 22:17:28 	[make_tag_directory] 	estimated average read density per bp = 0.049227
INFO 	2016-06-02 22:17:28 	[make_tag_directory] 	total tags = 152159307.0
INFO 	2016-06-02 22:17:28 	[make_tag_directory] 	total_positions = 139477589
INFO 	2016-06-02 22:17:28 	[make_tag_directory] 	avg. tag length = 49.9
INFO 	2016-06-02 22:17:28 	[make_tag_directory] 	median tags per position = 1
INFO 	2016-06-02 22:17:28 	[make_tag_directory] 	avg. tags per position = 1.091
INFO 	2016-06-02 22:17:28 	[make_tag_directory] 	fragment length estimate = 117
INFO 	2016-06-02 22:17:28 	[make_tag_directory] 	peak width estimate = 222
INFO 	2016-06-02 22:17:28 	[make_tag_directory] 	autocorrelation: same strand fold enrichment = 1.1
INFO 	2016-06-02 22:17:28 	[make_tag_directory] 	autocorrelation: diff strand fold enrichment = 1.1
INFO 	2016-06-02 22:17:28 	[make_tag_directory] 	autocorrelation: same-to-diff strand fold enrichment = 1.0
INFO 	2016-06-02 22:17:28 	[make_tag_directory] 	avg. fragment GC% = 44.68
INFO 	2016-06-02 22:17:28 	[make_tag_directory] 	avg. expected GC% = 40.36
INFO 	2016-06-02 22:18:02 	[make_tag_directory] 	ChIP-seq metrics calculated with Homer added to metadata
TIME 	2016-06-02 22:18:02 	[make_tag_directory] 	step time for completion (seconds) = 1901

INFO 	2016-06-02 22:18:04 	[make_profiles] 	generate reads per million profile (RPM) fragment profile
INFO 	2016-06-03 00:14:03 	[make_profiles] 	get fragment length estimate (l) as calculated in the 'make_tag_directory' step
INFO 	2016-06-03 00:14:03 	[make_profiles] 	fragment length estimate = 117
INFO 	2016-06-03 00:14:03 	[make_profiles] 	fragment length correction = 117
INFO 	2016-06-03 00:14:03 	[make_profiles] 	the correction will be used if the estimate is not reliable
TIME 	2016-06-03 00:14:16 	[make_profiles] 	step time for completion (seconds) = 6973

INFO 	2016-06-03 00:14:21 	[call_peaks] 	Get fragment length estimate (l) as calculated in the 'make_tag_directory' step
INFO 	2016-06-03 00:14:21 	[call_peaks] 	Fragment length (l) is 117 bp (note this is not used if peak caller is zerone)
INFO 	2016-06-03 00:14:21 	[call_peaks] 	Peak calling with MACS2
INFO 	2016-06-03 00:14:21 	[call_peaks] 	genome size for homo_sapiens will be used
INFO 	2016-06-03 00:14:21 	[call_peaks] 	q-value cutoff = 0.05 (default is 0.01)
INFO 	2016-06-03 00:14:21 	[call_peaks] 	--nomodel (MACS2 will not try to model peak length but use l = 117 instead
INFO 	2016-06-03 00:14:21 	[call_peaks] 	--call-summits = MACS reanalyzes the shape of signal profile to deconvolve subpeaks within each peak called
INFO 	2016-06-03 00:14:21 	[call_peaks] 	peak calling with the sample alone (i.e. no input)
INFO 	2016-06-03 00:34:17 	[call_peaks] 	peaks = 94893
INFO 	2016-06-03 00:34:43 	[call_peaks] 	peak calling without input DNA as control added to metadata

