
INFO 	2016-08-25 14:40:16 	[trim_reads_trimmomatic] 	paths to read1 saved to metadata database
INFO 	2016-08-25 14:40:16 	[trim_reads_trimmomatic] 	sequencing type = SE
INFO 	2016-08-25 14:40:16 	[trim_reads_trimmomatic] 	trimming adapter sequences for HiSeq, NextSeq or HiSeq
INFO 	2016-08-25 14:40:16 	[trim_reads_trimmomatic] 	trimming low-quality reads ends using trimmomatic's recommended practices
INFO 	2016-08-25 14:56:40 	[trim_reads_trimmomatic] 	parse step log to extract generated metadata
INFO 	2016-08-25 14:56:40 	[trim_reads_trimmomatic] 	reads after trimming = 31249888
INFO 	2016-08-25 14:57:01 	[trim_reads_trimmomatic] 	trimmomatic parameters and numbe of trimmed reads added to metadata
INFO 	2016-08-25 14:57:01 	[trim_reads_trimmomatic] 	trimmed reads are in /users/GR/mb/jquilez/data/chipseq/samples/rw_004_01_01_chipseq/fastqs_processed/trimmomatic/single_end
TIME 	2016-08-25 14:57:01 	[trim_reads_trimmomatic] 	step time for completion (seconds) = 1021

INFO 	2016-08-25 14:57:03 	[align_bwa] 	align single-end reads with BWA
INFO 	2016-08-25 14:57:03 	[align_bwa] 	alignments are converted to BAM, sorted by genomic coordinates and multi-mappings filtered out
[main] Version: 0.7.12-r1039
[main] CMD: /software/mb/el6.3/bwa/bwa-0.7.12/bwa mem -t 8 -M -R @RG\tID:'rw_004_01_01_chipseq'\tLB:'rw_004_01_01_chipseq'\tPL:illumina\tPU:'rw_004_01_01_chipseq'\tSM:'rw_004_01_01_chipseq' -v 0 /users/GR/mb/jquilez/assemblies/homo_sapiens/hg38_mmtv/ucsc/hg38_mmtv_chr1-22XYMUn.fa /users/GR/mb/jquilez/data/chipseq/samples/rw_004_01_01_chipseq/fastqs_processed/trimmomatic/single_end/rw_004_01_01_chipseq_read1.fastq.gz
[main] Real time: 1557.767 sec; CPU: 11924.134 sec
[bam_sort_core] merging from 15 files...
INFO 	2016-08-25 15:35:56 	[align_bwa] 	reads aligned = 31265315
INFO 	2016-08-25 15:35:56 	[align_bwa] 	reads unique = 28050718
INFO 	2016-08-25 15:36:17 	[align_bwa] 	path to genome sequence FASTA and number of (uniquely) aligned reads added to metadata
TIME 	2016-08-25 15:36:23 	[align_bwa] 	step time for completion (seconds) = 2360

INFO 	2016-08-25 15:36:25 	[quality_alignments] 	general QC of the BAM (using qualimap's bamqc)
INFO 	2016-08-25 15:38:55 	[quality_alignments] 	parse step log to extract generated metadata
INFO 	2016-08-25 15:38:56 	[quality_alignments] 	percentage duplication = 11.37
INFO 	2016-08-25 15:38:56 	[quality_alignments] 	median insert size (bp) = 0
INFO 	2016-08-25 15:38:56 	[quality_alignments] 	mean mapping quality = 45.2449
INFO 	2016-08-25 15:38:56 	[quality_alignments] 	mean coverage (X) = 0.6775
INFO 	2016-08-25 15:38:56 	[quality_alignments] 	mean coverage adjusted paired-end = .
TIME 	2016-08-25 15:39:05 	[quality_alignments] 	step time for completion (seconds) = 160

INFO 	2016-08-25 15:39:08 	[make_tag_directory] 	converting BAM to BED --required for making tag directory
INFO 	2016-08-25 15:40:50 	[make_tag_directory] 	make tag directory with HOMER
INFO 	2016-08-25 15:46:48 	[make_tag_directory] 	parse step log to extract generated metadata
INFO 	2016-08-25 15:46:48 	[make_tag_directory] 	estimated genome size = 3090941399
INFO 	2016-08-25 15:46:48 	[make_tag_directory] 	estimated average read density per bp = 0.009075
INFO 	2016-08-25 15:46:48 	[make_tag_directory] 	total tags = 28050718.0
INFO 	2016-08-25 15:46:48 	[make_tag_directory] 	total_positions = 24870514
INFO 	2016-08-25 15:46:48 	[make_tag_directory] 	avg. tag length = 74.7
INFO 	2016-08-25 15:46:48 	[make_tag_directory] 	median tags per position = 1
INFO 	2016-08-25 15:46:48 	[make_tag_directory] 	avg. tags per position = 1.128
INFO 	2016-08-25 15:46:48 	[make_tag_directory] 	fragment length estimate = 144
INFO 	2016-08-25 15:46:48 	[make_tag_directory] 	peak width estimate = 84
INFO 	2016-08-25 15:46:48 	[make_tag_directory] 	autocorrelation: same strand fold enrichment = 1.2
INFO 	2016-08-25 15:46:48 	[make_tag_directory] 	autocorrelation: diff strand fold enrichment = 1.2
INFO 	2016-08-25 15:46:48 	[make_tag_directory] 	autocorrelation: same-to-diff strand fold enrichment = 1.0
INFO 	2016-08-25 15:46:48 	[make_tag_directory] 	avg. fragment GC% = 41.05
INFO 	2016-08-25 15:46:48 	[make_tag_directory] 	avg. expected GC% = 40.46
INFO 	2016-08-25 15:47:13 	[make_tag_directory] 	ChIP-seq metrics calculated with Homer added to metadata
TIME 	2016-08-25 15:47:13 	[make_tag_directory] 	step time for completion (seconds) = 485

INFO 	2016-08-25 15:47:15 	[make_profiles] 	generate reads per million profile (RPM) fragment profile
INFO 	2016-08-25 16:19:47 	[make_profiles] 	get fragment length estimate (l) as calculated in the 'make_tag_directory' step
INFO 	2016-08-25 16:19:47 	[make_profiles] 	fragment length estimate = 144
INFO 	2016-08-25 16:19:47 	[make_profiles] 	fragment length correction = 144
INFO 	2016-08-25 16:19:47 	[make_profiles] 	the correction will be used if the estimate is not reliable
TIME 	2016-08-25 16:19:49 	[make_profiles] 	step time for completion (seconds) = 1954

INFO 	2016-08-25 16:20:07 	[call_peaks] 	Get fragment length estimate (l) as calculated in the 'make_tag_directory' step
INFO 	2016-08-25 16:20:07 	[call_peaks] 	Fragment length (l) is 144 bp (note this is not used if peak caller is zerone)
INFO 	2016-08-25 16:20:07 	[call_peaks] 	Peak calling with MACS2
INFO 	2016-08-25 16:20:07 	[call_peaks] 	genome size for homo_sapiens will be used
INFO 	2016-08-25 16:20:07 	[call_peaks] 	q-value cutoff = 0.05 (default is 0.01)
INFO 	2016-08-25 16:20:07 	[call_peaks] 	--nomodel (MACS2 will not try to model peak length but use l = 144 instead
INFO 	2016-08-25 16:20:07 	[call_peaks] 	--call-summits = MACS reanalyzes the shape of signal profile to deconvolve subpeaks within each peak called
INFO 	2016-08-25 16:20:07 	[call_peaks] 	peak calling with input DNA (/users/GR/mb/jquilez/data/chipseq/samples/T0_roberto_input/alignments/bwa/hg38_mmtv/single_end/T0_roberto_input_sorted_unique.bam) as control
INFO 	2016-08-25 17:06:42 	[call_peaks] 	peaks = 339
INFO 	2016-08-25 17:06:53 	[call_peaks] 	peak calling with input DNA as control added to metadata
INFO 	2016-08-25 17:06:53 	[clean_up] 	deleting the following intermediate files/directories:
INFO 	2016-08-25 17:06:53 	[clean_up] 	/users/GR/mb/jquilez/data/chipseq/samples/rw_004_01_01_chipseq/fastqs_processed/trimmomatic/*/*
TIME 	2016-08-25 17:06:54 	[clean_up] 	step time for completion (seconds) = 1


