
INFO 	2016-08-25 14:40:31 	[trim_reads_trimmomatic] 	paths to read1 saved to metadata database
INFO 	2016-08-25 14:40:31 	[trim_reads_trimmomatic] 	sequencing type = SE
INFO 	2016-08-25 14:40:31 	[trim_reads_trimmomatic] 	trimming adapter sequences for HiSeq, NextSeq or HiSeq
INFO 	2016-08-25 14:40:31 	[trim_reads_trimmomatic] 	trimming low-quality reads ends using trimmomatic's recommended practices
INFO 	2016-08-25 15:15:56 	[trim_reads_trimmomatic] 	parse step log to extract generated metadata
INFO 	2016-08-25 15:15:57 	[trim_reads_trimmomatic] 	reads after trimming = 72004276
INFO 	2016-08-25 15:16:30 	[trim_reads_trimmomatic] 	trimmomatic parameters and numbe of trimmed reads added to metadata
INFO 	2016-08-25 15:16:30 	[trim_reads_trimmomatic] 	trimmed reads are in /users/GR/mb/jquilez/data/chipseq/samples/rw_003_01_01_chipseq/fastqs_processed/trimmomatic/single_end
TIME 	2016-08-25 15:16:30 	[trim_reads_trimmomatic] 	step time for completion (seconds) = 2191

INFO 	2016-08-25 15:16:32 	[align_bwa] 	align single-end reads with BWA
INFO 	2016-08-25 15:16:32 	[align_bwa] 	alignments are converted to BAM, sorted by genomic coordinates and multi-mappings filtered out
[main] Version: 0.7.12-r1039
[main] CMD: /software/mb/el6.3/bwa/bwa-0.7.12/bwa mem -t 8 -M -R @RG\tID:'rw_003_01_01_chipseq'\tLB:'rw_003_01_01_chipseq'\tPL:illumina\tPU:'rw_003_01_01_chipseq'\tSM:'rw_003_01_01_chipseq' -v 0 /users/GR/mb/jquilez/assemblies/homo_sapiens/hg38_mmtv/ucsc/hg38_mmtv_chr1-22XYMUn.fa /users/GR/mb/jquilez/data/chipseq/samples/rw_003_01_01_chipseq/fastqs_processed/trimmomatic/single_end/rw_003_01_01_chipseq_read1.fastq.gz
[main] Real time: 3567.736 sec; CPU: 27403.690 sec
[bam_sort_core] merging from 39 files...
INFO 	2016-08-25 16:44:33 	[align_bwa] 	reads aligned = 72040705
INFO 	2016-08-25 16:44:33 	[align_bwa] 	reads unique = 64459235
INFO 	2016-08-25 16:44:49 	[align_bwa] 	path to genome sequence FASTA and number of (uniquely) aligned reads added to metadata
TIME 	2016-08-25 16:45:03 	[align_bwa] 	step time for completion (seconds) = 5311

INFO 	2016-08-25 16:45:05 	[quality_alignments] 	general QC of the BAM (using qualimap's bamqc)
INFO 	2016-08-25 16:50:02 	[quality_alignments] 	parse step log to extract generated metadata
INFO 	2016-08-25 16:50:02 	[quality_alignments] 	percentage duplication = 9.73
INFO 	2016-08-25 16:50:02 	[quality_alignments] 	median insert size (bp) = 0
INFO 	2016-08-25 16:50:02 	[quality_alignments] 	mean mapping quality = 45.0198
INFO 	2016-08-25 16:50:02 	[quality_alignments] 	mean coverage (X) = 1.5567
INFO 	2016-08-25 16:50:02 	[quality_alignments] 	mean coverage adjusted paired-end = .
TIME 	2016-08-25 16:50:11 	[quality_alignments] 	step time for completion (seconds) = 306

INFO 	2016-08-25 16:50:12 	[make_tag_directory] 	converting BAM to BED --required for making tag directory
INFO 	2016-08-25 16:53:56 	[make_tag_directory] 	make tag directory with HOMER
INFO 	2016-08-25 17:05:39 	[make_tag_directory] 	parse step log to extract generated metadata
INFO 	2016-08-25 17:05:39 	[make_tag_directory] 	estimated genome size = 3091009950
INFO 	2016-08-25 17:05:39 	[make_tag_directory] 	estimated average read density per bp = 0.020854
INFO 	2016-08-25 17:05:39 	[make_tag_directory] 	total tags = 64459235.0
INFO 	2016-08-25 17:05:39 	[make_tag_directory] 	total_positions = 58371963
INFO 	2016-08-25 17:05:39 	[make_tag_directory] 	avg. tag length = 74.7
INFO 	2016-08-25 17:05:39 	[make_tag_directory] 	median tags per position = 1
INFO 	2016-08-25 17:05:39 	[make_tag_directory] 	avg. tags per position = 1.104
INFO 	2016-08-25 17:05:39 	[make_tag_directory] 	fragment length estimate = 153
INFO 	2016-08-25 17:05:39 	[make_tag_directory] 	peak width estimate = 32
INFO 	2016-08-25 17:05:39 	[make_tag_directory] 	autocorrelation: same strand fold enrichment = 1.1
INFO 	2016-08-25 17:05:39 	[make_tag_directory] 	autocorrelation: diff strand fold enrichment = 1.1
INFO 	2016-08-25 17:05:39 	[make_tag_directory] 	autocorrelation: same-to-diff strand fold enrichment = 1.0
INFO 	2016-08-25 17:05:39 	[make_tag_directory] 	avg. fragment GC% = 40.93
INFO 	2016-08-25 17:05:39 	[make_tag_directory] 	avg. expected GC% = 40.48
INFO 	2016-08-25 17:06:23 	[make_tag_directory] 	ChIP-seq metrics calculated with Homer added to metadata
TIME 	2016-08-25 17:06:23 	[make_tag_directory] 	step time for completion (seconds) = 971

INFO 	2016-08-25 17:06:24 	[make_profiles] 	generate reads per million profile (RPM) fragment profile
INFO 	2016-08-25 18:14:44 	[make_profiles] 	get fragment length estimate (l) as calculated in the 'make_tag_directory' step
INFO 	2016-08-25 18:14:44 	[make_profiles] 	fragment length estimate = 153
INFO 	2016-08-25 18:14:44 	[make_profiles] 	fragment length correction = 153
INFO 	2016-08-25 18:14:44 	[make_profiles] 	the correction will be used if the estimate is not reliable
TIME 	2016-08-25 18:14:48 	[make_profiles] 	step time for completion (seconds) = 4104

INFO 	2016-08-25 18:15:10 	[call_peaks] 	Get fragment length estimate (l) as calculated in the 'make_tag_directory' step
INFO 	2016-08-25 18:15:10 	[call_peaks] 	Fragment length (l) is 153 bp (note this is not used if peak caller is zerone)
INFO 	2016-08-25 18:15:10 	[call_peaks] 	Peak calling with MACS2
INFO 	2016-08-25 18:15:10 	[call_peaks] 	genome size for homo_sapiens will be used
INFO 	2016-08-25 18:15:10 	[call_peaks] 	q-value cutoff = 0.05 (default is 0.01)
INFO 	2016-08-25 18:15:10 	[call_peaks] 	--nomodel (MACS2 will not try to model peak length but use l = 153 instead
INFO 	2016-08-25 18:15:10 	[call_peaks] 	--call-summits = MACS reanalyzes the shape of signal profile to deconvolve subpeaks within each peak called
INFO 	2016-08-25 18:15:10 	[call_peaks] 	peak calling with input DNA (/users/GR/mb/jquilez/data/chipseq/samples/T0_roberto_input/alignments/bwa/hg38_mmtv/single_end/T0_roberto_input_sorted_unique.bam) as control
INFO 	2016-08-25 19:08:13 	[call_peaks] 	peaks = 369
INFO 	2016-08-25 19:08:45 	[call_peaks] 	peak calling with input DNA as control added to metadata
INFO 	2016-08-25 19:08:46 	[clean_up] 	deleting the following intermediate files/directories:
INFO 	2016-08-25 19:08:46 	[clean_up] 	/users/GR/mb/jquilez/data/chipseq/samples/rw_003_01_01_chipseq/fastqs_processed/trimmomatic/*/*
TIME 	2016-08-25 19:08:47 	[clean_up] 	step time for completion (seconds) = 1


