
INFO 	2016-03-04 12:10:06 	[trim_reads_trimmomatic] 	paths to read1 saved to metadata database
INFO 	2016-03-04 12:10:06 	[trim_reads_trimmomatic] 	sequencing type = SE
INFO 	2016-03-04 12:10:06 	[trim_reads_trimmomatic] 	trimming adapter sequences for HiSeq, NextSeq or HiSeq
INFO 	2016-03-04 12:10:06 	[trim_reads_trimmomatic] 	trimming low-quality reads ends using trimmomatic's recommended practices
INFO 	2016-03-04 12:36:10 	[trim_reads_trimmomatic] 	parse step log to extract generated metadata
INFO 	2016-03-04 12:36:10 	[trim_reads_trimmomatic] 	reads after trimming = 68813392
Traceback (most recent call last):
  File "/users/GR/mb/jquilez/utils/io_metadata.py", line 21, in <module>
    import pandas as pd 
  File "/nfs/software/mb/el6.3/python/envs/.virtualenvs/cpython279/lib/python2.7/site-packages/pandas/__init__.py", line 13, in <module>
    "extensions first.".format(module))
ImportError: C extension: No module named pytz.tzinfo not built. If you want to import pandas from the source directory, you may need to run 'python setup.py build_ext --inplace' to build the C extensions first.
Traceback (most recent call last):
  File "/users/GR/mb/jquilez/utils/io_metadata.py", line 21, in <module>
    import pandas as pd 
  File "/nfs/software/mb/el6.3/python/envs/.virtualenvs/cpython279/lib/python2.7/site-packages/pandas/__init__.py", line 13, in <module>
    "extensions first.".format(module))
ImportError: C extension: No module named pytz.tzinfo not built. If you want to import pandas from the source directory, you may need to run 'python setup.py build_ext --inplace' to build the C extensions first.
Traceback (most recent call last):
  File "/users/GR/mb/jquilez/utils/io_metadata.py", line 21, in <module>
    import pandas as pd 
  File "/nfs/software/mb/el6.3/python/envs/.virtualenvs/cpython279/lib/python2.7/site-packages/pandas/__init__.py", line 13, in <module>
    "extensions first.".format(module))
ImportError: C extension: No module named pytz.tzinfo not built. If you want to import pandas from the source directory, you may need to run 'python setup.py build_ext --inplace' to build the C extensions first.
Traceback (most recent call last):
  File "/users/GR/mb/jquilez/utils/io_metadata.py", line 21, in <module>
    import pandas as pd 
  File "/nfs/software/mb/el6.3/python/envs/.virtualenvs/cpython279/lib/python2.7/site-packages/pandas/__init__.py", line 13, in <module>
    "extensions first.".format(module))
ImportError: C extension: No module named pytz.tzinfo not built. If you want to import pandas from the source directory, you may need to run 'python setup.py build_ext --inplace' to build the C extensions first.
Traceback (most recent call last):
  File "/users/GR/mb/jquilez/utils/io_metadata.py", line 21, in <module>
    import pandas as pd 
  File "/nfs/software/mb/el6.3/python/envs/.virtualenvs/cpython279/lib/python2.7/site-packages/pandas/__init__.py", line 13, in <module>
    "extensions first.".format(module))
ImportError: C extension: No module named pytz.tzinfo not built. If you want to import pandas from the source directory, you may need to run 'python setup.py build_ext --inplace' to build the C extensions first.
Traceback (most recent call last):
  File "/users/GR/mb/jquilez/utils/io_metadata.py", line 21, in <module>
    import pandas as pd 
  File "/nfs/software/mb/el6.3/python/envs/.virtualenvs/cpython279/lib/python2.7/site-packages/pandas/__init__.py", line 13, in <module>
    "extensions first.".format(module))
ImportError: C extension: No module named pytz.tzinfo not built. If you want to import pandas from the source directory, you may need to run 'python setup.py build_ext --inplace' to build the C extensions first.
Traceback (most recent call last):
  File "/users/GR/mb/jquilez/utils/io_metadata.py", line 21, in <module>
    import pandas as pd 
  File "/nfs/software/mb/el6.3/python/envs/.virtualenvs/cpython279/lib/python2.7/site-packages/pandas/__init__.py", line 13, in <module>
    "extensions first.".format(module))
ImportError: C extension: No module named pytz.tzinfo not built. If you want to import pandas from the source directory, you may need to run 'python setup.py build_ext --inplace' to build the C extensions first.
Traceback (most recent call last):
  File "/users/GR/mb/jquilez/utils/io_metadata.py", line 21, in <module>
    import pandas as pd 
  File "/nfs/software/mb/el6.3/python/envs/.virtualenvs/cpython279/lib/python2.7/site-packages/pandas/__init__.py", line 13, in <module>
    "extensions first.".format(module))
ImportError: C extension: No module named pytz.tzinfo not built. If you want to import pandas from the source directory, you may need to run 'python setup.py build_ext --inplace' to build the C extensions first.
Traceback (most recent call last):
  File "/users/GR/mb/jquilez/utils/io_metadata.py", line 21, in <module>
    import pandas as pd 
  File "/nfs/software/mb/el6.3/python/envs/.virtualenvs/cpython279/lib/python2.7/site-packages/pandas/__init__.py", line 13, in <module>
    "extensions first.".format(module))
ImportError: C extension: No module named pytz.tzinfo not built. If you want to import pandas from the source directory, you may need to run 'python setup.py build_ext --inplace' to build the C extensions first.
Traceback (most recent call last):
  File "/users/GR/mb/jquilez/utils/io_metadata.py", line 21, in <module>
    import pandas as pd 
  File "/nfs/software/mb/el6.3/python/envs/.virtualenvs/cpython279/lib/python2.7/site-packages/pandas/__init__.py", line 13, in <module>
    "extensions first.".format(module))
ImportError: C extension: No module named pytz.tzinfo not built. If you want to import pandas from the source directory, you may need to run 'python setup.py build_ext --inplace' to build the C extensions first.
Traceback (most recent call last):
  File "/users/GR/mb/jquilez/utils/io_metadata.py", line 21, in <module>
    import pandas as pd 
  File "/nfs/software/mb/el6.3/python/envs/.virtualenvs/cpython279/lib/python2.7/site-packages/pandas/__init__.py", line 13, in <module>
    "extensions first.".format(module))
ImportError: C extension: No module named pytz.tzinfo not built. If you want to import pandas from the source directory, you may need to run 'python setup.py build_ext --inplace' to build the C extensions first.
Traceback (most recent call last):
  File "/users/GR/mb/jquilez/utils/io_metadata.py", line 21, in <module>
    import pandas as pd 
  File "/nfs/software/mb/el6.3/python/envs/.virtualenvs/cpython279/lib/python2.7/site-packages/pandas/__init__.py", line 13, in <module>
    "extensions first.".format(module))
ImportError: C extension: No module named pytz.tzinfo not built. If you want to import pandas from the source directory, you may need to run 'python setup.py build_ext --inplace' to build the C extensions first.
INFO 	2016-03-04 12:36:22 	[trim_reads_trimmomatic] 	trimmomatic parameters and numbe of trimmed reads added to metadata
INFO 	2016-03-04 12:36:22 	[trim_reads_trimmomatic] 	trimmed reads are in /users/GR/mb/jquilez/data/chipseq/samples/gv_005_01_01_chipseq/fastqs_processed/trimmomatic/single_end
TIME 	2016-03-04 12:36:22 	[trim_reads_trimmomatic] 	step time for completion (seconds) = 1623
Traceback (most recent call last):
  File "/users/GR/mb/jquilez/utils/io_metadata.py", line 21, in <module>
    import pandas as pd 
  File "/nfs/software/mb/el6.3/python/envs/.virtualenvs/cpython279/lib/python2.7/site-packages/pandas/__init__.py", line 13, in <module>
    "extensions first.".format(module))
ImportError: C extension: No module named pytz.tzinfo not built. If you want to import pandas from the source directory, you may need to run 'python setup.py build_ext --inplace' to build the C extensions first.

INFO 	2016-03-04 12:36:23 	[align_bwa] 	align single-end reads with BWA
INFO 	2016-03-04 12:36:23 	[align_bwa] 	alignments are converted to BAM, sorted by genomic coordinates and multi-mappings filtered out
[main] Version: 0.7.12-r1039
[main] CMD: /software/mb/el6.3/bwa/bwa-0.7.12/bwa mem -t 8 -M -R @RG\tID:'gv_005_01_01_chipseq'\tLB:'gv_005_01_01_chipseq'\tPL:illumina\tPU:'gv_005_01_01_chipseq'\tSM:'gv_005_01_01_chipseq' -v 0 /users/GR/mb/jquilez/assemblies/homo_sapiens/hg38_mmtv/ucsc/hg38_mmtv.fa /users/GR/mb/jquilez/data/chipseq/samples/gv_005_01_01_chipseq/fastqs_processed/trimmomatic/single_end/gv_005_01_01_chipseq_read1.fastq.gz
[main] Real time: 2631.629 sec; CPU: 19758.196 sec
[bam_sort_core] merging from 32 files...
INFO 	2016-03-04 13:41:31 	[align_bwa] 	reads aligned = 68813536
INFO 	2016-03-04 13:41:31 	[align_bwa] 	reads unique = 60386204
INFO 	2016-03-04 13:41:46 	[align_bwa] 	path to genome sequence FASTA and number of (uniquely) aligned reads added to metadata
TIME 	2016-03-04 13:42:00 	[align_bwa] 	step time for completion (seconds) = 3937

INFO 	2016-03-04 13:42:01 	[make_tag_directory] 	converting BAM to BED --required for making tag directory
INFO 	2016-03-04 13:45:08 	[make_tag_directory] 	make tag directory with HOMER
INFO 	2016-03-04 13:58:09 	[make_tag_directory] 	parse step log to extract generated metadata
INFO 	2016-03-04 13:58:09 	[make_tag_directory] 	estimated genome size = 3030068727
INFO 	2016-03-04 13:58:09 	[make_tag_directory] 	estimated average read density per bp = 0.019929
INFO 	2016-03-04 13:58:09 	[make_tag_directory] 	total tags = 60386204.0
INFO 	2016-03-04 13:58:09 	[make_tag_directory] 	total_positions = 54504929
INFO 	2016-03-04 13:58:09 	[make_tag_directory] 	avg. tag length = 48.9
INFO 	2016-03-04 13:58:09 	[make_tag_directory] 	median tags per position = 1
INFO 	2016-03-04 13:58:09 	[make_tag_directory] 	avg. tags per position = 1.108
INFO 	2016-03-04 13:58:09 	[make_tag_directory] 	fragment length estimate = 255
INFO 	2016-03-04 13:58:09 	[make_tag_directory] 	peak width estimate = 302
INFO 	2016-03-04 13:58:10 	[make_tag_directory] 	autocorrelation: same strand fold enrichment = 1.9
INFO 	2016-03-04 13:58:10 	[make_tag_directory] 	autocorrelation: diff strand fold enrichment = 1.8
INFO 	2016-03-04 13:58:10 	[make_tag_directory] 	autocorrelation: same-to-diff strand fold enrichment = 1.0
INFO 	2016-03-04 13:58:10 	[make_tag_directory] 	avg. fragment GC% = 39.40
INFO 	2016-03-04 13:58:10 	[make_tag_directory] 	avg. expected GC% = 40.64
INFO 	2016-03-04 13:58:31 	[make_tag_directory] 	ChIP-seq metrics calculated with Homer added to metadata
TIME 	2016-03-04 13:58:31 	[make_tag_directory] 	step time for completion (seconds) = 990

INFO 	2016-03-04 13:58:33 	[make_bigbed] 	make BigBed file
TIME 	2016-03-04 14:00:50 	[make_bigbed] 	step time for completion (seconds) = 137

INFO 	2016-03-04 14:00:52 	[calculate_rpms] 	generate reads pe million profile (RPM) fragment profile
INFO 	2016-03-04 14:00:52 	[calculate_rpms] 	get fragment length estimate (l) as calculated in the 'make_tag_directory' step
INFO 	2016-03-04 14:00:52 	[calculate_rpms] 	fragment length estimate = 255
INFO 	2016-03-04 14:00:52 	[calculate_rpms] 	fragment length correction = 255
INFO 	2016-03-04 14:00:52 	[calculate_rpms] 	the correction will be used if the estimate is not reliable
TIME 	2016-03-04 15:14:56 	[calculate_rpms] 	step time for completion (seconds) = 4444

INFO 	2016-03-04 15:15:08 	[call_peaks] 	Get fragment length estimate (l) as calculated in the 'make_tag_directory' step
INFO 	2016-03-04 15:15:08 	[call_peaks] 	Fragment length (l) is 255 bp (note this is not used if peak caller is zerone)
INFO 	2016-03-04 15:15:08 	[call_peaks] 	Peak calling with MACS2
INFO 	2016-03-04 15:15:08 	[call_peaks] 	genome size for homo_sapiens will be used
INFO 	2016-03-04 15:15:08 	[call_peaks] 	q-value cutoff =  (default is 0.01)
INFO 	2016-03-04 15:15:08 	[call_peaks] 	--nomodel (MACS2 will not try to model peak length but use l = 255 instead
INFO 	2016-03-04 15:15:08 	[call_peaks] 	--call-summits = MACS reanalyzes the shape of signal profile to deconvolve subpeaks within each peak called
INFO 	2016-03-04 15:15:08 	[call_peaks] 	peak calling with the sample alone (i.e. no input)
INFO 	2016-03-04 15:23:30 	[call_peaks] 	peaks = 41706
INFO 	2016-03-04 15:23:37 	[call_peaks] 	peak calling without input DNA as control added to metadata

