Traceback (most recent call last):
  File "/usr/lib64/python2.6/logging/__init__.py", line 808, in emit
    self.flush()
  File "/usr/lib64/python2.6/logging/__init__.py", line 770, in flush
    self.stream.flush()
IOError: [Errno 116] Stale file handle
Traceback (most recent call last):
  File "/usr/lib64/python2.6/logging/__init__.py", line 808, in emit
    self.flush()
  File "/usr/lib64/python2.6/logging/__init__.py", line 770, in flush
    self.stream.flush()
IOError: [Errno 116] Stale file handle
Error in atexit._run_exitfuncs:
Traceback (most recent call last):
  File "/usr/lib64/python2.6/atexit.py", line 24, in _run_exitfuncs
    func(*targs, **kargs)
  File "/usr/lib64/python2.6/logging/__init__.py", line 1525, in shutdown
    h.close()
  File "/usr/lib64/python2.6/logging/__init__.py", line 844, in close
    self.stream.close()
IOError: [Errno 116] Stale file handle
Error in sys.exitfunc:
Traceback (most recent call last):
  File "/usr/lib64/python2.6/atexit.py", line 24, in _run_exitfuncs
    func(*targs, **kargs)
  File "/usr/lib64/python2.6/logging/__init__.py", line 1525, in shutdown
    h.close()
  File "/usr/lib64/python2.6/logging/__init__.py", line 844, in close
    self.stream.close()
IOError: [Errno 116] Stale file handle

INFO 	2016-03-03 14:39:22 	[trim_reads_trimmomatic] 	sequencing type = PE
INFO 	2016-03-03 14:39:22 	[trim_reads_trimmomatic] 	trimming adapter sequences for HiSeq, NextSeq or HiSeq
INFO 	2016-03-03 14:39:22 	[trim_reads_trimmomatic] 	trimming low-quality reads ends using trimmomatic's recommended practices
INFO 	2016-03-03 14:39:25 	[trim_reads_trimmomatic] 	parse step log to extract generated metadata
INFO 	2016-03-03 14:39:25 	[trim_reads_trimmomatic] 	reads after trimming = 77886
INFO 	2016-03-03 14:39:25 	[trim_reads_trimmomatic] 	trimmed reads are in /users/GR/mb/jquilez/data/atacseq/samples/SRR1779694/fastqs_processed/trimmomatic/paired_end
INFO 	2016-03-03 14:39:25 	[trim_reads_trimmomatic] 	unpaired reads are deleted
TIME 	2016-03-03 14:39:25 	[trim_reads_trimmomatic] 	step time for completion (seconds) = 4

INFO 	2016-03-03 14:39:25 	[align_bwa] 	align single-end reads with BWA
INFO 	2016-03-03 14:39:25 	[align_bwa] 	alignments are converted to BAM, sorted by genomic coordinates and multi-mappings filtered out
[M::mem_pestat] analyzing insert size distribution for orientation FF...
[M::mem_pestat] (25, 50, 75) percentile: (78, 141, 198)
[M::mem_pestat] low and high boundaries for computing mean and std.dev: (1, 438)
[M::mem_pestat] mean and std.dev: (145.34, 94.26)
[M::mem_pestat] low and high boundaries for proper pairs: (1, 558)
[M::mem_pestat] analyzing insert size distribution for orientation FR...
[M::mem_pestat] (25, 50, 75) percentile: (98, 175, 286)
[M::mem_pestat] low and high boundaries for computing mean and std.dev: (1, 662)
[M::mem_pestat] mean and std.dev: (205.21, 136.83)
[M::mem_pestat] low and high boundaries for proper pairs: (1, 850)
[M::mem_pestat] skip orientation RF as there are not enough pairs
[M::mem_pestat] analyzing insert size distribution for orientation RR...
[M::mem_pestat] (25, 50, 75) percentile: (73, 109, 186)
[M::mem_pestat] low and high boundaries for computing mean and std.dev: (1, 412)
[M::mem_pestat] mean and std.dev: (126.33, 81.70)
[M::mem_pestat] low and high boundaries for proper pairs: (1, 525)
[M::mem_pestat] skip orientation FF
[M::mem_pestat] skip orientation RR
[main] Version: 0.7.12-r1039
[main] CMD: /software/mb/el6.3/bwa/bwa-0.7.12/bwa mem -t 8 -M -R @RG\tID:'SRR1779694'\tLB:'SRR1779694'\tPL:illumina\tPU:'SRR1779694'\tSM:'SRR1779694' -v 0 /users/GR/mb/jquilez/assemblies/homo_sapiens/hg19/ucsc/hg19.fa /users/GR/mb/jquilez/data/atacseq/samples/SRR1779694/fastqs_processed/trimmomatic/paired_end/SRR1779694_read1.fastq.gz /users/GR/mb/jquilez/data/atacseq/samples/SRR1779694/fastqs_processed/trimmomatic/paired_end/SRR1779694_read2.fastq.gz
[main] Real time: 111.434 sec; CPU: 50.279 sec
INFO 	2016-03-03 14:41:19 	[align_bwa] 	reads aligned = 155772
INFO 	2016-03-03 14:41:19 	[align_bwa] 	reads unique = 108044
TIME 	2016-03-03 14:41:20 	[align_bwa] 	step time for completion (seconds) = 115

INFO 	2016-03-03 14:41:20 	[make_tag_directory] 	converting BAM to BED --required for making tag directory
INFO 	2016-03-03 14:41:20 	[make_tag_directory] 	make tag directory with HOMER
INFO 	2016-03-03 14:43:12 	[make_tag_directory] 	parse step log to extract generated metadata
INFO 	2016-03-03 14:43:12 	[make_tag_directory] 	estimated genome size = 3031491604
INFO 	2016-03-03 14:43:12 	[make_tag_directory] 	estimated average read density per bp = 0.000036
INFO 	2016-03-03 14:43:12 	[make_tag_directory] 	total tags = 108044.0
INFO 	2016-03-03 14:43:12 	[make_tag_directory] 	total_positions = 87828
INFO 	2016-03-03 14:43:12 	[make_tag_directory] 	avg. tag length = 47.3
INFO 	2016-03-03 14:43:12 	[make_tag_directory] 	median tags per position = 1
INFO 	2016-03-03 14:43:12 	[make_tag_directory] 	avg. tags per position = 1.230
INFO 	2016-03-03 14:43:12 	[make_tag_directory] 	fragment length estimate = 57
INFO 	2016-03-03 14:43:12 	[make_tag_directory] 	peak width estimate = 389
INFO 	2016-03-03 14:43:12 	[make_tag_directory] 	autocorrelation: same strand fold enrichment = 4.5
INFO 	2016-03-03 14:43:12 	[make_tag_directory] 	autocorrelation: diff strand fold enrichment = 4.2
INFO 	2016-03-03 14:43:12 	[make_tag_directory] 	autocorrelation: same-to-diff strand fold enrichment = 0.8
INFO 	2016-03-03 14:43:12 	[make_tag_directory] 	avg. fragment GC% = 43.07
INFO 	2016-03-03 14:43:12 	[make_tag_directory] 	avg. expected GC% = 39.88
TIME 	2016-03-03 14:43:12 	[make_tag_directory] 	step time for completion (seconds) = 112

INFO 	2016-03-03 14:43:12 	[make_bigbed] 	make BigBed file
TIME 	2016-03-03 14:43:12 	[make_bigbed] 	step time for completion (seconds) = 0

INFO 	2016-03-03 14:43:12 	[calculate_rpms] 	generate reads pe million profile (RPM) fragment profile
INFO 	2016-03-03 14:43:12 	[calculate_rpms] 	get fragment length estimate (l) as calculated in the 'make_tag_directory' step
INFO 	2016-03-03 14:43:12 	[calculate_rpms] 	fragment length estimate = 57
INFO 	2016-03-03 14:43:12 	[calculate_rpms] 	fragment length correction = 57
INFO 	2016-03-03 14:43:12 	[calculate_rpms] 	the correction will be used if the estimate is not reliable
TIME 	2016-03-03 14:54:15 	[calculate_rpms] 	step time for completion (seconds) = 663

INFO 	2016-03-03 14:54:15 	[call_peaks] 	Get fragment length estimate (l) as calculated in the 'make_tag_directory' step
INFO 	2016-03-03 14:54:15 	[call_peaks] 	Fragment length (l) is 57 bp (note this is not used if peak caller is zerone)
INFO 	2016-03-03 14:54:15 	[call_peaks] 	Peak calling with MACS2
INFO 	2016-03-03 14:54:15 	[call_peaks] 	genome size for homo_sapiens will be used
INFO 	2016-03-03 14:54:15 	[call_peaks] 	q-value cutoff =  (default is 0.01)
INFO 	2016-03-03 14:54:15 	[call_peaks] 	--nomodel (MACS2 will not try to model peak length but use l = 57 instead
INFO 	2016-03-03 14:54:15 	[call_peaks] 	--call-summits = MACS reanalyzes the shape of signal profile to deconvolve subpeaks within each peak called
INFO 	2016-03-03 14:54:15 	[call_peaks] 	peak calling with the sample alone (i.e. no input)
INFO 	2016-03-03 14:54:16 	[call_peaks] 	peaks = 0

