Error in atexit._run_exitfuncs:
Traceback (most recent call last):
  File "/usr/lib64/python2.6/atexit.py", line 24, in _run_exitfuncs
    func(*targs, **kargs)
  File "/usr/lib64/python2.6/logging/__init__.py", line 1525, in shutdown
    h.close()
  File "/usr/lib64/python2.6/logging/__init__.py", line 844, in close
    self.stream.close()
IOError: [Errno 116] Stale file handle
Error in sys.exitfunc:
Traceback (most recent call last):
  File "/usr/lib64/python2.6/atexit.py", line 24, in _run_exitfuncs
    func(*targs, **kargs)
  File "/usr/lib64/python2.6/logging/__init__.py", line 1525, in shutdown
    h.close()
  File "/usr/lib64/python2.6/logging/__init__.py", line 844, in close
    self.stream.close()
IOError: [Errno 116] Stale file handle

INFO 	2016-03-03 14:39:22 	[trim_reads_trimmomatic] 	sequencing type = PE
INFO 	2016-03-03 14:39:22 	[trim_reads_trimmomatic] 	trimming adapter sequences for HiSeq, NextSeq or HiSeq
INFO 	2016-03-03 14:39:22 	[trim_reads_trimmomatic] 	trimming low-quality reads ends using trimmomatic's recommended practices
INFO 	2016-03-03 14:39:24 	[trim_reads_trimmomatic] 	parse step log to extract generated metadata
INFO 	2016-03-03 14:39:24 	[trim_reads_trimmomatic] 	reads after trimming = 81077
INFO 	2016-03-03 14:39:24 	[trim_reads_trimmomatic] 	trimmed reads are in /users/GR/mb/jquilez/data/atacseq/samples/SRR1779773/fastqs_processed/trimmomatic/paired_end
INFO 	2016-03-03 14:39:24 	[trim_reads_trimmomatic] 	unpaired reads are deleted
TIME 	2016-03-03 14:39:25 	[trim_reads_trimmomatic] 	step time for completion (seconds) = 4

INFO 	2016-03-03 14:39:25 	[align_bwa] 	align single-end reads with BWA
INFO 	2016-03-03 14:39:25 	[align_bwa] 	alignments are converted to BAM, sorted by genomic coordinates and multi-mappings filtered out
[M::mem_pestat] skip orientation FF as there are not enough pairs
[M::mem_pestat] analyzing insert size distribution for orientation FR...
[M::mem_pestat] (25, 50, 75) percentile: (47, 75, 194)
[M::mem_pestat] low and high boundaries for computing mean and std.dev: (1, 488)
[M::mem_pestat] mean and std.dev: (118.12, 96.85)
[M::mem_pestat] low and high boundaries for proper pairs: (1, 635)
[M::mem_pestat] skip orientation RF as there are not enough pairs
[M::mem_pestat] skip orientation RR as there are not enough pairs
[main] Version: 0.7.12-r1039
[main] CMD: /software/mb/el6.3/bwa/bwa-0.7.12/bwa mem -t 8 -M -R @RG\tID:'SRR1779773'\tLB:'SRR1779773'\tPL:illumina\tPU:'SRR1779773'\tSM:'SRR1779773' -v 0 /users/GR/mb/jquilez/assemblies/homo_sapiens/hg19/ucsc/hg19.fa /users/GR/mb/jquilez/data/atacseq/samples/SRR1779773/fastqs_processed/trimmomatic/paired_end/SRR1779773_read1.fastq.gz /users/GR/mb/jquilez/data/atacseq/samples/SRR1779773/fastqs_processed/trimmomatic/paired_end/SRR1779773_read2.fastq.gz
[main] Real time: 105.742 sec; CPU: 17.414 sec
INFO 	2016-03-03 14:41:12 	[align_bwa] 	reads aligned = 162154
INFO 	2016-03-03 14:41:12 	[align_bwa] 	reads unique = 2588
TIME 	2016-03-03 14:41:12 	[align_bwa] 	step time for completion (seconds) = 107

INFO 	2016-03-03 14:41:12 	[make_tag_directory] 	converting BAM to BED --required for making tag directory
INFO 	2016-03-03 14:41:12 	[make_tag_directory] 	make tag directory with HOMER
INFO 	2016-03-03 14:42:46 	[make_tag_directory] 	parse step log to extract generated metadata
INFO 	2016-03-03 14:42:46 	[make_tag_directory] 	estimated genome size = 2994651194
INFO 	2016-03-03 14:42:46 	[make_tag_directory] 	estimated average read density per bp = 0.000001
INFO 	2016-03-03 14:42:46 	[make_tag_directory] 	total tags = 2588.0
INFO 	2016-03-03 14:42:46 	[make_tag_directory] 	total_positions = 2192
INFO 	2016-03-03 14:42:46 	[make_tag_directory] 	avg. tag length = 34.1
INFO 	2016-03-03 14:42:46 	[make_tag_directory] 	median tags per position = 1
INFO 	2016-03-03 14:42:46 	[make_tag_directory] 	avg. tags per position = 1.181
INFO 	2016-03-03 14:42:46 	[make_tag_directory] 	fragment length estimate = 42
INFO 	2016-03-03 14:42:46 	[make_tag_directory] 	peak width estimate = 114
INFO 	2016-03-03 14:42:46 	[make_tag_directory] 	autocorrelation: same strand fold enrichment = 1.8
INFO 	2016-03-03 14:42:46 	[make_tag_directory] 	autocorrelation: diff strand fold enrichment = 3.9
INFO 	2016-03-03 14:42:46 	[make_tag_directory] 	autocorrelation: same-to-diff strand fold enrichment = 0.5
INFO 	2016-03-03 14:42:46 	[make_tag_directory] 	avg. fragment GC% = 51.31
INFO 	2016-03-03 14:42:46 	[make_tag_directory] 	avg. expected GC% = 39.51
TIME 	2016-03-03 14:42:46 	[make_tag_directory] 	step time for completion (seconds) = 94

INFO 	2016-03-03 14:42:46 	[make_bigbed] 	make BigBed file
TIME 	2016-03-03 14:42:46 	[make_bigbed] 	step time for completion (seconds) = 0

INFO 	2016-03-03 14:42:46 	[calculate_rpms] 	generate reads pe million profile (RPM) fragment profile
INFO 	2016-03-03 14:42:46 	[calculate_rpms] 	get fragment length estimate (l) as calculated in the 'make_tag_directory' step
INFO 	2016-03-03 14:42:46 	[calculate_rpms] 	fragment length estimate = 42
INFO 	2016-03-03 14:42:46 	[calculate_rpms] 	fragment length correction = 42
INFO 	2016-03-03 14:42:46 	[calculate_rpms] 	the correction will be used if the estimate is not reliable
TIME 	2016-03-03 14:53:25 	[calculate_rpms] 	step time for completion (seconds) = 639

INFO 	2016-03-03 14:53:25 	[call_peaks] 	Get fragment length estimate (l) as calculated in the 'make_tag_directory' step
INFO 	2016-03-03 14:53:25 	[call_peaks] 	Fragment length (l) is 42 bp (note this is not used if peak caller is zerone)
INFO 	2016-03-03 14:53:25 	[call_peaks] 	Peak calling with MACS2
INFO 	2016-03-03 14:53:25 	[call_peaks] 	genome size for homo_sapiens will be used
INFO 	2016-03-03 14:53:25 	[call_peaks] 	q-value cutoff =  (default is 0.01)
INFO 	2016-03-03 14:53:25 	[call_peaks] 	--nomodel (MACS2 will not try to model peak length but use l = 42 instead
INFO 	2016-03-03 14:53:25 	[call_peaks] 	--call-summits = MACS reanalyzes the shape of signal profile to deconvolve subpeaks within each peak called
INFO 	2016-03-03 14:53:25 	[call_peaks] 	peak calling with the sample alone (i.e. no input)
INFO 	2016-03-03 14:53:26 	[call_peaks] 	peaks = 0

