Error in atexit._run_exitfuncs:
Traceback (most recent call last):
  File "/usr/lib64/python2.6/atexit.py", line 24, in _run_exitfuncs
    func(*targs, **kargs)
  File "/usr/lib64/python2.6/logging/__init__.py", line 1525, in shutdown
    h.close()
  File "/usr/lib64/python2.6/logging/__init__.py", line 844, in close
    self.stream.close()
IOError: [Errno 116] Stale file handle
Error in sys.exitfunc:
Traceback (most recent call last):
  File "/usr/lib64/python2.6/atexit.py", line 24, in _run_exitfuncs
    func(*targs, **kargs)
  File "/usr/lib64/python2.6/logging/__init__.py", line 1525, in shutdown
    h.close()
  File "/usr/lib64/python2.6/logging/__init__.py", line 844, in close
    self.stream.close()
IOError: [Errno 116] Stale file handle
Error in atexit._run_exitfuncs:
Traceback (most recent call last):
  File "/usr/lib64/python2.6/atexit.py", line 24, in _run_exitfuncs
    func(*targs, **kargs)
  File "/usr/lib64/python2.6/logging/__init__.py", line 1525, in shutdown
    h.close()
  File "/usr/lib64/python2.6/logging/__init__.py", line 844, in close
    self.stream.close()
IOError: [Errno 116] Stale file handle
Error in sys.exitfunc:
Traceback (most recent call last):
  File "/usr/lib64/python2.6/atexit.py", line 24, in _run_exitfuncs
    func(*targs, **kargs)
  File "/usr/lib64/python2.6/logging/__init__.py", line 1525, in shutdown
    h.close()
  File "/usr/lib64/python2.6/logging/__init__.py", line 844, in close
    self.stream.close()
IOError: [Errno 116] Stale file handle

INFO 	2016-03-03 14:39:21 	[trim_reads_trimmomatic] 	sequencing type = PE
INFO 	2016-03-03 14:39:21 	[trim_reads_trimmomatic] 	trimming adapter sequences for HiSeq, NextSeq or HiSeq
INFO 	2016-03-03 14:39:21 	[trim_reads_trimmomatic] 	trimming low-quality reads ends using trimmomatic's recommended practices
INFO 	2016-03-03 14:39:26 	[trim_reads_trimmomatic] 	parse step log to extract generated metadata
INFO 	2016-03-03 14:39:26 	[trim_reads_trimmomatic] 	reads after trimming = 169078
INFO 	2016-03-03 14:39:26 	[trim_reads_trimmomatic] 	trimmed reads are in /users/GR/mb/jquilez/data/atacseq/samples/SRR1779771/fastqs_processed/trimmomatic/paired_end
INFO 	2016-03-03 14:39:26 	[trim_reads_trimmomatic] 	unpaired reads are deleted
TIME 	2016-03-03 14:39:26 	[trim_reads_trimmomatic] 	step time for completion (seconds) = 5

INFO 	2016-03-03 14:39:26 	[align_bwa] 	align single-end reads with BWA
INFO 	2016-03-03 14:39:26 	[align_bwa] 	alignments are converted to BAM, sorted by genomic coordinates and multi-mappings filtered out
[M::mem_pestat] analyzing insert size distribution for orientation FF...
[M::mem_pestat] (25, 50, 75) percentile: (41, 103, 286)
[M::mem_pestat] low and high boundaries for computing mean and std.dev: (1, 776)
[M::mem_pestat] mean and std.dev: (157.38, 138.35)
[M::mem_pestat] low and high boundaries for proper pairs: (1, 1021)
[M::mem_pestat] analyzing insert size distribution for orientation FR...
[M::mem_pestat] (25, 50, 75) percentile: (55, 87, 169)
[M::mem_pestat] low and high boundaries for computing mean and std.dev: (1, 397)
[M::mem_pestat] mean and std.dev: (112.92, 78.96)
[M::mem_pestat] low and high boundaries for proper pairs: (1, 511)
[M::mem_pestat] skip orientation RF as there are not enough pairs
[M::mem_pestat] analyzing insert size distribution for orientation RR...
[M::mem_pestat] (25, 50, 75) percentile: (75, 94, 129)
[M::mem_pestat] low and high boundaries for computing mean and std.dev: (1, 237)
[M::mem_pestat] mean and std.dev: (86.03, 35.69)
[M::mem_pestat] low and high boundaries for proper pairs: (1, 291)
[M::mem_pestat] skip orientation FF
[M::mem_pestat] skip orientation RR
[main] Version: 0.7.12-r1039
[main] CMD: /software/mb/el6.3/bwa/bwa-0.7.12/bwa mem -t 8 -M -R @RG\tID:'SRR1779771'\tLB:'SRR1779771'\tPL:illumina\tPU:'SRR1779771'\tSM:'SRR1779771' -v 0 /users/GR/mb/jquilez/assemblies/homo_sapiens/hg19/ucsc/hg19.fa /users/GR/mb/jquilez/data/atacseq/samples/SRR1779771/fastqs_processed/trimmomatic/paired_end/SRR1779771_read1.fastq.gz /users/GR/mb/jquilez/data/atacseq/samples/SRR1779771/fastqs_processed/trimmomatic/paired_end/SRR1779771_read2.fastq.gz
[main] Real time: 75.637 sec; CPU: 45.986 sec
INFO 	2016-03-03 14:40:47 	[align_bwa] 	reads aligned = 338156
INFO 	2016-03-03 14:40:47 	[align_bwa] 	reads unique = 177074
TIME 	2016-03-03 14:40:47 	[align_bwa] 	step time for completion (seconds) = 81

INFO 	2016-03-03 14:40:47 	[make_tag_directory] 	converting BAM to BED --required for making tag directory
INFO 	2016-03-03 14:40:47 	[make_tag_directory] 	make tag directory with HOMER
INFO 	2016-03-03 14:42:15 	[make_tag_directory] 	parse step log to extract generated metadata
INFO 	2016-03-03 14:42:16 	[make_tag_directory] 	estimated genome size = 3025607403
INFO 	2016-03-03 14:42:16 	[make_tag_directory] 	estimated average read density per bp = 0.000059
INFO 	2016-03-03 14:42:16 	[make_tag_directory] 	total tags = 177074.0
INFO 	2016-03-03 14:42:16 	[make_tag_directory] 	total_positions = 66881
INFO 	2016-03-03 14:42:16 	[make_tag_directory] 	avg. tag length = 45.4
INFO 	2016-03-03 14:42:16 	[make_tag_directory] 	median tags per position = 1
INFO 	2016-03-03 14:42:16 	[make_tag_directory] 	avg. tags per position = 2.648
INFO 	2016-03-03 14:42:16 	[make_tag_directory] 	fragment length estimate = 87
INFO 	2016-03-03 14:42:16 	[make_tag_directory] 	peak width estimate = 50
INFO 	2016-03-03 14:42:16 	[make_tag_directory] 	autocorrelation: same strand fold enrichment = 1.4
INFO 	2016-03-03 14:42:16 	[make_tag_directory] 	autocorrelation: diff strand fold enrichment = 1.4
INFO 	2016-03-03 14:42:16 	[make_tag_directory] 	autocorrelation: same-to-diff strand fold enrichment = 1.0
INFO 	2016-03-03 14:42:16 	[make_tag_directory] 	avg. fragment GC% = 43.75
INFO 	2016-03-03 14:42:16 	[make_tag_directory] 	avg. expected GC% = 40.23
TIME 	2016-03-03 14:42:16 	[make_tag_directory] 	step time for completion (seconds) = 89

INFO 	2016-03-03 14:42:16 	[make_bigbed] 	make BigBed file
TIME 	2016-03-03 14:42:16 	[make_bigbed] 	step time for completion (seconds) = 0

INFO 	2016-03-03 14:42:16 	[calculate_rpms] 	generate reads pe million profile (RPM) fragment profile
INFO 	2016-03-03 14:42:16 	[calculate_rpms] 	get fragment length estimate (l) as calculated in the 'make_tag_directory' step
INFO 	2016-03-03 14:42:16 	[calculate_rpms] 	fragment length estimate = 87
INFO 	2016-03-03 14:42:16 	[calculate_rpms] 	fragment length correction = 87
INFO 	2016-03-03 14:42:16 	[calculate_rpms] 	the correction will be used if the estimate is not reliable
TIME 	2016-03-03 14:52:58 	[calculate_rpms] 	step time for completion (seconds) = 642

INFO 	2016-03-03 14:52:58 	[call_peaks] 	Get fragment length estimate (l) as calculated in the 'make_tag_directory' step
INFO 	2016-03-03 14:52:58 	[call_peaks] 	Fragment length (l) is 87 bp (note this is not used if peak caller is zerone)
INFO 	2016-03-03 14:52:58 	[call_peaks] 	Peak calling with MACS2
INFO 	2016-03-03 14:52:58 	[call_peaks] 	genome size for homo_sapiens will be used
INFO 	2016-03-03 14:52:58 	[call_peaks] 	q-value cutoff =  (default is 0.01)
INFO 	2016-03-03 14:52:58 	[call_peaks] 	--nomodel (MACS2 will not try to model peak length but use l = 87 instead
INFO 	2016-03-03 14:52:58 	[call_peaks] 	--call-summits = MACS reanalyzes the shape of signal profile to deconvolve subpeaks within each peak called
INFO 	2016-03-03 14:52:58 	[call_peaks] 	peak calling with the sample alone (i.e. no input)
INFO 	2016-03-03 14:52:59 	[call_peaks] 	peaks = 119

